#! /c/Source/iverilog-install/bin/vvp
:ivl_version "12.0 (devel)" "(s20150603-1539-g2693dd32b)";
:ivl_delay_selection "TYPICAL";
:vpi_time_precision + 0;
:vpi_module "C:\iverilog\lib\ivl\system.vpi";
:vpi_module "C:\iverilog\lib\ivl\vhdl_sys.vpi";
:vpi_module "C:\iverilog\lib\ivl\vhdl_textio.vpi";
:vpi_module "C:\iverilog\lib\ivl\v2005_math.vpi";
:vpi_module "C:\iverilog\lib\ivl\va_math.vpi";
S_000002db42d643f0 .scope module, "CONTROL_UNIT" "CONTROL_UNIT" 2 1;
 .timescale 0 0;
    .port_info 0 /OUTPUT 23 "id_signal";
    .port_info 1 /INPUT 32 "instruction";
v000002db42e27710_0 .var "ID_ALU_op", 3 0;
v000002db42e26bd0_0 .var "ID_AUIPC", 0 0;
v000002db42e26c70_0 .var "ID_E", 0 0;
v000002db42e26d10_0 .var "ID_JAL", 0 0;
v000002db42e26db0_0 .var "ID_JALR", 0 0;
v000002db42e26e50_0 .var "ID_RF_enable", 0 0;
v000002db42e26ef0_0 .var "ID_RW", 0 0;
v000002db42e26f90_0 .var "ID_S0", 0 0;
v000002db42df1010_0 .var "ID_S1", 0 0;
v000002db42df10b0_0 .var "ID_S2", 0 0;
v000002db42df1150_0 .var "ID_SE", 0 0;
v000002db42df11f0_0 .var "ID_Size", 1 0;
v000002db42df1290_0 .var "ID_branchType", 2 0;
v000002db42df1330_0 .var "ID_dataMemAddressInput", 0 0;
v000002db42df20a0_0 .var "ID_load_instr", 0 0;
v000002db42df2140_0 .var "ID_source_registers", 1 0;
v000002db42df21e0_0 .var "id_signal", 22 0;
o000002db42d9df28 .functor BUFZ 32, C4<zzzzzzzzzzzzzzzzzzzzzzzzzzzzzzzz>; HiZ drive
v000002db42df1b00_0 .net "instruction", 31 0, o000002db42d9df28;  0 drivers
E_000002db42d61a80 .event anyedge, v000002db42df1b00_0;
    .scope S_000002db42d643f0;
T_0 ;
    %wait E_000002db42d61a80;
    %pushi/vec4 0, 0, 2;
    %store/vec4 v000002db42df2140_0, 0, 2;
    %pushi/vec4 0, 0, 4;
    %store/vec4 v000002db42e27710_0, 0, 4;
    %pushi/vec4 0, 0, 1;
    %store/vec4 v000002db42df20a0_0, 0, 1;
    %pushi/vec4 0, 0, 1;
    %store/vec4 v000002db42e26e50_0, 0, 1;
    %pushi/vec4 0, 0, 1;
    %store/vec4 v000002db42df10b0_0, 0, 1;
    %pushi/vec4 0, 0, 1;
    %store/vec4 v000002db42df1010_0, 0, 1;
    %pushi/vec4 0, 0, 1;
    %store/vec4 v000002db42e26f90_0, 0, 1;
    %pushi/vec4 0, 0, 3;
    %store/vec4 v000002db42df1290_0, 0, 3;
    %pushi/vec4 0, 0, 2;
    %store/vec4 v000002db42df11f0_0, 0, 2;
    %pushi/vec4 0, 0, 1;
    %store/vec4 v000002db42e26c70_0, 0, 1;
    %pushi/vec4 0, 0, 1;
    %store/vec4 v000002db42df1150_0, 0, 1;
    %pushi/vec4 0, 0, 1;
    %store/vec4 v000002db42e26ef0_0, 0, 1;
    %pushi/vec4 0, 0, 1;
    %store/vec4 v000002db42df1330_0, 0, 1;
    %pushi/vec4 0, 0, 1;
    %store/vec4 v000002db42e26bd0_0, 0, 1;
    %pushi/vec4 0, 0, 1;
    %store/vec4 v000002db42e26db0_0, 0, 1;
    %pushi/vec4 0, 0, 1;
    %store/vec4 v000002db42e26d10_0, 0, 1;
    %load/vec4 v000002db42df1b00_0;
    %parti/s 7, 0, 2;
    %dup/vec4;
    %pushi/vec4 19, 0, 7;
    %cmp/u;
    %jmp/1 T_0.0, 6;
    %dup/vec4;
    %pushi/vec4 55, 0, 7;
    %cmp/u;
    %jmp/1 T_0.1, 6;
    %dup/vec4;
    %pushi/vec4 23, 0, 7;
    %cmp/u;
    %jmp/1 T_0.2, 6;
    %dup/vec4;
    %pushi/vec4 51, 0, 7;
    %cmp/u;
    %jmp/1 T_0.3, 6;
    %dup/vec4;
    %pushi/vec4 3, 0, 7;
    %cmp/u;
    %jmp/1 T_0.4, 6;
    %dup/vec4;
    %pushi/vec4 35, 0, 7;
    %cmp/u;
    %jmp/1 T_0.5, 6;
    %dup/vec4;
    %pushi/vec4 99, 0, 7;
    %cmp/u;
    %jmp/1 T_0.6, 6;
    %dup/vec4;
    %pushi/vec4 111, 0, 7;
    %cmp/u;
    %jmp/1 T_0.7, 6;
    %dup/vec4;
    %pushi/vec4 103, 0, 7;
    %cmp/u;
    %jmp/1 T_0.8, 6;
    %jmp T_0.9;
T_0.0 ;
    %load/vec4 v000002db42df1b00_0;
    %parti/s 3, 12, 5;
    %cmpi/e 0, 0, 3;
    %jmp/0xz  T_0.10, 4;
    %pushi/vec4 0, 0, 1;
    %store/vec4 v000002db42df20a0_0, 0, 1;
    %pushi/vec4 2, 0, 4;
    %store/vec4 v000002db42e27710_0, 0, 4;
    %pushi/vec4 1, 0, 1;
    %store/vec4 v000002db42e26e50_0, 0, 1;
    %pushi/vec4 0, 0, 1;
    %store/vec4 v000002db42df10b0_0, 0, 1;
    %pushi/vec4 0, 0, 1;
    %store/vec4 v000002db42df1010_0, 0, 1;
    %pushi/vec4 1, 0, 1;
    %store/vec4 v000002db42e26f90_0, 0, 1;
    %pushi/vec4 1, 0, 2;
    %store/vec4 v000002db42df2140_0, 0, 2;
    %jmp T_0.11;
T_0.10 ;
    %load/vec4 v000002db42df1b00_0;
    %parti/s 3, 12, 5;
    %cmpi/e 2, 0, 3;
    %jmp/0xz  T_0.12, 4;
    %pushi/vec4 0, 0, 1;
    %store/vec4 v000002db42df20a0_0, 0, 1;
    %pushi/vec4 8, 0, 4;
    %store/vec4 v000002db42e27710_0, 0, 4;
    %pushi/vec4 1, 0, 1;
    %store/vec4 v000002db42e26e50_0, 0, 1;
    %pushi/vec4 0, 0, 1;
    %store/vec4 v000002db42df10b0_0, 0, 1;
    %pushi/vec4 0, 0, 1;
    %store/vec4 v000002db42df1010_0, 0, 1;
    %pushi/vec4 1, 0, 1;
    %store/vec4 v000002db42e26f90_0, 0, 1;
    %pushi/vec4 1, 0, 2;
    %store/vec4 v000002db42df2140_0, 0, 2;
    %jmp T_0.13;
T_0.12 ;
    %load/vec4 v000002db42df1b00_0;
    %parti/s 3, 12, 5;
    %cmpi/e 3, 0, 3;
    %jmp/0xz  T_0.14, 4;
    %pushi/vec4 0, 0, 1;
    %store/vec4 v000002db42df20a0_0, 0, 1;
    %pushi/vec4 9, 0, 4;
    %store/vec4 v000002db42e27710_0, 0, 4;
    %pushi/vec4 1, 0, 1;
    %store/vec4 v000002db42e26e50_0, 0, 1;
    %pushi/vec4 0, 0, 1;
    %store/vec4 v000002db42df10b0_0, 0, 1;
    %pushi/vec4 0, 0, 1;
    %store/vec4 v000002db42df1010_0, 0, 1;
    %pushi/vec4 1, 0, 1;
    %store/vec4 v000002db42e26f90_0, 0, 1;
    %pushi/vec4 1, 0, 2;
    %store/vec4 v000002db42df2140_0, 0, 2;
    %jmp T_0.15;
T_0.14 ;
    %load/vec4 v000002db42df1b00_0;
    %parti/s 3, 12, 5;
    %cmpi/e 7, 0, 3;
    %jmp/0xz  T_0.16, 4;
    %pushi/vec4 0, 0, 1;
    %store/vec4 v000002db42df20a0_0, 0, 1;
    %pushi/vec4 10, 0, 4;
    %store/vec4 v000002db42e27710_0, 0, 4;
    %pushi/vec4 1, 0, 1;
    %store/vec4 v000002db42e26e50_0, 0, 1;
    %pushi/vec4 0, 0, 1;
    %store/vec4 v000002db42df10b0_0, 0, 1;
    %pushi/vec4 0, 0, 1;
    %store/vec4 v000002db42df1010_0, 0, 1;
    %pushi/vec4 1, 0, 1;
    %store/vec4 v000002db42e26f90_0, 0, 1;
    %pushi/vec4 1, 0, 2;
    %store/vec4 v000002db42df2140_0, 0, 2;
    %jmp T_0.17;
T_0.16 ;
    %load/vec4 v000002db42df1b00_0;
    %parti/s 3, 12, 5;
    %cmpi/e 6, 0, 3;
    %jmp/0xz  T_0.18, 4;
    %pushi/vec4 0, 0, 1;
    %store/vec4 v000002db42df20a0_0, 0, 1;
    %pushi/vec4 11, 0, 4;
    %store/vec4 v000002db42e27710_0, 0, 4;
    %pushi/vec4 1, 0, 1;
    %store/vec4 v000002db42e26e50_0, 0, 1;
    %pushi/vec4 0, 0, 1;
    %store/vec4 v000002db42df10b0_0, 0, 1;
    %pushi/vec4 0, 0, 1;
    %store/vec4 v000002db42df1010_0, 0, 1;
    %pushi/vec4 1, 0, 1;
    %store/vec4 v000002db42e26f90_0, 0, 1;
    %pushi/vec4 1, 0, 2;
    %store/vec4 v000002db42df2140_0, 0, 2;
    %jmp T_0.19;
T_0.18 ;
    %load/vec4 v000002db42df1b00_0;
    %parti/s 3, 12, 5;
    %cmpi/e 4, 0, 3;
    %jmp/0xz  T_0.20, 4;
    %pushi/vec4 0, 0, 1;
    %store/vec4 v000002db42df20a0_0, 0, 1;
    %pushi/vec4 12, 0, 4;
    %store/vec4 v000002db42e27710_0, 0, 4;
    %pushi/vec4 1, 0, 1;
    %store/vec4 v000002db42e26e50_0, 0, 1;
    %pushi/vec4 0, 0, 1;
    %store/vec4 v000002db42df10b0_0, 0, 1;
    %pushi/vec4 0, 0, 1;
    %store/vec4 v000002db42df1010_0, 0, 1;
    %pushi/vec4 1, 0, 1;
    %store/vec4 v000002db42e26f90_0, 0, 1;
    %pushi/vec4 1, 0, 2;
    %store/vec4 v000002db42df2140_0, 0, 2;
    %jmp T_0.21;
T_0.20 ;
    %load/vec4 v000002db42df1b00_0;
    %parti/s 3, 12, 5;
    %cmpi/e 4, 0, 3;
    %jmp/0xz  T_0.22, 4;
    %pushi/vec4 0, 0, 1;
    %store/vec4 v000002db42df20a0_0, 0, 1;
    %pushi/vec4 5, 0, 4;
    %store/vec4 v000002db42e27710_0, 0, 4;
    %pushi/vec4 1, 0, 1;
    %store/vec4 v000002db42e26e50_0, 0, 1;
    %pushi/vec4 0, 0, 1;
    %store/vec4 v000002db42df10b0_0, 0, 1;
    %pushi/vec4 0, 0, 1;
    %store/vec4 v000002db42df1010_0, 0, 1;
    %pushi/vec4 1, 0, 1;
    %store/vec4 v000002db42e26f90_0, 0, 1;
    %pushi/vec4 1, 0, 2;
    %store/vec4 v000002db42df2140_0, 0, 2;
    %jmp T_0.23;
T_0.22 ;
    %load/vec4 v000002db42df1b00_0;
    %parti/s 3, 12, 5;
    %cmpi/e 5, 0, 3;
    %flag_get/vec4 4;
    %jmp/0 T_0.26, 4;
    %load/vec4 v000002db42df1b00_0;
    %parti/s 7, 25, 6;
    %pushi/vec4 0, 0, 7;
    %cmp/e;
    %flag_get/vec4 4;
    %and;
T_0.26;
    %flag_set/vec4 8;
    %jmp/0xz  T_0.24, 8;
    %pushi/vec4 0, 0, 1;
    %store/vec4 v000002db42df20a0_0, 0, 1;
    %pushi/vec4 6, 0, 4;
    %store/vec4 v000002db42e27710_0, 0, 4;
    %pushi/vec4 1, 0, 1;
    %store/vec4 v000002db42e26e50_0, 0, 1;
    %pushi/vec4 0, 0, 1;
    %store/vec4 v000002db42df10b0_0, 0, 1;
    %pushi/vec4 0, 0, 1;
    %store/vec4 v000002db42df1010_0, 0, 1;
    %pushi/vec4 1, 0, 1;
    %store/vec4 v000002db42e26f90_0, 0, 1;
    %pushi/vec4 1, 0, 2;
    %store/vec4 v000002db42df2140_0, 0, 2;
    %jmp T_0.25;
T_0.24 ;
    %load/vec4 v000002db42df1b00_0;
    %parti/s 3, 12, 5;
    %cmpi/e 5, 0, 3;
    %flag_get/vec4 4;
    %jmp/0 T_0.29, 4;
    %load/vec4 v000002db42df1b00_0;
    %parti/s 7, 25, 6;
    %pushi/vec4 32, 0, 7;
    %cmp/e;
    %flag_get/vec4 4;
    %and;
T_0.29;
    %flag_set/vec4 8;
    %jmp/0xz  T_0.27, 8;
    %pushi/vec4 0, 0, 1;
    %store/vec4 v000002db42df20a0_0, 0, 1;
    %pushi/vec4 6, 0, 4;
    %store/vec4 v000002db42e27710_0, 0, 4;
    %pushi/vec4 1, 0, 1;
    %store/vec4 v000002db42e26e50_0, 0, 1;
    %pushi/vec4 0, 0, 1;
    %store/vec4 v000002db42df10b0_0, 0, 1;
    %pushi/vec4 0, 0, 1;
    %store/vec4 v000002db42df1010_0, 0, 1;
    %pushi/vec4 1, 0, 1;
    %store/vec4 v000002db42e26f90_0, 0, 1;
    %pushi/vec4 1, 0, 2;
    %store/vec4 v000002db42df2140_0, 0, 2;
T_0.27 ;
T_0.25 ;
T_0.23 ;
T_0.21 ;
T_0.19 ;
T_0.17 ;
T_0.15 ;
T_0.13 ;
T_0.11 ;
    %jmp T_0.9;
T_0.1 ;
    %pushi/vec4 0, 0, 1;
    %store/vec4 v000002db42df10b0_0, 0, 1;
    %pushi/vec4 1, 0, 1;
    %store/vec4 v000002db42df1010_0, 0, 1;
    %pushi/vec4 1, 0, 1;
    %store/vec4 v000002db42e26f90_0, 0, 1;
    %pushi/vec4 0, 0, 4;
    %store/vec4 v000002db42e27710_0, 0, 4;
    %pushi/vec4 1, 0, 1;
    %store/vec4 v000002db42e26e50_0, 0, 1;
    %pushi/vec4 0, 0, 2;
    %store/vec4 v000002db42df2140_0, 0, 2;
    %jmp T_0.9;
T_0.2 ;
    %pushi/vec4 0, 0, 1;
    %store/vec4 v000002db42df10b0_0, 0, 1;
    %pushi/vec4 1, 0, 1;
    %store/vec4 v000002db42df1010_0, 0, 1;
    %pushi/vec4 1, 0, 1;
    %store/vec4 v000002db42e26f90_0, 0, 1;
    %pushi/vec4 1, 0, 4;
    %store/vec4 v000002db42e27710_0, 0, 4;
    %pushi/vec4 1, 0, 1;
    %store/vec4 v000002db42e26e50_0, 0, 1;
    %pushi/vec4 0, 0, 2;
    %store/vec4 v000002db42df2140_0, 0, 2;
    %jmp T_0.9;
T_0.3 ;
    %load/vec4 v000002db42df1b00_0;
    %parti/s 3, 12, 5;
    %cmpi/e 0, 0, 3;
    %flag_get/vec4 4;
    %jmp/0 T_0.32, 4;
    %load/vec4 v000002db42df1b00_0;
    %parti/s 7, 25, 6;
    %pushi/vec4 0, 0, 7;
    %cmp/e;
    %flag_get/vec4 4;
    %and;
T_0.32;
    %flag_set/vec4 8;
    %jmp/0xz  T_0.30, 8;
    %pushi/vec4 0, 0, 1;
    %store/vec4 v000002db42df20a0_0, 0, 1;
    %pushi/vec4 2, 0, 4;
    %store/vec4 v000002db42e27710_0, 0, 4;
    %pushi/vec4 1, 0, 1;
    %store/vec4 v000002db42e26e50_0, 0, 1;
    %pushi/vec4 0, 0, 1;
    %store/vec4 v000002db42df10b0_0, 0, 1;
    %pushi/vec4 0, 0, 1;
    %store/vec4 v000002db42df1010_0, 0, 1;
    %pushi/vec4 0, 0, 1;
    %store/vec4 v000002db42e26f90_0, 0, 1;
    %pushi/vec4 2, 0, 2;
    %store/vec4 v000002db42df2140_0, 0, 2;
    %jmp T_0.31;
T_0.30 ;
    %load/vec4 v000002db42df1b00_0;
    %parti/s 3, 12, 5;
    %cmpi/e 0, 0, 3;
    %flag_get/vec4 4;
    %jmp/0 T_0.35, 4;
    %load/vec4 v000002db42df1b00_0;
    %parti/s 7, 25, 6;
    %pushi/vec4 32, 0, 7;
    %cmp/e;
    %flag_get/vec4 4;
    %and;
T_0.35;
    %flag_set/vec4 8;
    %jmp/0xz  T_0.33, 8;
    %pushi/vec4 0, 0, 1;
    %store/vec4 v000002db42df20a0_0, 0, 1;
    %pushi/vec4 3, 0, 4;
    %store/vec4 v000002db42e27710_0, 0, 4;
    %pushi/vec4 1, 0, 1;
    %store/vec4 v000002db42e26e50_0, 0, 1;
    %pushi/vec4 0, 0, 1;
    %store/vec4 v000002db42df10b0_0, 0, 1;
    %pushi/vec4 0, 0, 1;
    %store/vec4 v000002db42df1010_0, 0, 1;
    %pushi/vec4 0, 0, 1;
    %store/vec4 v000002db42e26f90_0, 0, 1;
    %pushi/vec4 2, 0, 2;
    %store/vec4 v000002db42df2140_0, 0, 2;
    %jmp T_0.34;
T_0.33 ;
    %load/vec4 v000002db42df1b00_0;
    %parti/s 3, 12, 5;
    %cmpi/e 2, 0, 3;
    %jmp/0xz  T_0.36, 4;
    %pushi/vec4 0, 0, 1;
    %store/vec4 v000002db42df20a0_0, 0, 1;
    %pushi/vec4 8, 0, 4;
    %store/vec4 v000002db42e27710_0, 0, 4;
    %pushi/vec4 1, 0, 1;
    %store/vec4 v000002db42e26e50_0, 0, 1;
    %pushi/vec4 0, 0, 1;
    %store/vec4 v000002db42df10b0_0, 0, 1;
    %pushi/vec4 0, 0, 1;
    %store/vec4 v000002db42df1010_0, 0, 1;
    %pushi/vec4 0, 0, 1;
    %store/vec4 v000002db42e26f90_0, 0, 1;
    %pushi/vec4 2, 0, 2;
    %store/vec4 v000002db42df2140_0, 0, 2;
    %jmp T_0.37;
T_0.36 ;
    %load/vec4 v000002db42df1b00_0;
    %parti/s 3, 12, 5;
    %cmpi/e 3, 0, 3;
    %jmp/0xz  T_0.38, 4;
    %pushi/vec4 0, 0, 1;
    %store/vec4 v000002db42df20a0_0, 0, 1;
    %pushi/vec4 9, 0, 4;
    %store/vec4 v000002db42e27710_0, 0, 4;
    %pushi/vec4 1, 0, 1;
    %store/vec4 v000002db42e26e50_0, 0, 1;
    %pushi/vec4 0, 0, 1;
    %store/vec4 v000002db42df10b0_0, 0, 1;
    %pushi/vec4 0, 0, 1;
    %store/vec4 v000002db42df1010_0, 0, 1;
    %pushi/vec4 0, 0, 1;
    %store/vec4 v000002db42e26f90_0, 0, 1;
    %pushi/vec4 2, 0, 2;
    %store/vec4 v000002db42df2140_0, 0, 2;
    %jmp T_0.39;
T_0.38 ;
    %load/vec4 v000002db42df1b00_0;
    %parti/s 3, 12, 5;
    %cmpi/e 7, 0, 3;
    %jmp/0xz  T_0.40, 4;
    %pushi/vec4 0, 0, 1;
    %store/vec4 v000002db42df20a0_0, 0, 1;
    %pushi/vec4 10, 0, 4;
    %store/vec4 v000002db42e27710_0, 0, 4;
    %pushi/vec4 1, 0, 1;
    %store/vec4 v000002db42e26e50_0, 0, 1;
    %pushi/vec4 0, 0, 1;
    %store/vec4 v000002db42df10b0_0, 0, 1;
    %pushi/vec4 0, 0, 1;
    %store/vec4 v000002db42df1010_0, 0, 1;
    %pushi/vec4 0, 0, 1;
    %store/vec4 v000002db42e26f90_0, 0, 1;
    %pushi/vec4 2, 0, 2;
    %store/vec4 v000002db42df2140_0, 0, 2;
    %jmp T_0.41;
T_0.40 ;
    %load/vec4 v000002db42df1b00_0;
    %parti/s 3, 12, 5;
    %cmpi/e 6, 0, 3;
    %jmp/0xz  T_0.42, 4;
    %pushi/vec4 0, 0, 1;
    %store/vec4 v000002db42df20a0_0, 0, 1;
    %pushi/vec4 11, 0, 4;
    %store/vec4 v000002db42e27710_0, 0, 4;
    %pushi/vec4 1, 0, 1;
    %store/vec4 v000002db42e26e50_0, 0, 1;
    %pushi/vec4 0, 0, 1;
    %store/vec4 v000002db42df10b0_0, 0, 1;
    %pushi/vec4 0, 0, 1;
    %store/vec4 v000002db42df1010_0, 0, 1;
    %pushi/vec4 0, 0, 1;
    %store/vec4 v000002db42e26f90_0, 0, 1;
    %pushi/vec4 2, 0, 2;
    %store/vec4 v000002db42df2140_0, 0, 2;
    %jmp T_0.43;
T_0.42 ;
    %load/vec4 v000002db42df1b00_0;
    %parti/s 3, 12, 5;
    %cmpi/e 4, 0, 3;
    %jmp/0xz  T_0.44, 4;
    %pushi/vec4 0, 0, 1;
    %store/vec4 v000002db42df20a0_0, 0, 1;
    %pushi/vec4 12, 0, 4;
    %store/vec4 v000002db42e27710_0, 0, 4;
    %pushi/vec4 1, 0, 1;
    %store/vec4 v000002db42e26e50_0, 0, 1;
    %pushi/vec4 0, 0, 1;
    %store/vec4 v000002db42df10b0_0, 0, 1;
    %pushi/vec4 0, 0, 1;
    %store/vec4 v000002db42df1010_0, 0, 1;
    %pushi/vec4 0, 0, 1;
    %store/vec4 v000002db42e26f90_0, 0, 1;
    %pushi/vec4 2, 0, 2;
    %store/vec4 v000002db42df2140_0, 0, 2;
    %jmp T_0.45;
T_0.44 ;
    %load/vec4 v000002db42df1b00_0;
    %parti/s 3, 12, 5;
    %cmpi/e 1, 0, 3;
    %jmp/0xz  T_0.46, 4;
    %pushi/vec4 0, 0, 1;
    %store/vec4 v000002db42df20a0_0, 0, 1;
    %pushi/vec4 5, 0, 4;
    %store/vec4 v000002db42e27710_0, 0, 4;
    %pushi/vec4 1, 0, 1;
    %store/vec4 v000002db42e26e50_0, 0, 1;
    %pushi/vec4 0, 0, 1;
    %store/vec4 v000002db42df10b0_0, 0, 1;
    %pushi/vec4 0, 0, 1;
    %store/vec4 v000002db42df1010_0, 0, 1;
    %pushi/vec4 0, 0, 1;
    %store/vec4 v000002db42e26f90_0, 0, 1;
    %pushi/vec4 2, 0, 2;
    %store/vec4 v000002db42df2140_0, 0, 2;
    %jmp T_0.47;
T_0.46 ;
    %load/vec4 v000002db42df1b00_0;
    %parti/s 3, 12, 5;
    %cmpi/e 5, 0, 3;
    %flag_get/vec4 4;
    %jmp/0 T_0.50, 4;
    %load/vec4 v000002db42df1b00_0;
    %parti/s 7, 25, 6;
    %pushi/vec4 0, 0, 7;
    %cmp/e;
    %flag_get/vec4 4;
    %and;
T_0.50;
    %flag_set/vec4 8;
    %jmp/0xz  T_0.48, 8;
    %pushi/vec4 0, 0, 1;
    %store/vec4 v000002db42df20a0_0, 0, 1;
    %pushi/vec4 6, 0, 4;
    %store/vec4 v000002db42e27710_0, 0, 4;
    %pushi/vec4 1, 0, 1;
    %store/vec4 v000002db42e26e50_0, 0, 1;
    %pushi/vec4 0, 0, 1;
    %store/vec4 v000002db42df10b0_0, 0, 1;
    %pushi/vec4 0, 0, 1;
    %store/vec4 v000002db42df1010_0, 0, 1;
    %pushi/vec4 0, 0, 1;
    %store/vec4 v000002db42e26f90_0, 0, 1;
    %pushi/vec4 2, 0, 2;
    %store/vec4 v000002db42df2140_0, 0, 2;
    %jmp T_0.49;
T_0.48 ;
    %load/vec4 v000002db42df1b00_0;
    %parti/s 3, 12, 5;
    %cmpi/e 5, 0, 3;
    %flag_get/vec4 4;
    %jmp/0 T_0.53, 4;
    %load/vec4 v000002db42df1b00_0;
    %parti/s 7, 25, 6;
    %pushi/vec4 32, 0, 7;
    %cmp/e;
    %flag_get/vec4 4;
    %and;
T_0.53;
    %flag_set/vec4 8;
    %jmp/0xz  T_0.51, 8;
    %pushi/vec4 0, 0, 1;
    %store/vec4 v000002db42df20a0_0, 0, 1;
    %pushi/vec4 6, 0, 4;
    %store/vec4 v000002db42e27710_0, 0, 4;
    %pushi/vec4 1, 0, 1;
    %store/vec4 v000002db42e26e50_0, 0, 1;
    %pushi/vec4 0, 0, 1;
    %store/vec4 v000002db42df10b0_0, 0, 1;
    %pushi/vec4 0, 0, 1;
    %store/vec4 v000002db42df1010_0, 0, 1;
    %pushi/vec4 0, 0, 1;
    %store/vec4 v000002db42e26f90_0, 0, 1;
    %pushi/vec4 2, 0, 2;
    %store/vec4 v000002db42df2140_0, 0, 2;
T_0.51 ;
T_0.49 ;
T_0.47 ;
T_0.45 ;
T_0.43 ;
T_0.41 ;
T_0.39 ;
T_0.37 ;
T_0.34 ;
T_0.31 ;
    %jmp T_0.9;
T_0.4 ;
    %load/vec4 v000002db42df1b00_0;
    %parti/s 3, 12, 5;
    %cmpi/e 2, 0, 3;
    %jmp/0xz  T_0.54, 4;
    %pushi/vec4 1, 0, 1;
    %store/vec4 v000002db42df20a0_0, 0, 1;
    %pushi/vec4 1, 0, 1;
    %store/vec4 v000002db42e26e50_0, 0, 1;
    %pushi/vec4 0, 0, 2;
    %store/vec4 v000002db42df11f0_0, 0, 2;
    %pushi/vec4 0, 0, 1;
    %store/vec4 v000002db42df1150_0, 0, 1;
    %pushi/vec4 1, 0, 1;
    %store/vec4 v000002db42e26c70_0, 0, 1;
    %pushi/vec4 0, 0, 1;
    %store/vec4 v000002db42df10b0_0, 0, 1;
    %pushi/vec4 0, 0, 1;
    %store/vec4 v000002db42df1010_0, 0, 1;
    %pushi/vec4 1, 0, 1;
    %store/vec4 v000002db42e26f90_0, 0, 1;
    %pushi/vec4 2, 0, 4;
    %store/vec4 v000002db42e27710_0, 0, 4;
    %pushi/vec4 1, 0, 2;
    %store/vec4 v000002db42df2140_0, 0, 2;
    %jmp T_0.55;
T_0.54 ;
    %load/vec4 v000002db42df1b00_0;
    %parti/s 3, 12, 5;
    %cmpi/e 1, 0, 3;
    %jmp/0xz  T_0.56, 4;
    %pushi/vec4 1, 0, 1;
    %store/vec4 v000002db42df20a0_0, 0, 1;
    %pushi/vec4 1, 0, 1;
    %store/vec4 v000002db42e26e50_0, 0, 1;
    %pushi/vec4 0, 0, 2;
    %store/vec4 v000002db42df11f0_0, 0, 2;
    %pushi/vec4 1, 0, 1;
    %store/vec4 v000002db42df1150_0, 0, 1;
    %pushi/vec4 1, 0, 1;
    %store/vec4 v000002db42e26c70_0, 0, 1;
    %pushi/vec4 0, 0, 1;
    %store/vec4 v000002db42df10b0_0, 0, 1;
    %pushi/vec4 0, 0, 1;
    %store/vec4 v000002db42df1010_0, 0, 1;
    %pushi/vec4 1, 0, 1;
    %store/vec4 v000002db42e26f90_0, 0, 1;
    %pushi/vec4 2, 0, 4;
    %store/vec4 v000002db42e27710_0, 0, 4;
    %pushi/vec4 1, 0, 2;
    %store/vec4 v000002db42df2140_0, 0, 2;
    %jmp T_0.57;
T_0.56 ;
    %load/vec4 v000002db42df1b00_0;
    %parti/s 3, 12, 5;
    %cmpi/e 5, 0, 3;
    %jmp/0xz  T_0.58, 4;
    %pushi/vec4 1, 0, 1;
    %store/vec4 v000002db42df20a0_0, 0, 1;
    %pushi/vec4 1, 0, 1;
    %store/vec4 v000002db42e26e50_0, 0, 1;
    %pushi/vec4 0, 0, 2;
    %store/vec4 v000002db42df11f0_0, 0, 2;
    %pushi/vec4 0, 0, 1;
    %store/vec4 v000002db42df1150_0, 0, 1;
    %pushi/vec4 1, 0, 1;
    %store/vec4 v000002db42e26c70_0, 0, 1;
    %pushi/vec4 0, 0, 1;
    %store/vec4 v000002db42df10b0_0, 0, 1;
    %pushi/vec4 0, 0, 1;
    %store/vec4 v000002db42df1010_0, 0, 1;
    %pushi/vec4 1, 0, 1;
    %store/vec4 v000002db42e26f90_0, 0, 1;
    %pushi/vec4 2, 0, 4;
    %store/vec4 v000002db42e27710_0, 0, 4;
    %pushi/vec4 1, 0, 2;
    %store/vec4 v000002db42df2140_0, 0, 2;
    %jmp T_0.59;
T_0.58 ;
    %load/vec4 v000002db42df1b00_0;
    %parti/s 3, 12, 5;
    %cmpi/e 0, 0, 3;
    %jmp/0xz  T_0.60, 4;
    %pushi/vec4 1, 0, 1;
    %store/vec4 v000002db42df20a0_0, 0, 1;
    %pushi/vec4 1, 0, 1;
    %store/vec4 v000002db42e26e50_0, 0, 1;
    %pushi/vec4 0, 0, 2;
    %store/vec4 v000002db42df11f0_0, 0, 2;
    %pushi/vec4 1, 0, 1;
    %store/vec4 v000002db42df1150_0, 0, 1;
    %pushi/vec4 1, 0, 1;
    %store/vec4 v000002db42e26c70_0, 0, 1;
    %pushi/vec4 0, 0, 1;
    %store/vec4 v000002db42df10b0_0, 0, 1;
    %pushi/vec4 0, 0, 1;
    %store/vec4 v000002db42df1010_0, 0, 1;
    %pushi/vec4 1, 0, 1;
    %store/vec4 v000002db42e26f90_0, 0, 1;
    %pushi/vec4 2, 0, 4;
    %store/vec4 v000002db42e27710_0, 0, 4;
    %pushi/vec4 1, 0, 2;
    %store/vec4 v000002db42df2140_0, 0, 2;
    %jmp T_0.61;
T_0.60 ;
    %load/vec4 v000002db42df1b00_0;
    %parti/s 3, 12, 5;
    %cmpi/e 4, 0, 3;
    %jmp/0xz  T_0.62, 4;
    %pushi/vec4 1, 0, 1;
    %store/vec4 v000002db42df20a0_0, 0, 1;
    %pushi/vec4 1, 0, 1;
    %store/vec4 v000002db42e26e50_0, 0, 1;
    %pushi/vec4 0, 0, 2;
    %store/vec4 v000002db42df11f0_0, 0, 2;
    %pushi/vec4 0, 0, 1;
    %store/vec4 v000002db42df1150_0, 0, 1;
    %pushi/vec4 1, 0, 1;
    %store/vec4 v000002db42e26c70_0, 0, 1;
    %pushi/vec4 0, 0, 1;
    %store/vec4 v000002db42df10b0_0, 0, 1;
    %pushi/vec4 0, 0, 1;
    %store/vec4 v000002db42df1010_0, 0, 1;
    %pushi/vec4 1, 0, 1;
    %store/vec4 v000002db42e26f90_0, 0, 1;
    %pushi/vec4 2, 0, 4;
    %store/vec4 v000002db42e27710_0, 0, 4;
    %pushi/vec4 1, 0, 2;
    %store/vec4 v000002db42df2140_0, 0, 2;
T_0.62 ;
T_0.61 ;
T_0.59 ;
T_0.57 ;
T_0.55 ;
    %jmp T_0.9;
T_0.5 ;
    %load/vec4 v000002db42df1b00_0;
    %parti/s 3, 12, 5;
    %cmpi/e 2, 0, 3;
    %jmp/0xz  T_0.64, 4;
    %pushi/vec4 0, 0, 1;
    %store/vec4 v000002db42df20a0_0, 0, 1;
    %pushi/vec4 0, 0, 2;
    %store/vec4 v000002db42df11f0_0, 0, 2;
    %pushi/vec4 0, 0, 1;
    %store/vec4 v000002db42df1150_0, 0, 1;
    %pushi/vec4 1, 0, 1;
    %store/vec4 v000002db42e26c70_0, 0, 1;
    %pushi/vec4 1, 0, 1;
    %store/vec4 v000002db42e26ef0_0, 0, 1;
    %pushi/vec4 0, 0, 1;
    %store/vec4 v000002db42df10b0_0, 0, 1;
    %pushi/vec4 1, 0, 1;
    %store/vec4 v000002db42df1010_0, 0, 1;
    %pushi/vec4 0, 0, 1;
    %store/vec4 v000002db42e26f90_0, 0, 1;
    %pushi/vec4 2, 0, 4;
    %store/vec4 v000002db42e27710_0, 0, 4;
    %pushi/vec4 1, 0, 2;
    %store/vec4 v000002db42df2140_0, 0, 2;
    %jmp T_0.65;
T_0.64 ;
    %load/vec4 v000002db42df1b00_0;
    %parti/s 3, 12, 5;
    %cmpi/e 1, 0, 3;
    %jmp/0xz  T_0.66, 4;
    %pushi/vec4 0, 0, 1;
    %store/vec4 v000002db42df20a0_0, 0, 1;
    %pushi/vec4 0, 0, 2;
    %store/vec4 v000002db42df11f0_0, 0, 2;
    %pushi/vec4 0, 0, 1;
    %store/vec4 v000002db42df1150_0, 0, 1;
    %pushi/vec4 1, 0, 1;
    %store/vec4 v000002db42e26c70_0, 0, 1;
    %pushi/vec4 1, 0, 1;
    %store/vec4 v000002db42e26ef0_0, 0, 1;
    %pushi/vec4 0, 0, 1;
    %store/vec4 v000002db42df10b0_0, 0, 1;
    %pushi/vec4 1, 0, 1;
    %store/vec4 v000002db42df1010_0, 0, 1;
    %pushi/vec4 0, 0, 1;
    %store/vec4 v000002db42e26f90_0, 0, 1;
    %pushi/vec4 2, 0, 4;
    %store/vec4 v000002db42e27710_0, 0, 4;
    %pushi/vec4 1, 0, 2;
    %store/vec4 v000002db42df2140_0, 0, 2;
    %jmp T_0.67;
T_0.66 ;
    %load/vec4 v000002db42df1b00_0;
    %parti/s 3, 12, 5;
    %cmpi/e 0, 0, 3;
    %jmp/0xz  T_0.68, 4;
    %pushi/vec4 0, 0, 1;
    %store/vec4 v000002db42df20a0_0, 0, 1;
    %pushi/vec4 0, 0, 2;
    %store/vec4 v000002db42df11f0_0, 0, 2;
    %pushi/vec4 0, 0, 1;
    %store/vec4 v000002db42df1150_0, 0, 1;
    %pushi/vec4 1, 0, 1;
    %store/vec4 v000002db42e26c70_0, 0, 1;
    %pushi/vec4 1, 0, 1;
    %store/vec4 v000002db42e26ef0_0, 0, 1;
    %pushi/vec4 0, 0, 1;
    %store/vec4 v000002db42df10b0_0, 0, 1;
    %pushi/vec4 1, 0, 1;
    %store/vec4 v000002db42df1010_0, 0, 1;
    %pushi/vec4 0, 0, 1;
    %store/vec4 v000002db42e26f90_0, 0, 1;
    %pushi/vec4 2, 0, 4;
    %store/vec4 v000002db42e27710_0, 0, 4;
    %pushi/vec4 1, 0, 2;
    %store/vec4 v000002db42df2140_0, 0, 2;
T_0.68 ;
T_0.67 ;
T_0.65 ;
    %jmp T_0.9;
T_0.6 ;
    %load/vec4 v000002db42df1b00_0;
    %parti/s 3, 12, 5;
    %cmpi/e 0, 0, 3;
    %jmp/0xz  T_0.70, 4;
    %pushi/vec4 3, 0, 4;
    %store/vec4 v000002db42e27710_0, 0, 4;
    %pushi/vec4 0, 0, 1;
    %store/vec4 v000002db42e26e50_0, 0, 1;
    %pushi/vec4 2, 0, 3;
    %store/vec4 v000002db42df1290_0, 0, 3;
    %pushi/vec4 2, 0, 2;
    %store/vec4 v000002db42df2140_0, 0, 2;
    %jmp T_0.71;
T_0.70 ;
    %pushi/vec4 3, 0, 4;
    %store/vec4 v000002db42e27710_0, 0, 4;
    %pushi/vec4 0, 0, 1;
    %store/vec4 v000002db42e26e50_0, 0, 1;
    %load/vec4 v000002db42df1b00_0;
    %parti/s 3, 12, 5;
    %store/vec4 v000002db42df1290_0, 0, 3;
    %pushi/vec4 2, 0, 2;
    %store/vec4 v000002db42df2140_0, 0, 2;
T_0.71 ;
    %jmp T_0.9;
T_0.7 ;
    %pushi/vec4 0, 0, 1;
    %store/vec4 v000002db42df20a0_0, 0, 1;
    %pushi/vec4 1, 0, 1;
    %store/vec4 v000002db42e26e50_0, 0, 1;
    %pushi/vec4 1, 0, 1;
    %store/vec4 v000002db42e26d10_0, 0, 1;
    %pushi/vec4 1, 0, 1;
    %store/vec4 v000002db42df1330_0, 0, 1;
    %pushi/vec4 0, 0, 2;
    %store/vec4 v000002db42df2140_0, 0, 2;
    %jmp T_0.9;
T_0.8 ;
    %pushi/vec4 0, 0, 1;
    %store/vec4 v000002db42df20a0_0, 0, 1;
    %pushi/vec4 1, 0, 1;
    %store/vec4 v000002db42e26e50_0, 0, 1;
    %pushi/vec4 1, 0, 1;
    %store/vec4 v000002db42e26db0_0, 0, 1;
    %pushi/vec4 1, 0, 1;
    %store/vec4 v000002db42df1330_0, 0, 1;
    %pushi/vec4 1, 0, 2;
    %store/vec4 v000002db42df2140_0, 0, 2;
    %jmp T_0.9;
T_0.9 ;
    %pop/vec4 1;
    %load/vec4 v000002db42df2140_0;
    %load/vec4 v000002db42e27710_0;
    %concat/vec4; draw_concat_vec4
    %load/vec4 v000002db42df20a0_0;
    %concat/vec4; draw_concat_vec4
    %load/vec4 v000002db42e26e50_0;
    %concat/vec4; draw_concat_vec4
    %load/vec4 v000002db42df10b0_0;
    %concat/vec4; draw_concat_vec4
    %load/vec4 v000002db42df1010_0;
    %concat/vec4; draw_concat_vec4
    %load/vec4 v000002db42e26f90_0;
    %concat/vec4; draw_concat_vec4
    %load/vec4 v000002db42df1290_0;
    %concat/vec4; draw_concat_vec4
    %load/vec4 v000002db42df11f0_0;
    %concat/vec4; draw_concat_vec4
    %load/vec4 v000002db42e26c70_0;
    %concat/vec4; draw_concat_vec4
    %load/vec4 v000002db42df1150_0;
    %concat/vec4; draw_concat_vec4
    %load/vec4 v000002db42e26ef0_0;
    %concat/vec4; draw_concat_vec4
    %load/vec4 v000002db42df1330_0;
    %concat/vec4; draw_concat_vec4
    %load/vec4 v000002db42e26bd0_0;
    %concat/vec4; draw_concat_vec4
    %load/vec4 v000002db42e26db0_0;
    %concat/vec4; draw_concat_vec4
    %load/vec4 v000002db42e26d10_0;
    %concat/vec4; draw_concat_vec4
    %store/vec4 v000002db42df21e0_0, 0, 23;
    %jmp T_0;
    .thread T_0, $push;
# The file index is used to find the file name in the following table.
:file_names 3;
    "N/A";
    "<interactive>";
    "control_unit.v";
