#! /c/Source/iverilog-install/bin/vvp
:ivl_version "12.0 (devel)" "(s20150603-1539-g2693dd32b)";
:ivl_delay_selection "TYPICAL";
:vpi_time_precision + 0;
:vpi_module "C:\iverilog\lib\ivl\system.vpi";
:vpi_module "C:\iverilog\lib\ivl\vhdl_sys.vpi";
:vpi_module "C:\iverilog\lib\ivl\vhdl_textio.vpi";
:vpi_module "C:\iverilog\lib\ivl\v2005_math.vpi";
:vpi_module "C:\iverilog\lib\ivl\va_math.vpi";
S_00000215d69b6be0 .scope module, "HAZARD_FORWARDING_UNIT" "HAZARD_FORWARDING_UNIT" 2 1;
 .timescale 0 0;
    .port_info 0 /OUTPUT 2 "pa_selector";
    .port_info 1 /OUTPUT 2 "pb_selector";
    .port_info 2 /OUTPUT 1 "load_enable";
    .port_info 3 /OUTPUT 1 "pc_enable";
    .port_info 4 /OUTPUT 1 "nop_signal";
    .port_info 5 /INPUT 5 "ex_destination";
    .port_info 6 /INPUT 5 "mem_destination";
    .port_info 7 /INPUT 5 "wb_destination";
    .port_info 8 /INPUT 5 "id_rs1";
    .port_info 9 /INPUT 5 "id_rs2";
    .port_info 10 /INPUT 1 "ex_rf_enable";
    .port_info 11 /INPUT 1 "mem_rf_enable";
    .port_info 12 /INPUT 1 "wb_rf_enable";
    .port_info 13 /INPUT 1 "ex_load_instruction";
    .port_info 14 /INPUT 2 "source_registers_signal";
o00000215d6a10f48 .functor BUFZ 5, C4<zzzzz>; HiZ drive
v00000215d69b6d70_0 .net "ex_destination", 4 0, o00000215d6a10f48;  0 drivers
o00000215d6a10f78 .functor BUFZ 1, C4<z>; HiZ drive
v00000215d69b6e10_0 .net "ex_load_instruction", 0 0, o00000215d6a10f78;  0 drivers
o00000215d6a10fa8 .functor BUFZ 1, C4<z>; HiZ drive
v00000215d69b6eb0_0 .net "ex_rf_enable", 0 0, o00000215d6a10fa8;  0 drivers
o00000215d6a10fd8 .functor BUFZ 5, C4<zzzzz>; HiZ drive
v00000215d6a044a0_0 .net "id_rs1", 4 0, o00000215d6a10fd8;  0 drivers
o00000215d6a11008 .functor BUFZ 5, C4<zzzzz>; HiZ drive
v00000215d6a04540_0 .net "id_rs2", 4 0, o00000215d6a11008;  0 drivers
v00000215d6a53fd0_0 .var "load_enable", 0 0;
v00000215d6a54070_0 .var "load_enable_val", 0 0;
o00000215d6a11098 .functor BUFZ 5, C4<zzzzz>; HiZ drive
v00000215d6a54110_0 .net "mem_destination", 4 0, o00000215d6a11098;  0 drivers
o00000215d6a110c8 .functor BUFZ 1, C4<z>; HiZ drive
v00000215d6a541b0_0 .net "mem_rf_enable", 0 0, o00000215d6a110c8;  0 drivers
v00000215d6a54250_0 .var "nop_signal", 0 0;
v00000215d6a542f0_0 .var "nop_signal_val", 0 0;
v00000215d6a54390_0 .var "pa_selector", 1 0;
v00000215d6a54430_0 .var "pa_selector_val", 1 0;
v00000215d6a544d0_0 .var "pb_selector", 1 0;
v00000215d6a54570_0 .var "pb_selector_val", 1 0;
v00000215d6a54610_0 .var "pc_enable", 0 0;
v00000215d6a54ca0_0 .var "pc_enable_val", 0 0;
o00000215d6a11278 .functor BUFZ 2, C4<zz>; HiZ drive
v00000215d6a554c0_0 .net "source_registers_signal", 1 0, o00000215d6a11278;  0 drivers
o00000215d6a112a8 .functor BUFZ 5, C4<zzzzz>; HiZ drive
v00000215d6a55060_0 .net "wb_destination", 4 0, o00000215d6a112a8;  0 drivers
o00000215d6a112d8 .functor BUFZ 1, C4<z>; HiZ drive
v00000215d6a551a0_0 .net "wb_rf_enable", 0 0, o00000215d6a112d8;  0 drivers
E_00000215d69bb0b0/0 .event anyedge, v00000215d6a554c0_0, v00000215d69b6e10_0, v00000215d6a044a0_0, v00000215d69b6d70_0;
E_00000215d69bb0b0/1 .event anyedge, v00000215d6a04540_0, v00000215d69b6eb0_0, v00000215d6a541b0_0, v00000215d6a54110_0;
E_00000215d69bb0b0/2 .event anyedge, v00000215d6a551a0_0, v00000215d6a55060_0, v00000215d6a54430_0, v00000215d6a54570_0;
E_00000215d69bb0b0/3 .event anyedge, v00000215d6a54070_0, v00000215d6a54ca0_0, v00000215d6a542f0_0;
E_00000215d69bb0b0 .event/or E_00000215d69bb0b0/0, E_00000215d69bb0b0/1, E_00000215d69bb0b0/2, E_00000215d69bb0b0/3;
    .scope S_00000215d69b6be0;
T_0 ;
    %wait E_00000215d69bb0b0;
    %pushi/vec4 0, 0, 2;
    %store/vec4 v00000215d6a54430_0, 0, 2;
    %pushi/vec4 0, 0, 2;
    %store/vec4 v00000215d6a54570_0, 0, 2;
    %pushi/vec4 1, 0, 1;
    %store/vec4 v00000215d6a54070_0, 0, 1;
    %pushi/vec4 1, 0, 1;
    %store/vec4 v00000215d6a54ca0_0, 0, 1;
    %pushi/vec4 0, 0, 1;
    %store/vec4 v00000215d6a542f0_0, 0, 1;
    %load/vec4 v00000215d6a554c0_0;
    %dup/vec4;
    %pushi/vec4 0, 0, 2;
    %cmp/u;
    %jmp/1 T_0.0, 6;
    %dup/vec4;
    %pushi/vec4 1, 0, 2;
    %cmp/u;
    %jmp/1 T_0.1, 6;
    %dup/vec4;
    %pushi/vec4 2, 0, 2;
    %cmp/u;
    %jmp/1 T_0.2, 6;
    %jmp T_0.3;
T_0.0 ;
    %load/vec4 v00000215d69b6e10_0;
    %flag_set/vec4 9;
    %flag_get/vec4 9;
    %jmp/0 T_0.6, 9;
    %load/vec4 v00000215d6a044a0_0;
    %load/vec4 v00000215d69b6d70_0;
    %cmp/e;
    %flag_get/vec4 4;
    %jmp/1 T_0.7, 4;
    %load/vec4 v00000215d6a04540_0;
    %load/vec4 v00000215d69b6d70_0;
    %cmp/e;
    %flag_get/vec4 4;
    %or;
T_0.7;
    %and;
T_0.6;
    %flag_set/vec4 8;
    %jmp/0xz  T_0.4, 8;
    %pushi/vec4 0, 0, 1;
    %store/vec4 v00000215d6a54070_0, 0, 1;
    %pushi/vec4 0, 0, 1;
    %store/vec4 v00000215d6a54ca0_0, 0, 1;
    %pushi/vec4 1, 0, 1;
    %store/vec4 v00000215d6a542f0_0, 0, 1;
T_0.4 ;
    %jmp T_0.3;
T_0.1 ;
    %load/vec4 v00000215d69b6e10_0;
    %flag_set/vec4 9;
    %flag_get/vec4 9;
    %jmp/0 T_0.10, 9;
    %load/vec4 v00000215d6a044a0_0;
    %load/vec4 v00000215d69b6d70_0;
    %cmp/e;
    %flag_get/vec4 4;
    %and;
T_0.10;
    %flag_set/vec4 8;
    %jmp/0xz  T_0.8, 8;
    %pushi/vec4 0, 0, 1;
    %store/vec4 v00000215d6a54070_0, 0, 1;
    %pushi/vec4 0, 0, 1;
    %store/vec4 v00000215d6a54ca0_0, 0, 1;
    %pushi/vec4 1, 0, 1;
    %store/vec4 v00000215d6a542f0_0, 0, 1;
    %jmp T_0.9;
T_0.8 ;
    %load/vec4 v00000215d69b6eb0_0;
    %flag_set/vec4 9;
    %flag_get/vec4 9;
    %jmp/0 T_0.13, 9;
    %load/vec4 v00000215d6a044a0_0;
    %load/vec4 v00000215d69b6d70_0;
    %cmp/e;
    %flag_get/vec4 4;
    %and;
T_0.13;
    %flag_set/vec4 8;
    %jmp/0xz  T_0.11, 8;
    %pushi/vec4 1, 0, 2;
    %store/vec4 v00000215d6a54430_0, 0, 2;
    %jmp T_0.12;
T_0.11 ;
    %load/vec4 v00000215d6a541b0_0;
    %flag_set/vec4 9;
    %flag_get/vec4 9;
    %jmp/0 T_0.16, 9;
    %load/vec4 v00000215d6a044a0_0;
    %load/vec4 v00000215d6a54110_0;
    %cmp/e;
    %flag_get/vec4 4;
    %and;
T_0.16;
    %flag_set/vec4 8;
    %jmp/0xz  T_0.14, 8;
    %pushi/vec4 2, 0, 2;
    %store/vec4 v00000215d6a54430_0, 0, 2;
    %jmp T_0.15;
T_0.14 ;
    %load/vec4 v00000215d6a551a0_0;
    %flag_set/vec4 9;
    %flag_get/vec4 9;
    %jmp/0 T_0.19, 9;
    %load/vec4 v00000215d6a044a0_0;
    %load/vec4 v00000215d6a55060_0;
    %cmp/e;
    %flag_get/vec4 4;
    %and;
T_0.19;
    %flag_set/vec4 8;
    %jmp/0xz  T_0.17, 8;
    %pushi/vec4 3, 0, 2;
    %store/vec4 v00000215d6a54430_0, 0, 2;
    %jmp T_0.18;
T_0.17 ;
    %pushi/vec4 0, 0, 2;
    %store/vec4 v00000215d6a54430_0, 0, 2;
T_0.18 ;
T_0.15 ;
T_0.12 ;
T_0.9 ;
    %jmp T_0.3;
T_0.2 ;
    %load/vec4 v00000215d69b6e10_0;
    %flag_set/vec4 9;
    %flag_get/vec4 9;
    %jmp/0 T_0.22, 9;
    %load/vec4 v00000215d6a044a0_0;
    %load/vec4 v00000215d69b6d70_0;
    %cmp/e;
    %flag_get/vec4 4;
    %and;
T_0.22;
    %flag_set/vec4 8;
    %jmp/0xz  T_0.20, 8;
    %pushi/vec4 0, 0, 1;
    %store/vec4 v00000215d6a54070_0, 0, 1;
    %pushi/vec4 0, 0, 1;
    %store/vec4 v00000215d6a54ca0_0, 0, 1;
    %pushi/vec4 1, 0, 1;
    %store/vec4 v00000215d6a542f0_0, 0, 1;
    %jmp T_0.21;
T_0.20 ;
    %load/vec4 v00000215d69b6eb0_0;
    %flag_set/vec4 9;
    %flag_get/vec4 9;
    %jmp/0 T_0.25, 9;
    %load/vec4 v00000215d6a044a0_0;
    %load/vec4 v00000215d69b6d70_0;
    %cmp/e;
    %flag_get/vec4 4;
    %and;
T_0.25;
    %flag_set/vec4 8;
    %jmp/0xz  T_0.23, 8;
    %pushi/vec4 1, 0, 2;
    %store/vec4 v00000215d6a54430_0, 0, 2;
    %jmp T_0.24;
T_0.23 ;
    %load/vec4 v00000215d6a541b0_0;
    %flag_set/vec4 9;
    %flag_get/vec4 9;
    %jmp/0 T_0.28, 9;
    %load/vec4 v00000215d6a044a0_0;
    %load/vec4 v00000215d6a54110_0;
    %cmp/e;
    %flag_get/vec4 4;
    %and;
T_0.28;
    %flag_set/vec4 8;
    %jmp/0xz  T_0.26, 8;
    %pushi/vec4 2, 0, 2;
    %store/vec4 v00000215d6a54430_0, 0, 2;
    %jmp T_0.27;
T_0.26 ;
    %load/vec4 v00000215d6a551a0_0;
    %flag_set/vec4 9;
    %flag_get/vec4 9;
    %jmp/0 T_0.31, 9;
    %load/vec4 v00000215d6a044a0_0;
    %load/vec4 v00000215d6a55060_0;
    %cmp/e;
    %flag_get/vec4 4;
    %and;
T_0.31;
    %flag_set/vec4 8;
    %jmp/0xz  T_0.29, 8;
    %pushi/vec4 3, 0, 2;
    %store/vec4 v00000215d6a54430_0, 0, 2;
    %jmp T_0.30;
T_0.29 ;
    %pushi/vec4 0, 0, 2;
    %store/vec4 v00000215d6a54430_0, 0, 2;
T_0.30 ;
T_0.27 ;
T_0.24 ;
    %load/vec4 v00000215d69b6eb0_0;
    %flag_set/vec4 9;
    %flag_get/vec4 9;
    %jmp/0 T_0.34, 9;
    %load/vec4 v00000215d6a04540_0;
    %load/vec4 v00000215d69b6d70_0;
    %cmp/e;
    %flag_get/vec4 4;
    %and;
T_0.34;
    %flag_set/vec4 8;
    %jmp/0xz  T_0.32, 8;
    %pushi/vec4 1, 0, 2;
    %store/vec4 v00000215d6a54570_0, 0, 2;
    %jmp T_0.33;
T_0.32 ;
    %load/vec4 v00000215d6a541b0_0;
    %flag_set/vec4 9;
    %flag_get/vec4 9;
    %jmp/0 T_0.37, 9;
    %load/vec4 v00000215d6a04540_0;
    %load/vec4 v00000215d6a54110_0;
    %cmp/e;
    %flag_get/vec4 4;
    %and;
T_0.37;
    %flag_set/vec4 8;
    %jmp/0xz  T_0.35, 8;
    %pushi/vec4 2, 0, 2;
    %store/vec4 v00000215d6a54570_0, 0, 2;
    %jmp T_0.36;
T_0.35 ;
    %load/vec4 v00000215d6a551a0_0;
    %flag_set/vec4 9;
    %flag_get/vec4 9;
    %jmp/0 T_0.40, 9;
    %load/vec4 v00000215d6a04540_0;
    %load/vec4 v00000215d6a55060_0;
    %cmp/e;
    %flag_get/vec4 4;
    %and;
T_0.40;
    %flag_set/vec4 8;
    %jmp/0xz  T_0.38, 8;
    %pushi/vec4 3, 0, 2;
    %store/vec4 v00000215d6a54570_0, 0, 2;
    %jmp T_0.39;
T_0.38 ;
    %pushi/vec4 0, 0, 2;
    %store/vec4 v00000215d6a54570_0, 0, 2;
T_0.39 ;
T_0.36 ;
T_0.33 ;
T_0.21 ;
    %jmp T_0.3;
T_0.3 ;
    %pop/vec4 1;
    %load/vec4 v00000215d6a54430_0;
    %assign/vec4 v00000215d6a54390_0, 0;
    %load/vec4 v00000215d6a54570_0;
    %assign/vec4 v00000215d6a544d0_0, 0;
    %load/vec4 v00000215d6a54070_0;
    %assign/vec4 v00000215d6a53fd0_0, 0;
    %load/vec4 v00000215d6a54ca0_0;
    %assign/vec4 v00000215d6a54610_0, 0;
    %load/vec4 v00000215d6a542f0_0;
    %assign/vec4 v00000215d6a54250_0, 0;
    %jmp T_0;
    .thread T_0, $push;
# The file index is used to find the file name in the following table.
:file_names 3;
    "N/A";
    "<interactive>";
    "hazard_forwarding_unit.v";
