#! /c/Source/iverilog-install/bin/vvp
:ivl_version "12.0 (devel)" "(s20150603-1539-g2693dd32b)";
:ivl_delay_selection "TYPICAL";
:vpi_time_precision + 0;
:vpi_module "C:\iverilog\lib\ivl\system.vpi";
:vpi_module "C:\iverilog\lib\ivl\vhdl_sys.vpi";
:vpi_module "C:\iverilog\lib\ivl\vhdl_textio.vpi";
:vpi_module "C:\iverilog\lib\ivl\v2005_math.vpi";
:vpi_module "C:\iverilog\lib\ivl\va_math.vpi";
S_0000026ffd14b970 .scope module, "ram" "ram" 2 5;
 .timescale 0 0;
    .port_info 0 /OUTPUT 32 "DataOut";
    .port_info 1 /INPUT 1 "Enable";
    .port_info 2 /INPUT 1 "ReadWrite";
    .port_info 3 /INPUT 1 "SE";
    .port_info 4 /INPUT 9 "Address";
    .port_info 5 /INPUT 32 "DataIn";
    .port_info 6 /INPUT 2 "Size";
o0000026ffd1760f8 .functor BUFZ 9, C4<zzzzzzzzz>; HiZ drive
v0000026ffd122eb0_0 .net "Address", 8 0, o0000026ffd1760f8;  0 drivers
o0000026ffd176128 .functor BUFZ 32, C4<zzzzzzzzzzzzzzzzzzzzzzzzzzzzzzzz>; HiZ drive
v0000026ffd154420_0 .net "DataIn", 31 0, o0000026ffd176128;  0 drivers
v0000026ffd1544c0_0 .var "DataOut", 31 0;
o0000026ffd176188 .functor BUFZ 1, C4<z>; HiZ drive
v0000026ffd154560_0 .net "Enable", 0 0, o0000026ffd176188;  0 drivers
v0000026ffd154600 .array "Mem", 511 0, 7 0;
o0000026ffd17c1b8 .functor BUFZ 1, C4<z>; HiZ drive
v0000026ffd1546a0_0 .net "ReadWrite", 0 0, o0000026ffd17c1b8;  0 drivers
o0000026ffd17c1e8 .functor BUFZ 1, C4<z>; HiZ drive
v0000026ffd154740_0 .net "SE", 0 0, o0000026ffd17c1e8;  0 drivers
o0000026ffd17c218 .functor BUFZ 2, C4<zz>; HiZ drive
v0000026ffd1226e0_0 .net "Size", 1 0, o0000026ffd17c218;  0 drivers
E_0000026ffd23a4e0/0 .event anyedge, v0000026ffd154560_0, v0000026ffd1546a0_0, v0000026ffd1226e0_0, v0000026ffd154740_0;
v0000026ffd154600_0 .array/port v0000026ffd154600, 0;
v0000026ffd154600_1 .array/port v0000026ffd154600, 1;
v0000026ffd154600_2 .array/port v0000026ffd154600, 2;
E_0000026ffd23a4e0/1 .event anyedge, v0000026ffd122eb0_0, v0000026ffd154600_0, v0000026ffd154600_1, v0000026ffd154600_2;
v0000026ffd154600_3 .array/port v0000026ffd154600, 3;
v0000026ffd154600_4 .array/port v0000026ffd154600, 4;
v0000026ffd154600_5 .array/port v0000026ffd154600, 5;
v0000026ffd154600_6 .array/port v0000026ffd154600, 6;
E_0000026ffd23a4e0/2 .event anyedge, v0000026ffd154600_3, v0000026ffd154600_4, v0000026ffd154600_5, v0000026ffd154600_6;
v0000026ffd154600_7 .array/port v0000026ffd154600, 7;
v0000026ffd154600_8 .array/port v0000026ffd154600, 8;
v0000026ffd154600_9 .array/port v0000026ffd154600, 9;
v0000026ffd154600_10 .array/port v0000026ffd154600, 10;
E_0000026ffd23a4e0/3 .event anyedge, v0000026ffd154600_7, v0000026ffd154600_8, v0000026ffd154600_9, v0000026ffd154600_10;
v0000026ffd154600_11 .array/port v0000026ffd154600, 11;
v0000026ffd154600_12 .array/port v0000026ffd154600, 12;
v0000026ffd154600_13 .array/port v0000026ffd154600, 13;
v0000026ffd154600_14 .array/port v0000026ffd154600, 14;
E_0000026ffd23a4e0/4 .event anyedge, v0000026ffd154600_11, v0000026ffd154600_12, v0000026ffd154600_13, v0000026ffd154600_14;
v0000026ffd154600_15 .array/port v0000026ffd154600, 15;
v0000026ffd154600_16 .array/port v0000026ffd154600, 16;
v0000026ffd154600_17 .array/port v0000026ffd154600, 17;
v0000026ffd154600_18 .array/port v0000026ffd154600, 18;
E_0000026ffd23a4e0/5 .event anyedge, v0000026ffd154600_15, v0000026ffd154600_16, v0000026ffd154600_17, v0000026ffd154600_18;
v0000026ffd154600_19 .array/port v0000026ffd154600, 19;
v0000026ffd154600_20 .array/port v0000026ffd154600, 20;
v0000026ffd154600_21 .array/port v0000026ffd154600, 21;
v0000026ffd154600_22 .array/port v0000026ffd154600, 22;
E_0000026ffd23a4e0/6 .event anyedge, v0000026ffd154600_19, v0000026ffd154600_20, v0000026ffd154600_21, v0000026ffd154600_22;
v0000026ffd154600_23 .array/port v0000026ffd154600, 23;
v0000026ffd154600_24 .array/port v0000026ffd154600, 24;
v0000026ffd154600_25 .array/port v0000026ffd154600, 25;
v0000026ffd154600_26 .array/port v0000026ffd154600, 26;
E_0000026ffd23a4e0/7 .event anyedge, v0000026ffd154600_23, v0000026ffd154600_24, v0000026ffd154600_25, v0000026ffd154600_26;
v0000026ffd154600_27 .array/port v0000026ffd154600, 27;
v0000026ffd154600_28 .array/port v0000026ffd154600, 28;
v0000026ffd154600_29 .array/port v0000026ffd154600, 29;
v0000026ffd154600_30 .array/port v0000026ffd154600, 30;
E_0000026ffd23a4e0/8 .event anyedge, v0000026ffd154600_27, v0000026ffd154600_28, v0000026ffd154600_29, v0000026ffd154600_30;
v0000026ffd154600_31 .array/port v0000026ffd154600, 31;
v0000026ffd154600_32 .array/port v0000026ffd154600, 32;
v0000026ffd154600_33 .array/port v0000026ffd154600, 33;
v0000026ffd154600_34 .array/port v0000026ffd154600, 34;
E_0000026ffd23a4e0/9 .event anyedge, v0000026ffd154600_31, v0000026ffd154600_32, v0000026ffd154600_33, v0000026ffd154600_34;
v0000026ffd154600_35 .array/port v0000026ffd154600, 35;
v0000026ffd154600_36 .array/port v0000026ffd154600, 36;
v0000026ffd154600_37 .array/port v0000026ffd154600, 37;
v0000026ffd154600_38 .array/port v0000026ffd154600, 38;
E_0000026ffd23a4e0/10 .event anyedge, v0000026ffd154600_35, v0000026ffd154600_36, v0000026ffd154600_37, v0000026ffd154600_38;
v0000026ffd154600_39 .array/port v0000026ffd154600, 39;
v0000026ffd154600_40 .array/port v0000026ffd154600, 40;
v0000026ffd154600_41 .array/port v0000026ffd154600, 41;
v0000026ffd154600_42 .array/port v0000026ffd154600, 42;
E_0000026ffd23a4e0/11 .event anyedge, v0000026ffd154600_39, v0000026ffd154600_40, v0000026ffd154600_41, v0000026ffd154600_42;
v0000026ffd154600_43 .array/port v0000026ffd154600, 43;
v0000026ffd154600_44 .array/port v0000026ffd154600, 44;
v0000026ffd154600_45 .array/port v0000026ffd154600, 45;
v0000026ffd154600_46 .array/port v0000026ffd154600, 46;
E_0000026ffd23a4e0/12 .event anyedge, v0000026ffd154600_43, v0000026ffd154600_44, v0000026ffd154600_45, v0000026ffd154600_46;
v0000026ffd154600_47 .array/port v0000026ffd154600, 47;
v0000026ffd154600_48 .array/port v0000026ffd154600, 48;
v0000026ffd154600_49 .array/port v0000026ffd154600, 49;
v0000026ffd154600_50 .array/port v0000026ffd154600, 50;
E_0000026ffd23a4e0/13 .event anyedge, v0000026ffd154600_47, v0000026ffd154600_48, v0000026ffd154600_49, v0000026ffd154600_50;
v0000026ffd154600_51 .array/port v0000026ffd154600, 51;
v0000026ffd154600_52 .array/port v0000026ffd154600, 52;
v0000026ffd154600_53 .array/port v0000026ffd154600, 53;
v0000026ffd154600_54 .array/port v0000026ffd154600, 54;
E_0000026ffd23a4e0/14 .event anyedge, v0000026ffd154600_51, v0000026ffd154600_52, v0000026ffd154600_53, v0000026ffd154600_54;
v0000026ffd154600_55 .array/port v0000026ffd154600, 55;
v0000026ffd154600_56 .array/port v0000026ffd154600, 56;
v0000026ffd154600_57 .array/port v0000026ffd154600, 57;
v0000026ffd154600_58 .array/port v0000026ffd154600, 58;
E_0000026ffd23a4e0/15 .event anyedge, v0000026ffd154600_55, v0000026ffd154600_56, v0000026ffd154600_57, v0000026ffd154600_58;
v0000026ffd154600_59 .array/port v0000026ffd154600, 59;
v0000026ffd154600_60 .array/port v0000026ffd154600, 60;
v0000026ffd154600_61 .array/port v0000026ffd154600, 61;
v0000026ffd154600_62 .array/port v0000026ffd154600, 62;
E_0000026ffd23a4e0/16 .event anyedge, v0000026ffd154600_59, v0000026ffd154600_60, v0000026ffd154600_61, v0000026ffd154600_62;
v0000026ffd154600_63 .array/port v0000026ffd154600, 63;
v0000026ffd154600_64 .array/port v0000026ffd154600, 64;
v0000026ffd154600_65 .array/port v0000026ffd154600, 65;
v0000026ffd154600_66 .array/port v0000026ffd154600, 66;
E_0000026ffd23a4e0/17 .event anyedge, v0000026ffd154600_63, v0000026ffd154600_64, v0000026ffd154600_65, v0000026ffd154600_66;
v0000026ffd154600_67 .array/port v0000026ffd154600, 67;
v0000026ffd154600_68 .array/port v0000026ffd154600, 68;
v0000026ffd154600_69 .array/port v0000026ffd154600, 69;
v0000026ffd154600_70 .array/port v0000026ffd154600, 70;
E_0000026ffd23a4e0/18 .event anyedge, v0000026ffd154600_67, v0000026ffd154600_68, v0000026ffd154600_69, v0000026ffd154600_70;
v0000026ffd154600_71 .array/port v0000026ffd154600, 71;
v0000026ffd154600_72 .array/port v0000026ffd154600, 72;
v0000026ffd154600_73 .array/port v0000026ffd154600, 73;
v0000026ffd154600_74 .array/port v0000026ffd154600, 74;
E_0000026ffd23a4e0/19 .event anyedge, v0000026ffd154600_71, v0000026ffd154600_72, v0000026ffd154600_73, v0000026ffd154600_74;
v0000026ffd154600_75 .array/port v0000026ffd154600, 75;
v0000026ffd154600_76 .array/port v0000026ffd154600, 76;
v0000026ffd154600_77 .array/port v0000026ffd154600, 77;
v0000026ffd154600_78 .array/port v0000026ffd154600, 78;
E_0000026ffd23a4e0/20 .event anyedge, v0000026ffd154600_75, v0000026ffd154600_76, v0000026ffd154600_77, v0000026ffd154600_78;
v0000026ffd154600_79 .array/port v0000026ffd154600, 79;
v0000026ffd154600_80 .array/port v0000026ffd154600, 80;
v0000026ffd154600_81 .array/port v0000026ffd154600, 81;
v0000026ffd154600_82 .array/port v0000026ffd154600, 82;
E_0000026ffd23a4e0/21 .event anyedge, v0000026ffd154600_79, v0000026ffd154600_80, v0000026ffd154600_81, v0000026ffd154600_82;
v0000026ffd154600_83 .array/port v0000026ffd154600, 83;
v0000026ffd154600_84 .array/port v0000026ffd154600, 84;
v0000026ffd154600_85 .array/port v0000026ffd154600, 85;
v0000026ffd154600_86 .array/port v0000026ffd154600, 86;
E_0000026ffd23a4e0/22 .event anyedge, v0000026ffd154600_83, v0000026ffd154600_84, v0000026ffd154600_85, v0000026ffd154600_86;
v0000026ffd154600_87 .array/port v0000026ffd154600, 87;
v0000026ffd154600_88 .array/port v0000026ffd154600, 88;
v0000026ffd154600_89 .array/port v0000026ffd154600, 89;
v0000026ffd154600_90 .array/port v0000026ffd154600, 90;
E_0000026ffd23a4e0/23 .event anyedge, v0000026ffd154600_87, v0000026ffd154600_88, v0000026ffd154600_89, v0000026ffd154600_90;
v0000026ffd154600_91 .array/port v0000026ffd154600, 91;
v0000026ffd154600_92 .array/port v0000026ffd154600, 92;
v0000026ffd154600_93 .array/port v0000026ffd154600, 93;
v0000026ffd154600_94 .array/port v0000026ffd154600, 94;
E_0000026ffd23a4e0/24 .event anyedge, v0000026ffd154600_91, v0000026ffd154600_92, v0000026ffd154600_93, v0000026ffd154600_94;
v0000026ffd154600_95 .array/port v0000026ffd154600, 95;
v0000026ffd154600_96 .array/port v0000026ffd154600, 96;
v0000026ffd154600_97 .array/port v0000026ffd154600, 97;
v0000026ffd154600_98 .array/port v0000026ffd154600, 98;
E_0000026ffd23a4e0/25 .event anyedge, v0000026ffd154600_95, v0000026ffd154600_96, v0000026ffd154600_97, v0000026ffd154600_98;
v0000026ffd154600_99 .array/port v0000026ffd154600, 99;
v0000026ffd154600_100 .array/port v0000026ffd154600, 100;
v0000026ffd154600_101 .array/port v0000026ffd154600, 101;
v0000026ffd154600_102 .array/port v0000026ffd154600, 102;
E_0000026ffd23a4e0/26 .event anyedge, v0000026ffd154600_99, v0000026ffd154600_100, v0000026ffd154600_101, v0000026ffd154600_102;
v0000026ffd154600_103 .array/port v0000026ffd154600, 103;
v0000026ffd154600_104 .array/port v0000026ffd154600, 104;
v0000026ffd154600_105 .array/port v0000026ffd154600, 105;
v0000026ffd154600_106 .array/port v0000026ffd154600, 106;
E_0000026ffd23a4e0/27 .event anyedge, v0000026ffd154600_103, v0000026ffd154600_104, v0000026ffd154600_105, v0000026ffd154600_106;
v0000026ffd154600_107 .array/port v0000026ffd154600, 107;
v0000026ffd154600_108 .array/port v0000026ffd154600, 108;
v0000026ffd154600_109 .array/port v0000026ffd154600, 109;
v0000026ffd154600_110 .array/port v0000026ffd154600, 110;
E_0000026ffd23a4e0/28 .event anyedge, v0000026ffd154600_107, v0000026ffd154600_108, v0000026ffd154600_109, v0000026ffd154600_110;
v0000026ffd154600_111 .array/port v0000026ffd154600, 111;
v0000026ffd154600_112 .array/port v0000026ffd154600, 112;
v0000026ffd154600_113 .array/port v0000026ffd154600, 113;
v0000026ffd154600_114 .array/port v0000026ffd154600, 114;
E_0000026ffd23a4e0/29 .event anyedge, v0000026ffd154600_111, v0000026ffd154600_112, v0000026ffd154600_113, v0000026ffd154600_114;
v0000026ffd154600_115 .array/port v0000026ffd154600, 115;
v0000026ffd154600_116 .array/port v0000026ffd154600, 116;
v0000026ffd154600_117 .array/port v0000026ffd154600, 117;
v0000026ffd154600_118 .array/port v0000026ffd154600, 118;
E_0000026ffd23a4e0/30 .event anyedge, v0000026ffd154600_115, v0000026ffd154600_116, v0000026ffd154600_117, v0000026ffd154600_118;
v0000026ffd154600_119 .array/port v0000026ffd154600, 119;
v0000026ffd154600_120 .array/port v0000026ffd154600, 120;
v0000026ffd154600_121 .array/port v0000026ffd154600, 121;
v0000026ffd154600_122 .array/port v0000026ffd154600, 122;
E_0000026ffd23a4e0/31 .event anyedge, v0000026ffd154600_119, v0000026ffd154600_120, v0000026ffd154600_121, v0000026ffd154600_122;
v0000026ffd154600_123 .array/port v0000026ffd154600, 123;
v0000026ffd154600_124 .array/port v0000026ffd154600, 124;
v0000026ffd154600_125 .array/port v0000026ffd154600, 125;
v0000026ffd154600_126 .array/port v0000026ffd154600, 126;
E_0000026ffd23a4e0/32 .event anyedge, v0000026ffd154600_123, v0000026ffd154600_124, v0000026ffd154600_125, v0000026ffd154600_126;
v0000026ffd154600_127 .array/port v0000026ffd154600, 127;
v0000026ffd154600_128 .array/port v0000026ffd154600, 128;
v0000026ffd154600_129 .array/port v0000026ffd154600, 129;
v0000026ffd154600_130 .array/port v0000026ffd154600, 130;
E_0000026ffd23a4e0/33 .event anyedge, v0000026ffd154600_127, v0000026ffd154600_128, v0000026ffd154600_129, v0000026ffd154600_130;
v0000026ffd154600_131 .array/port v0000026ffd154600, 131;
v0000026ffd154600_132 .array/port v0000026ffd154600, 132;
v0000026ffd154600_133 .array/port v0000026ffd154600, 133;
v0000026ffd154600_134 .array/port v0000026ffd154600, 134;
E_0000026ffd23a4e0/34 .event anyedge, v0000026ffd154600_131, v0000026ffd154600_132, v0000026ffd154600_133, v0000026ffd154600_134;
v0000026ffd154600_135 .array/port v0000026ffd154600, 135;
v0000026ffd154600_136 .array/port v0000026ffd154600, 136;
v0000026ffd154600_137 .array/port v0000026ffd154600, 137;
v0000026ffd154600_138 .array/port v0000026ffd154600, 138;
E_0000026ffd23a4e0/35 .event anyedge, v0000026ffd154600_135, v0000026ffd154600_136, v0000026ffd154600_137, v0000026ffd154600_138;
v0000026ffd154600_139 .array/port v0000026ffd154600, 139;
v0000026ffd154600_140 .array/port v0000026ffd154600, 140;
v0000026ffd154600_141 .array/port v0000026ffd154600, 141;
v0000026ffd154600_142 .array/port v0000026ffd154600, 142;
E_0000026ffd23a4e0/36 .event anyedge, v0000026ffd154600_139, v0000026ffd154600_140, v0000026ffd154600_141, v0000026ffd154600_142;
v0000026ffd154600_143 .array/port v0000026ffd154600, 143;
v0000026ffd154600_144 .array/port v0000026ffd154600, 144;
v0000026ffd154600_145 .array/port v0000026ffd154600, 145;
v0000026ffd154600_146 .array/port v0000026ffd154600, 146;
E_0000026ffd23a4e0/37 .event anyedge, v0000026ffd154600_143, v0000026ffd154600_144, v0000026ffd154600_145, v0000026ffd154600_146;
v0000026ffd154600_147 .array/port v0000026ffd154600, 147;
v0000026ffd154600_148 .array/port v0000026ffd154600, 148;
v0000026ffd154600_149 .array/port v0000026ffd154600, 149;
v0000026ffd154600_150 .array/port v0000026ffd154600, 150;
E_0000026ffd23a4e0/38 .event anyedge, v0000026ffd154600_147, v0000026ffd154600_148, v0000026ffd154600_149, v0000026ffd154600_150;
v0000026ffd154600_151 .array/port v0000026ffd154600, 151;
v0000026ffd154600_152 .array/port v0000026ffd154600, 152;
v0000026ffd154600_153 .array/port v0000026ffd154600, 153;
v0000026ffd154600_154 .array/port v0000026ffd154600, 154;
E_0000026ffd23a4e0/39 .event anyedge, v0000026ffd154600_151, v0000026ffd154600_152, v0000026ffd154600_153, v0000026ffd154600_154;
v0000026ffd154600_155 .array/port v0000026ffd154600, 155;
v0000026ffd154600_156 .array/port v0000026ffd154600, 156;
v0000026ffd154600_157 .array/port v0000026ffd154600, 157;
v0000026ffd154600_158 .array/port v0000026ffd154600, 158;
E_0000026ffd23a4e0/40 .event anyedge, v0000026ffd154600_155, v0000026ffd154600_156, v0000026ffd154600_157, v0000026ffd154600_158;
v0000026ffd154600_159 .array/port v0000026ffd154600, 159;
v0000026ffd154600_160 .array/port v0000026ffd154600, 160;
v0000026ffd154600_161 .array/port v0000026ffd154600, 161;
v0000026ffd154600_162 .array/port v0000026ffd154600, 162;
E_0000026ffd23a4e0/41 .event anyedge, v0000026ffd154600_159, v0000026ffd154600_160, v0000026ffd154600_161, v0000026ffd154600_162;
v0000026ffd154600_163 .array/port v0000026ffd154600, 163;
v0000026ffd154600_164 .array/port v0000026ffd154600, 164;
v0000026ffd154600_165 .array/port v0000026ffd154600, 165;
v0000026ffd154600_166 .array/port v0000026ffd154600, 166;
E_0000026ffd23a4e0/42 .event anyedge, v0000026ffd154600_163, v0000026ffd154600_164, v0000026ffd154600_165, v0000026ffd154600_166;
v0000026ffd154600_167 .array/port v0000026ffd154600, 167;
v0000026ffd154600_168 .array/port v0000026ffd154600, 168;
v0000026ffd154600_169 .array/port v0000026ffd154600, 169;
v0000026ffd154600_170 .array/port v0000026ffd154600, 170;
E_0000026ffd23a4e0/43 .event anyedge, v0000026ffd154600_167, v0000026ffd154600_168, v0000026ffd154600_169, v0000026ffd154600_170;
v0000026ffd154600_171 .array/port v0000026ffd154600, 171;
v0000026ffd154600_172 .array/port v0000026ffd154600, 172;
v0000026ffd154600_173 .array/port v0000026ffd154600, 173;
v0000026ffd154600_174 .array/port v0000026ffd154600, 174;
E_0000026ffd23a4e0/44 .event anyedge, v0000026ffd154600_171, v0000026ffd154600_172, v0000026ffd154600_173, v0000026ffd154600_174;
v0000026ffd154600_175 .array/port v0000026ffd154600, 175;
v0000026ffd154600_176 .array/port v0000026ffd154600, 176;
v0000026ffd154600_177 .array/port v0000026ffd154600, 177;
v0000026ffd154600_178 .array/port v0000026ffd154600, 178;
E_0000026ffd23a4e0/45 .event anyedge, v0000026ffd154600_175, v0000026ffd154600_176, v0000026ffd154600_177, v0000026ffd154600_178;
v0000026ffd154600_179 .array/port v0000026ffd154600, 179;
v0000026ffd154600_180 .array/port v0000026ffd154600, 180;
v0000026ffd154600_181 .array/port v0000026ffd154600, 181;
v0000026ffd154600_182 .array/port v0000026ffd154600, 182;
E_0000026ffd23a4e0/46 .event anyedge, v0000026ffd154600_179, v0000026ffd154600_180, v0000026ffd154600_181, v0000026ffd154600_182;
v0000026ffd154600_183 .array/port v0000026ffd154600, 183;
v0000026ffd154600_184 .array/port v0000026ffd154600, 184;
v0000026ffd154600_185 .array/port v0000026ffd154600, 185;
v0000026ffd154600_186 .array/port v0000026ffd154600, 186;
E_0000026ffd23a4e0/47 .event anyedge, v0000026ffd154600_183, v0000026ffd154600_184, v0000026ffd154600_185, v0000026ffd154600_186;
v0000026ffd154600_187 .array/port v0000026ffd154600, 187;
v0000026ffd154600_188 .array/port v0000026ffd154600, 188;
v0000026ffd154600_189 .array/port v0000026ffd154600, 189;
v0000026ffd154600_190 .array/port v0000026ffd154600, 190;
E_0000026ffd23a4e0/48 .event anyedge, v0000026ffd154600_187, v0000026ffd154600_188, v0000026ffd154600_189, v0000026ffd154600_190;
v0000026ffd154600_191 .array/port v0000026ffd154600, 191;
v0000026ffd154600_192 .array/port v0000026ffd154600, 192;
v0000026ffd154600_193 .array/port v0000026ffd154600, 193;
v0000026ffd154600_194 .array/port v0000026ffd154600, 194;
E_0000026ffd23a4e0/49 .event anyedge, v0000026ffd154600_191, v0000026ffd154600_192, v0000026ffd154600_193, v0000026ffd154600_194;
v0000026ffd154600_195 .array/port v0000026ffd154600, 195;
v0000026ffd154600_196 .array/port v0000026ffd154600, 196;
v0000026ffd154600_197 .array/port v0000026ffd154600, 197;
v0000026ffd154600_198 .array/port v0000026ffd154600, 198;
E_0000026ffd23a4e0/50 .event anyedge, v0000026ffd154600_195, v0000026ffd154600_196, v0000026ffd154600_197, v0000026ffd154600_198;
v0000026ffd154600_199 .array/port v0000026ffd154600, 199;
v0000026ffd154600_200 .array/port v0000026ffd154600, 200;
v0000026ffd154600_201 .array/port v0000026ffd154600, 201;
v0000026ffd154600_202 .array/port v0000026ffd154600, 202;
E_0000026ffd23a4e0/51 .event anyedge, v0000026ffd154600_199, v0000026ffd154600_200, v0000026ffd154600_201, v0000026ffd154600_202;
v0000026ffd154600_203 .array/port v0000026ffd154600, 203;
v0000026ffd154600_204 .array/port v0000026ffd154600, 204;
v0000026ffd154600_205 .array/port v0000026ffd154600, 205;
v0000026ffd154600_206 .array/port v0000026ffd154600, 206;
E_0000026ffd23a4e0/52 .event anyedge, v0000026ffd154600_203, v0000026ffd154600_204, v0000026ffd154600_205, v0000026ffd154600_206;
v0000026ffd154600_207 .array/port v0000026ffd154600, 207;
v0000026ffd154600_208 .array/port v0000026ffd154600, 208;
v0000026ffd154600_209 .array/port v0000026ffd154600, 209;
v0000026ffd154600_210 .array/port v0000026ffd154600, 210;
E_0000026ffd23a4e0/53 .event anyedge, v0000026ffd154600_207, v0000026ffd154600_208, v0000026ffd154600_209, v0000026ffd154600_210;
v0000026ffd154600_211 .array/port v0000026ffd154600, 211;
v0000026ffd154600_212 .array/port v0000026ffd154600, 212;
v0000026ffd154600_213 .array/port v0000026ffd154600, 213;
v0000026ffd154600_214 .array/port v0000026ffd154600, 214;
E_0000026ffd23a4e0/54 .event anyedge, v0000026ffd154600_211, v0000026ffd154600_212, v0000026ffd154600_213, v0000026ffd154600_214;
v0000026ffd154600_215 .array/port v0000026ffd154600, 215;
v0000026ffd154600_216 .array/port v0000026ffd154600, 216;
v0000026ffd154600_217 .array/port v0000026ffd154600, 217;
v0000026ffd154600_218 .array/port v0000026ffd154600, 218;
E_0000026ffd23a4e0/55 .event anyedge, v0000026ffd154600_215, v0000026ffd154600_216, v0000026ffd154600_217, v0000026ffd154600_218;
v0000026ffd154600_219 .array/port v0000026ffd154600, 219;
v0000026ffd154600_220 .array/port v0000026ffd154600, 220;
v0000026ffd154600_221 .array/port v0000026ffd154600, 221;
v0000026ffd154600_222 .array/port v0000026ffd154600, 222;
E_0000026ffd23a4e0/56 .event anyedge, v0000026ffd154600_219, v0000026ffd154600_220, v0000026ffd154600_221, v0000026ffd154600_222;
v0000026ffd154600_223 .array/port v0000026ffd154600, 223;
v0000026ffd154600_224 .array/port v0000026ffd154600, 224;
v0000026ffd154600_225 .array/port v0000026ffd154600, 225;
v0000026ffd154600_226 .array/port v0000026ffd154600, 226;
E_0000026ffd23a4e0/57 .event anyedge, v0000026ffd154600_223, v0000026ffd154600_224, v0000026ffd154600_225, v0000026ffd154600_226;
v0000026ffd154600_227 .array/port v0000026ffd154600, 227;
v0000026ffd154600_228 .array/port v0000026ffd154600, 228;
v0000026ffd154600_229 .array/port v0000026ffd154600, 229;
v0000026ffd154600_230 .array/port v0000026ffd154600, 230;
E_0000026ffd23a4e0/58 .event anyedge, v0000026ffd154600_227, v0000026ffd154600_228, v0000026ffd154600_229, v0000026ffd154600_230;
v0000026ffd154600_231 .array/port v0000026ffd154600, 231;
v0000026ffd154600_232 .array/port v0000026ffd154600, 232;
v0000026ffd154600_233 .array/port v0000026ffd154600, 233;
v0000026ffd154600_234 .array/port v0000026ffd154600, 234;
E_0000026ffd23a4e0/59 .event anyedge, v0000026ffd154600_231, v0000026ffd154600_232, v0000026ffd154600_233, v0000026ffd154600_234;
v0000026ffd154600_235 .array/port v0000026ffd154600, 235;
v0000026ffd154600_236 .array/port v0000026ffd154600, 236;
v0000026ffd154600_237 .array/port v0000026ffd154600, 237;
v0000026ffd154600_238 .array/port v0000026ffd154600, 238;
E_0000026ffd23a4e0/60 .event anyedge, v0000026ffd154600_235, v0000026ffd154600_236, v0000026ffd154600_237, v0000026ffd154600_238;
v0000026ffd154600_239 .array/port v0000026ffd154600, 239;
v0000026ffd154600_240 .array/port v0000026ffd154600, 240;
v0000026ffd154600_241 .array/port v0000026ffd154600, 241;
v0000026ffd154600_242 .array/port v0000026ffd154600, 242;
E_0000026ffd23a4e0/61 .event anyedge, v0000026ffd154600_239, v0000026ffd154600_240, v0000026ffd154600_241, v0000026ffd154600_242;
v0000026ffd154600_243 .array/port v0000026ffd154600, 243;
v0000026ffd154600_244 .array/port v0000026ffd154600, 244;
v0000026ffd154600_245 .array/port v0000026ffd154600, 245;
v0000026ffd154600_246 .array/port v0000026ffd154600, 246;
E_0000026ffd23a4e0/62 .event anyedge, v0000026ffd154600_243, v0000026ffd154600_244, v0000026ffd154600_245, v0000026ffd154600_246;
v0000026ffd154600_247 .array/port v0000026ffd154600, 247;
v0000026ffd154600_248 .array/port v0000026ffd154600, 248;
v0000026ffd154600_249 .array/port v0000026ffd154600, 249;
v0000026ffd154600_250 .array/port v0000026ffd154600, 250;
E_0000026ffd23a4e0/63 .event anyedge, v0000026ffd154600_247, v0000026ffd154600_248, v0000026ffd154600_249, v0000026ffd154600_250;
v0000026ffd154600_251 .array/port v0000026ffd154600, 251;
v0000026ffd154600_252 .array/port v0000026ffd154600, 252;
v0000026ffd154600_253 .array/port v0000026ffd154600, 253;
v0000026ffd154600_254 .array/port v0000026ffd154600, 254;
E_0000026ffd23a4e0/64 .event anyedge, v0000026ffd154600_251, v0000026ffd154600_252, v0000026ffd154600_253, v0000026ffd154600_254;
v0000026ffd154600_255 .array/port v0000026ffd154600, 255;
v0000026ffd154600_256 .array/port v0000026ffd154600, 256;
v0000026ffd154600_257 .array/port v0000026ffd154600, 257;
v0000026ffd154600_258 .array/port v0000026ffd154600, 258;
E_0000026ffd23a4e0/65 .event anyedge, v0000026ffd154600_255, v0000026ffd154600_256, v0000026ffd154600_257, v0000026ffd154600_258;
v0000026ffd154600_259 .array/port v0000026ffd154600, 259;
v0000026ffd154600_260 .array/port v0000026ffd154600, 260;
v0000026ffd154600_261 .array/port v0000026ffd154600, 261;
v0000026ffd154600_262 .array/port v0000026ffd154600, 262;
E_0000026ffd23a4e0/66 .event anyedge, v0000026ffd154600_259, v0000026ffd154600_260, v0000026ffd154600_261, v0000026ffd154600_262;
v0000026ffd154600_263 .array/port v0000026ffd154600, 263;
v0000026ffd154600_264 .array/port v0000026ffd154600, 264;
v0000026ffd154600_265 .array/port v0000026ffd154600, 265;
v0000026ffd154600_266 .array/port v0000026ffd154600, 266;
E_0000026ffd23a4e0/67 .event anyedge, v0000026ffd154600_263, v0000026ffd154600_264, v0000026ffd154600_265, v0000026ffd154600_266;
v0000026ffd154600_267 .array/port v0000026ffd154600, 267;
v0000026ffd154600_268 .array/port v0000026ffd154600, 268;
v0000026ffd154600_269 .array/port v0000026ffd154600, 269;
v0000026ffd154600_270 .array/port v0000026ffd154600, 270;
E_0000026ffd23a4e0/68 .event anyedge, v0000026ffd154600_267, v0000026ffd154600_268, v0000026ffd154600_269, v0000026ffd154600_270;
v0000026ffd154600_271 .array/port v0000026ffd154600, 271;
v0000026ffd154600_272 .array/port v0000026ffd154600, 272;
v0000026ffd154600_273 .array/port v0000026ffd154600, 273;
v0000026ffd154600_274 .array/port v0000026ffd154600, 274;
E_0000026ffd23a4e0/69 .event anyedge, v0000026ffd154600_271, v0000026ffd154600_272, v0000026ffd154600_273, v0000026ffd154600_274;
v0000026ffd154600_275 .array/port v0000026ffd154600, 275;
v0000026ffd154600_276 .array/port v0000026ffd154600, 276;
v0000026ffd154600_277 .array/port v0000026ffd154600, 277;
v0000026ffd154600_278 .array/port v0000026ffd154600, 278;
E_0000026ffd23a4e0/70 .event anyedge, v0000026ffd154600_275, v0000026ffd154600_276, v0000026ffd154600_277, v0000026ffd154600_278;
v0000026ffd154600_279 .array/port v0000026ffd154600, 279;
v0000026ffd154600_280 .array/port v0000026ffd154600, 280;
v0000026ffd154600_281 .array/port v0000026ffd154600, 281;
v0000026ffd154600_282 .array/port v0000026ffd154600, 282;
E_0000026ffd23a4e0/71 .event anyedge, v0000026ffd154600_279, v0000026ffd154600_280, v0000026ffd154600_281, v0000026ffd154600_282;
v0000026ffd154600_283 .array/port v0000026ffd154600, 283;
v0000026ffd154600_284 .array/port v0000026ffd154600, 284;
v0000026ffd154600_285 .array/port v0000026ffd154600, 285;
v0000026ffd154600_286 .array/port v0000026ffd154600, 286;
E_0000026ffd23a4e0/72 .event anyedge, v0000026ffd154600_283, v0000026ffd154600_284, v0000026ffd154600_285, v0000026ffd154600_286;
v0000026ffd154600_287 .array/port v0000026ffd154600, 287;
v0000026ffd154600_288 .array/port v0000026ffd154600, 288;
v0000026ffd154600_289 .array/port v0000026ffd154600, 289;
v0000026ffd154600_290 .array/port v0000026ffd154600, 290;
E_0000026ffd23a4e0/73 .event anyedge, v0000026ffd154600_287, v0000026ffd154600_288, v0000026ffd154600_289, v0000026ffd154600_290;
v0000026ffd154600_291 .array/port v0000026ffd154600, 291;
v0000026ffd154600_292 .array/port v0000026ffd154600, 292;
v0000026ffd154600_293 .array/port v0000026ffd154600, 293;
v0000026ffd154600_294 .array/port v0000026ffd154600, 294;
E_0000026ffd23a4e0/74 .event anyedge, v0000026ffd154600_291, v0000026ffd154600_292, v0000026ffd154600_293, v0000026ffd154600_294;
v0000026ffd154600_295 .array/port v0000026ffd154600, 295;
v0000026ffd154600_296 .array/port v0000026ffd154600, 296;
v0000026ffd154600_297 .array/port v0000026ffd154600, 297;
v0000026ffd154600_298 .array/port v0000026ffd154600, 298;
E_0000026ffd23a4e0/75 .event anyedge, v0000026ffd154600_295, v0000026ffd154600_296, v0000026ffd154600_297, v0000026ffd154600_298;
v0000026ffd154600_299 .array/port v0000026ffd154600, 299;
v0000026ffd154600_300 .array/port v0000026ffd154600, 300;
v0000026ffd154600_301 .array/port v0000026ffd154600, 301;
v0000026ffd154600_302 .array/port v0000026ffd154600, 302;
E_0000026ffd23a4e0/76 .event anyedge, v0000026ffd154600_299, v0000026ffd154600_300, v0000026ffd154600_301, v0000026ffd154600_302;
v0000026ffd154600_303 .array/port v0000026ffd154600, 303;
v0000026ffd154600_304 .array/port v0000026ffd154600, 304;
v0000026ffd154600_305 .array/port v0000026ffd154600, 305;
v0000026ffd154600_306 .array/port v0000026ffd154600, 306;
E_0000026ffd23a4e0/77 .event anyedge, v0000026ffd154600_303, v0000026ffd154600_304, v0000026ffd154600_305, v0000026ffd154600_306;
v0000026ffd154600_307 .array/port v0000026ffd154600, 307;
v0000026ffd154600_308 .array/port v0000026ffd154600, 308;
v0000026ffd154600_309 .array/port v0000026ffd154600, 309;
v0000026ffd154600_310 .array/port v0000026ffd154600, 310;
E_0000026ffd23a4e0/78 .event anyedge, v0000026ffd154600_307, v0000026ffd154600_308, v0000026ffd154600_309, v0000026ffd154600_310;
v0000026ffd154600_311 .array/port v0000026ffd154600, 311;
v0000026ffd154600_312 .array/port v0000026ffd154600, 312;
v0000026ffd154600_313 .array/port v0000026ffd154600, 313;
v0000026ffd154600_314 .array/port v0000026ffd154600, 314;
E_0000026ffd23a4e0/79 .event anyedge, v0000026ffd154600_311, v0000026ffd154600_312, v0000026ffd154600_313, v0000026ffd154600_314;
v0000026ffd154600_315 .array/port v0000026ffd154600, 315;
v0000026ffd154600_316 .array/port v0000026ffd154600, 316;
v0000026ffd154600_317 .array/port v0000026ffd154600, 317;
v0000026ffd154600_318 .array/port v0000026ffd154600, 318;
E_0000026ffd23a4e0/80 .event anyedge, v0000026ffd154600_315, v0000026ffd154600_316, v0000026ffd154600_317, v0000026ffd154600_318;
v0000026ffd154600_319 .array/port v0000026ffd154600, 319;
v0000026ffd154600_320 .array/port v0000026ffd154600, 320;
v0000026ffd154600_321 .array/port v0000026ffd154600, 321;
v0000026ffd154600_322 .array/port v0000026ffd154600, 322;
E_0000026ffd23a4e0/81 .event anyedge, v0000026ffd154600_319, v0000026ffd154600_320, v0000026ffd154600_321, v0000026ffd154600_322;
v0000026ffd154600_323 .array/port v0000026ffd154600, 323;
v0000026ffd154600_324 .array/port v0000026ffd154600, 324;
v0000026ffd154600_325 .array/port v0000026ffd154600, 325;
v0000026ffd154600_326 .array/port v0000026ffd154600, 326;
E_0000026ffd23a4e0/82 .event anyedge, v0000026ffd154600_323, v0000026ffd154600_324, v0000026ffd154600_325, v0000026ffd154600_326;
v0000026ffd154600_327 .array/port v0000026ffd154600, 327;
v0000026ffd154600_328 .array/port v0000026ffd154600, 328;
v0000026ffd154600_329 .array/port v0000026ffd154600, 329;
v0000026ffd154600_330 .array/port v0000026ffd154600, 330;
E_0000026ffd23a4e0/83 .event anyedge, v0000026ffd154600_327, v0000026ffd154600_328, v0000026ffd154600_329, v0000026ffd154600_330;
v0000026ffd154600_331 .array/port v0000026ffd154600, 331;
v0000026ffd154600_332 .array/port v0000026ffd154600, 332;
v0000026ffd154600_333 .array/port v0000026ffd154600, 333;
v0000026ffd154600_334 .array/port v0000026ffd154600, 334;
E_0000026ffd23a4e0/84 .event anyedge, v0000026ffd154600_331, v0000026ffd154600_332, v0000026ffd154600_333, v0000026ffd154600_334;
v0000026ffd154600_335 .array/port v0000026ffd154600, 335;
v0000026ffd154600_336 .array/port v0000026ffd154600, 336;
v0000026ffd154600_337 .array/port v0000026ffd154600, 337;
v0000026ffd154600_338 .array/port v0000026ffd154600, 338;
E_0000026ffd23a4e0/85 .event anyedge, v0000026ffd154600_335, v0000026ffd154600_336, v0000026ffd154600_337, v0000026ffd154600_338;
v0000026ffd154600_339 .array/port v0000026ffd154600, 339;
v0000026ffd154600_340 .array/port v0000026ffd154600, 340;
v0000026ffd154600_341 .array/port v0000026ffd154600, 341;
v0000026ffd154600_342 .array/port v0000026ffd154600, 342;
E_0000026ffd23a4e0/86 .event anyedge, v0000026ffd154600_339, v0000026ffd154600_340, v0000026ffd154600_341, v0000026ffd154600_342;
v0000026ffd154600_343 .array/port v0000026ffd154600, 343;
v0000026ffd154600_344 .array/port v0000026ffd154600, 344;
v0000026ffd154600_345 .array/port v0000026ffd154600, 345;
v0000026ffd154600_346 .array/port v0000026ffd154600, 346;
E_0000026ffd23a4e0/87 .event anyedge, v0000026ffd154600_343, v0000026ffd154600_344, v0000026ffd154600_345, v0000026ffd154600_346;
v0000026ffd154600_347 .array/port v0000026ffd154600, 347;
v0000026ffd154600_348 .array/port v0000026ffd154600, 348;
v0000026ffd154600_349 .array/port v0000026ffd154600, 349;
v0000026ffd154600_350 .array/port v0000026ffd154600, 350;
E_0000026ffd23a4e0/88 .event anyedge, v0000026ffd154600_347, v0000026ffd154600_348, v0000026ffd154600_349, v0000026ffd154600_350;
v0000026ffd154600_351 .array/port v0000026ffd154600, 351;
v0000026ffd154600_352 .array/port v0000026ffd154600, 352;
v0000026ffd154600_353 .array/port v0000026ffd154600, 353;
v0000026ffd154600_354 .array/port v0000026ffd154600, 354;
E_0000026ffd23a4e0/89 .event anyedge, v0000026ffd154600_351, v0000026ffd154600_352, v0000026ffd154600_353, v0000026ffd154600_354;
v0000026ffd154600_355 .array/port v0000026ffd154600, 355;
v0000026ffd154600_356 .array/port v0000026ffd154600, 356;
v0000026ffd154600_357 .array/port v0000026ffd154600, 357;
v0000026ffd154600_358 .array/port v0000026ffd154600, 358;
E_0000026ffd23a4e0/90 .event anyedge, v0000026ffd154600_355, v0000026ffd154600_356, v0000026ffd154600_357, v0000026ffd154600_358;
v0000026ffd154600_359 .array/port v0000026ffd154600, 359;
v0000026ffd154600_360 .array/port v0000026ffd154600, 360;
v0000026ffd154600_361 .array/port v0000026ffd154600, 361;
v0000026ffd154600_362 .array/port v0000026ffd154600, 362;
E_0000026ffd23a4e0/91 .event anyedge, v0000026ffd154600_359, v0000026ffd154600_360, v0000026ffd154600_361, v0000026ffd154600_362;
v0000026ffd154600_363 .array/port v0000026ffd154600, 363;
v0000026ffd154600_364 .array/port v0000026ffd154600, 364;
v0000026ffd154600_365 .array/port v0000026ffd154600, 365;
v0000026ffd154600_366 .array/port v0000026ffd154600, 366;
E_0000026ffd23a4e0/92 .event anyedge, v0000026ffd154600_363, v0000026ffd154600_364, v0000026ffd154600_365, v0000026ffd154600_366;
v0000026ffd154600_367 .array/port v0000026ffd154600, 367;
v0000026ffd154600_368 .array/port v0000026ffd154600, 368;
v0000026ffd154600_369 .array/port v0000026ffd154600, 369;
v0000026ffd154600_370 .array/port v0000026ffd154600, 370;
E_0000026ffd23a4e0/93 .event anyedge, v0000026ffd154600_367, v0000026ffd154600_368, v0000026ffd154600_369, v0000026ffd154600_370;
v0000026ffd154600_371 .array/port v0000026ffd154600, 371;
v0000026ffd154600_372 .array/port v0000026ffd154600, 372;
v0000026ffd154600_373 .array/port v0000026ffd154600, 373;
v0000026ffd154600_374 .array/port v0000026ffd154600, 374;
E_0000026ffd23a4e0/94 .event anyedge, v0000026ffd154600_371, v0000026ffd154600_372, v0000026ffd154600_373, v0000026ffd154600_374;
v0000026ffd154600_375 .array/port v0000026ffd154600, 375;
v0000026ffd154600_376 .array/port v0000026ffd154600, 376;
v0000026ffd154600_377 .array/port v0000026ffd154600, 377;
v0000026ffd154600_378 .array/port v0000026ffd154600, 378;
E_0000026ffd23a4e0/95 .event anyedge, v0000026ffd154600_375, v0000026ffd154600_376, v0000026ffd154600_377, v0000026ffd154600_378;
v0000026ffd154600_379 .array/port v0000026ffd154600, 379;
v0000026ffd154600_380 .array/port v0000026ffd154600, 380;
v0000026ffd154600_381 .array/port v0000026ffd154600, 381;
v0000026ffd154600_382 .array/port v0000026ffd154600, 382;
E_0000026ffd23a4e0/96 .event anyedge, v0000026ffd154600_379, v0000026ffd154600_380, v0000026ffd154600_381, v0000026ffd154600_382;
v0000026ffd154600_383 .array/port v0000026ffd154600, 383;
v0000026ffd154600_384 .array/port v0000026ffd154600, 384;
v0000026ffd154600_385 .array/port v0000026ffd154600, 385;
v0000026ffd154600_386 .array/port v0000026ffd154600, 386;
E_0000026ffd23a4e0/97 .event anyedge, v0000026ffd154600_383, v0000026ffd154600_384, v0000026ffd154600_385, v0000026ffd154600_386;
v0000026ffd154600_387 .array/port v0000026ffd154600, 387;
v0000026ffd154600_388 .array/port v0000026ffd154600, 388;
v0000026ffd154600_389 .array/port v0000026ffd154600, 389;
v0000026ffd154600_390 .array/port v0000026ffd154600, 390;
E_0000026ffd23a4e0/98 .event anyedge, v0000026ffd154600_387, v0000026ffd154600_388, v0000026ffd154600_389, v0000026ffd154600_390;
v0000026ffd154600_391 .array/port v0000026ffd154600, 391;
v0000026ffd154600_392 .array/port v0000026ffd154600, 392;
v0000026ffd154600_393 .array/port v0000026ffd154600, 393;
v0000026ffd154600_394 .array/port v0000026ffd154600, 394;
E_0000026ffd23a4e0/99 .event anyedge, v0000026ffd154600_391, v0000026ffd154600_392, v0000026ffd154600_393, v0000026ffd154600_394;
v0000026ffd154600_395 .array/port v0000026ffd154600, 395;
v0000026ffd154600_396 .array/port v0000026ffd154600, 396;
v0000026ffd154600_397 .array/port v0000026ffd154600, 397;
v0000026ffd154600_398 .array/port v0000026ffd154600, 398;
E_0000026ffd23a4e0/100 .event anyedge, v0000026ffd154600_395, v0000026ffd154600_396, v0000026ffd154600_397, v0000026ffd154600_398;
v0000026ffd154600_399 .array/port v0000026ffd154600, 399;
v0000026ffd154600_400 .array/port v0000026ffd154600, 400;
v0000026ffd154600_401 .array/port v0000026ffd154600, 401;
v0000026ffd154600_402 .array/port v0000026ffd154600, 402;
E_0000026ffd23a4e0/101 .event anyedge, v0000026ffd154600_399, v0000026ffd154600_400, v0000026ffd154600_401, v0000026ffd154600_402;
v0000026ffd154600_403 .array/port v0000026ffd154600, 403;
v0000026ffd154600_404 .array/port v0000026ffd154600, 404;
v0000026ffd154600_405 .array/port v0000026ffd154600, 405;
v0000026ffd154600_406 .array/port v0000026ffd154600, 406;
E_0000026ffd23a4e0/102 .event anyedge, v0000026ffd154600_403, v0000026ffd154600_404, v0000026ffd154600_405, v0000026ffd154600_406;
v0000026ffd154600_407 .array/port v0000026ffd154600, 407;
v0000026ffd154600_408 .array/port v0000026ffd154600, 408;
v0000026ffd154600_409 .array/port v0000026ffd154600, 409;
v0000026ffd154600_410 .array/port v0000026ffd154600, 410;
E_0000026ffd23a4e0/103 .event anyedge, v0000026ffd154600_407, v0000026ffd154600_408, v0000026ffd154600_409, v0000026ffd154600_410;
v0000026ffd154600_411 .array/port v0000026ffd154600, 411;
v0000026ffd154600_412 .array/port v0000026ffd154600, 412;
v0000026ffd154600_413 .array/port v0000026ffd154600, 413;
v0000026ffd154600_414 .array/port v0000026ffd154600, 414;
E_0000026ffd23a4e0/104 .event anyedge, v0000026ffd154600_411, v0000026ffd154600_412, v0000026ffd154600_413, v0000026ffd154600_414;
v0000026ffd154600_415 .array/port v0000026ffd154600, 415;
v0000026ffd154600_416 .array/port v0000026ffd154600, 416;
v0000026ffd154600_417 .array/port v0000026ffd154600, 417;
v0000026ffd154600_418 .array/port v0000026ffd154600, 418;
E_0000026ffd23a4e0/105 .event anyedge, v0000026ffd154600_415, v0000026ffd154600_416, v0000026ffd154600_417, v0000026ffd154600_418;
v0000026ffd154600_419 .array/port v0000026ffd154600, 419;
v0000026ffd154600_420 .array/port v0000026ffd154600, 420;
v0000026ffd154600_421 .array/port v0000026ffd154600, 421;
v0000026ffd154600_422 .array/port v0000026ffd154600, 422;
E_0000026ffd23a4e0/106 .event anyedge, v0000026ffd154600_419, v0000026ffd154600_420, v0000026ffd154600_421, v0000026ffd154600_422;
v0000026ffd154600_423 .array/port v0000026ffd154600, 423;
v0000026ffd154600_424 .array/port v0000026ffd154600, 424;
v0000026ffd154600_425 .array/port v0000026ffd154600, 425;
v0000026ffd154600_426 .array/port v0000026ffd154600, 426;
E_0000026ffd23a4e0/107 .event anyedge, v0000026ffd154600_423, v0000026ffd154600_424, v0000026ffd154600_425, v0000026ffd154600_426;
v0000026ffd154600_427 .array/port v0000026ffd154600, 427;
v0000026ffd154600_428 .array/port v0000026ffd154600, 428;
v0000026ffd154600_429 .array/port v0000026ffd154600, 429;
v0000026ffd154600_430 .array/port v0000026ffd154600, 430;
E_0000026ffd23a4e0/108 .event anyedge, v0000026ffd154600_427, v0000026ffd154600_428, v0000026ffd154600_429, v0000026ffd154600_430;
v0000026ffd154600_431 .array/port v0000026ffd154600, 431;
v0000026ffd154600_432 .array/port v0000026ffd154600, 432;
v0000026ffd154600_433 .array/port v0000026ffd154600, 433;
v0000026ffd154600_434 .array/port v0000026ffd154600, 434;
E_0000026ffd23a4e0/109 .event anyedge, v0000026ffd154600_431, v0000026ffd154600_432, v0000026ffd154600_433, v0000026ffd154600_434;
v0000026ffd154600_435 .array/port v0000026ffd154600, 435;
v0000026ffd154600_436 .array/port v0000026ffd154600, 436;
v0000026ffd154600_437 .array/port v0000026ffd154600, 437;
v0000026ffd154600_438 .array/port v0000026ffd154600, 438;
E_0000026ffd23a4e0/110 .event anyedge, v0000026ffd154600_435, v0000026ffd154600_436, v0000026ffd154600_437, v0000026ffd154600_438;
v0000026ffd154600_439 .array/port v0000026ffd154600, 439;
v0000026ffd154600_440 .array/port v0000026ffd154600, 440;
v0000026ffd154600_441 .array/port v0000026ffd154600, 441;
v0000026ffd154600_442 .array/port v0000026ffd154600, 442;
E_0000026ffd23a4e0/111 .event anyedge, v0000026ffd154600_439, v0000026ffd154600_440, v0000026ffd154600_441, v0000026ffd154600_442;
v0000026ffd154600_443 .array/port v0000026ffd154600, 443;
v0000026ffd154600_444 .array/port v0000026ffd154600, 444;
v0000026ffd154600_445 .array/port v0000026ffd154600, 445;
v0000026ffd154600_446 .array/port v0000026ffd154600, 446;
E_0000026ffd23a4e0/112 .event anyedge, v0000026ffd154600_443, v0000026ffd154600_444, v0000026ffd154600_445, v0000026ffd154600_446;
v0000026ffd154600_447 .array/port v0000026ffd154600, 447;
v0000026ffd154600_448 .array/port v0000026ffd154600, 448;
v0000026ffd154600_449 .array/port v0000026ffd154600, 449;
v0000026ffd154600_450 .array/port v0000026ffd154600, 450;
E_0000026ffd23a4e0/113 .event anyedge, v0000026ffd154600_447, v0000026ffd154600_448, v0000026ffd154600_449, v0000026ffd154600_450;
v0000026ffd154600_451 .array/port v0000026ffd154600, 451;
v0000026ffd154600_452 .array/port v0000026ffd154600, 452;
v0000026ffd154600_453 .array/port v0000026ffd154600, 453;
v0000026ffd154600_454 .array/port v0000026ffd154600, 454;
E_0000026ffd23a4e0/114 .event anyedge, v0000026ffd154600_451, v0000026ffd154600_452, v0000026ffd154600_453, v0000026ffd154600_454;
v0000026ffd154600_455 .array/port v0000026ffd154600, 455;
v0000026ffd154600_456 .array/port v0000026ffd154600, 456;
v0000026ffd154600_457 .array/port v0000026ffd154600, 457;
v0000026ffd154600_458 .array/port v0000026ffd154600, 458;
E_0000026ffd23a4e0/115 .event anyedge, v0000026ffd154600_455, v0000026ffd154600_456, v0000026ffd154600_457, v0000026ffd154600_458;
v0000026ffd154600_459 .array/port v0000026ffd154600, 459;
v0000026ffd154600_460 .array/port v0000026ffd154600, 460;
v0000026ffd154600_461 .array/port v0000026ffd154600, 461;
v0000026ffd154600_462 .array/port v0000026ffd154600, 462;
E_0000026ffd23a4e0/116 .event anyedge, v0000026ffd154600_459, v0000026ffd154600_460, v0000026ffd154600_461, v0000026ffd154600_462;
v0000026ffd154600_463 .array/port v0000026ffd154600, 463;
v0000026ffd154600_464 .array/port v0000026ffd154600, 464;
v0000026ffd154600_465 .array/port v0000026ffd154600, 465;
v0000026ffd154600_466 .array/port v0000026ffd154600, 466;
E_0000026ffd23a4e0/117 .event anyedge, v0000026ffd154600_463, v0000026ffd154600_464, v0000026ffd154600_465, v0000026ffd154600_466;
v0000026ffd154600_467 .array/port v0000026ffd154600, 467;
v0000026ffd154600_468 .array/port v0000026ffd154600, 468;
v0000026ffd154600_469 .array/port v0000026ffd154600, 469;
v0000026ffd154600_470 .array/port v0000026ffd154600, 470;
E_0000026ffd23a4e0/118 .event anyedge, v0000026ffd154600_467, v0000026ffd154600_468, v0000026ffd154600_469, v0000026ffd154600_470;
v0000026ffd154600_471 .array/port v0000026ffd154600, 471;
v0000026ffd154600_472 .array/port v0000026ffd154600, 472;
v0000026ffd154600_473 .array/port v0000026ffd154600, 473;
v0000026ffd154600_474 .array/port v0000026ffd154600, 474;
E_0000026ffd23a4e0/119 .event anyedge, v0000026ffd154600_471, v0000026ffd154600_472, v0000026ffd154600_473, v0000026ffd154600_474;
v0000026ffd154600_475 .array/port v0000026ffd154600, 475;
v0000026ffd154600_476 .array/port v0000026ffd154600, 476;
v0000026ffd154600_477 .array/port v0000026ffd154600, 477;
v0000026ffd154600_478 .array/port v0000026ffd154600, 478;
E_0000026ffd23a4e0/120 .event anyedge, v0000026ffd154600_475, v0000026ffd154600_476, v0000026ffd154600_477, v0000026ffd154600_478;
v0000026ffd154600_479 .array/port v0000026ffd154600, 479;
v0000026ffd154600_480 .array/port v0000026ffd154600, 480;
v0000026ffd154600_481 .array/port v0000026ffd154600, 481;
v0000026ffd154600_482 .array/port v0000026ffd154600, 482;
E_0000026ffd23a4e0/121 .event anyedge, v0000026ffd154600_479, v0000026ffd154600_480, v0000026ffd154600_481, v0000026ffd154600_482;
v0000026ffd154600_483 .array/port v0000026ffd154600, 483;
v0000026ffd154600_484 .array/port v0000026ffd154600, 484;
v0000026ffd154600_485 .array/port v0000026ffd154600, 485;
v0000026ffd154600_486 .array/port v0000026ffd154600, 486;
E_0000026ffd23a4e0/122 .event anyedge, v0000026ffd154600_483, v0000026ffd154600_484, v0000026ffd154600_485, v0000026ffd154600_486;
v0000026ffd154600_487 .array/port v0000026ffd154600, 487;
v0000026ffd154600_488 .array/port v0000026ffd154600, 488;
v0000026ffd154600_489 .array/port v0000026ffd154600, 489;
v0000026ffd154600_490 .array/port v0000026ffd154600, 490;
E_0000026ffd23a4e0/123 .event anyedge, v0000026ffd154600_487, v0000026ffd154600_488, v0000026ffd154600_489, v0000026ffd154600_490;
v0000026ffd154600_491 .array/port v0000026ffd154600, 491;
v0000026ffd154600_492 .array/port v0000026ffd154600, 492;
v0000026ffd154600_493 .array/port v0000026ffd154600, 493;
v0000026ffd154600_494 .array/port v0000026ffd154600, 494;
E_0000026ffd23a4e0/124 .event anyedge, v0000026ffd154600_491, v0000026ffd154600_492, v0000026ffd154600_493, v0000026ffd154600_494;
v0000026ffd154600_495 .array/port v0000026ffd154600, 495;
v0000026ffd154600_496 .array/port v0000026ffd154600, 496;
v0000026ffd154600_497 .array/port v0000026ffd154600, 497;
v0000026ffd154600_498 .array/port v0000026ffd154600, 498;
E_0000026ffd23a4e0/125 .event anyedge, v0000026ffd154600_495, v0000026ffd154600_496, v0000026ffd154600_497, v0000026ffd154600_498;
v0000026ffd154600_499 .array/port v0000026ffd154600, 499;
v0000026ffd154600_500 .array/port v0000026ffd154600, 500;
v0000026ffd154600_501 .array/port v0000026ffd154600, 501;
v0000026ffd154600_502 .array/port v0000026ffd154600, 502;
E_0000026ffd23a4e0/126 .event anyedge, v0000026ffd154600_499, v0000026ffd154600_500, v0000026ffd154600_501, v0000026ffd154600_502;
v0000026ffd154600_503 .array/port v0000026ffd154600, 503;
v0000026ffd154600_504 .array/port v0000026ffd154600, 504;
v0000026ffd154600_505 .array/port v0000026ffd154600, 505;
v0000026ffd154600_506 .array/port v0000026ffd154600, 506;
E_0000026ffd23a4e0/127 .event anyedge, v0000026ffd154600_503, v0000026ffd154600_504, v0000026ffd154600_505, v0000026ffd154600_506;
v0000026ffd154600_507 .array/port v0000026ffd154600, 507;
v0000026ffd154600_508 .array/port v0000026ffd154600, 508;
v0000026ffd154600_509 .array/port v0000026ffd154600, 509;
v0000026ffd154600_510 .array/port v0000026ffd154600, 510;
E_0000026ffd23a4e0/128 .event anyedge, v0000026ffd154600_507, v0000026ffd154600_508, v0000026ffd154600_509, v0000026ffd154600_510;
v0000026ffd154600_511 .array/port v0000026ffd154600, 511;
E_0000026ffd23a4e0/129 .event anyedge, v0000026ffd154600_511, v0000026ffd154420_0;
E_0000026ffd23a4e0 .event/or E_0000026ffd23a4e0/0, E_0000026ffd23a4e0/1, E_0000026ffd23a4e0/2, E_0000026ffd23a4e0/3, E_0000026ffd23a4e0/4, E_0000026ffd23a4e0/5, E_0000026ffd23a4e0/6, E_0000026ffd23a4e0/7, E_0000026ffd23a4e0/8, E_0000026ffd23a4e0/9, E_0000026ffd23a4e0/10, E_0000026ffd23a4e0/11, E_0000026ffd23a4e0/12, E_0000026ffd23a4e0/13, E_0000026ffd23a4e0/14, E_0000026ffd23a4e0/15, E_0000026ffd23a4e0/16, E_0000026ffd23a4e0/17, E_0000026ffd23a4e0/18, E_0000026ffd23a4e0/19, E_0000026ffd23a4e0/20, E_0000026ffd23a4e0/21, E_0000026ffd23a4e0/22, E_0000026ffd23a4e0/23, E_0000026ffd23a4e0/24, E_0000026ffd23a4e0/25, E_0000026ffd23a4e0/26, E_0000026ffd23a4e0/27, E_0000026ffd23a4e0/28, E_0000026ffd23a4e0/29, E_0000026ffd23a4e0/30, E_0000026ffd23a4e0/31, E_0000026ffd23a4e0/32, E_0000026ffd23a4e0/33, E_0000026ffd23a4e0/34, E_0000026ffd23a4e0/35, E_0000026ffd23a4e0/36, E_0000026ffd23a4e0/37, E_0000026ffd23a4e0/38, E_0000026ffd23a4e0/39, E_0000026ffd23a4e0/40, E_0000026ffd23a4e0/41, E_0000026ffd23a4e0/42, E_0000026ffd23a4e0/43, E_0000026ffd23a4e0/44, E_0000026ffd23a4e0/45, E_0000026ffd23a4e0/46, E_0000026ffd23a4e0/47, E_0000026ffd23a4e0/48, E_0000026ffd23a4e0/49, E_0000026ffd23a4e0/50, E_0000026ffd23a4e0/51, E_0000026ffd23a4e0/52, E_0000026ffd23a4e0/53, E_0000026ffd23a4e0/54, E_0000026ffd23a4e0/55, E_0000026ffd23a4e0/56, E_0000026ffd23a4e0/57, E_0000026ffd23a4e0/58, E_0000026ffd23a4e0/59, E_0000026ffd23a4e0/60, E_0000026ffd23a4e0/61, E_0000026ffd23a4e0/62, E_0000026ffd23a4e0/63, E_0000026ffd23a4e0/64, E_0000026ffd23a4e0/65, E_0000026ffd23a4e0/66, E_0000026ffd23a4e0/67, E_0000026ffd23a4e0/68, E_0000026ffd23a4e0/69, E_0000026ffd23a4e0/70, E_0000026ffd23a4e0/71, E_0000026ffd23a4e0/72, E_0000026ffd23a4e0/73, E_0000026ffd23a4e0/74, E_0000026ffd23a4e0/75, E_0000026ffd23a4e0/76, E_0000026ffd23a4e0/77, E_0000026ffd23a4e0/78, E_0000026ffd23a4e0/79, E_0000026ffd23a4e0/80, E_0000026ffd23a4e0/81, E_0000026ffd23a4e0/82, E_0000026ffd23a4e0/83, E_0000026ffd23a4e0/84, E_0000026ffd23a4e0/85, E_0000026ffd23a4e0/86, E_0000026ffd23a4e0/87, E_0000026ffd23a4e0/88, E_0000026ffd23a4e0/89, E_0000026ffd23a4e0/90, E_0000026ffd23a4e0/91, E_0000026ffd23a4e0/92, E_0000026ffd23a4e0/93, E_0000026ffd23a4e0/94, E_0000026ffd23a4e0/95, E_0000026ffd23a4e0/96, E_0000026ffd23a4e0/97, E_0000026ffd23a4e0/98, E_0000026ffd23a4e0/99, E_0000026ffd23a4e0/100, E_0000026ffd23a4e0/101, E_0000026ffd23a4e0/102, E_0000026ffd23a4e0/103, E_0000026ffd23a4e0/104, E_0000026ffd23a4e0/105, E_0000026ffd23a4e0/106, E_0000026ffd23a4e0/107, E_0000026ffd23a4e0/108, E_0000026ffd23a4e0/109, E_0000026ffd23a4e0/110, E_0000026ffd23a4e0/111, E_0000026ffd23a4e0/112, E_0000026ffd23a4e0/113, E_0000026ffd23a4e0/114, E_0000026ffd23a4e0/115, E_0000026ffd23a4e0/116, E_0000026ffd23a4e0/117, E_0000026ffd23a4e0/118, E_0000026ffd23a4e0/119, E_0000026ffd23a4e0/120, E_0000026ffd23a4e0/121, E_0000026ffd23a4e0/122, E_0000026ffd23a4e0/123, E_0000026ffd23a4e0/124, E_0000026ffd23a4e0/125, E_0000026ffd23a4e0/126, E_0000026ffd23a4e0/127, E_0000026ffd23a4e0/128, E_0000026ffd23a4e0/129;
    .scope S_0000026ffd14b970;
T_0 ;
    %wait E_0000026ffd23a4e0;
    %load/vec4 v0000026ffd154560_0;
    %flag_set/vec4 8;
    %jmp/0xz  T_0.0, 8;
    %load/vec4 v0000026ffd1546a0_0;
    %nor/r;
    %flag_set/vec4 8;
    %jmp/0xz  T_0.2, 8;
    %load/vec4 v0000026ffd1226e0_0;
    %dup/vec4;
    %pushi/vec4 0, 0, 2;
    %cmp/u;
    %jmp/1 T_0.4, 6;
    %dup/vec4;
    %pushi/vec4 1, 0, 2;
    %cmp/u;
    %jmp/1 T_0.5, 6;
    %dup/vec4;
    %pushi/vec4 2, 0, 2;
    %cmp/u;
    %jmp/1 T_0.6, 6;
    %dup/vec4;
    %pushi/vec4 3, 0, 2;
    %cmp/u;
    %jmp/1 T_0.7, 6;
    %jmp T_0.8;
T_0.4 ;
    %load/vec4 v0000026ffd154740_0;
    %flag_set/vec4 8;
    %jmp/0xz  T_0.9, 8;
    %load/vec4 v0000026ffd122eb0_0;
    %pad/u 11;
    %ix/vec4 4;
    %load/vec4a v0000026ffd154600, 4;
    %parti/s 1, 7, 4;
    %cmpi/e 1, 0, 1;
    %jmp/0xz  T_0.11, 4;
    %pushi/vec4 16777215, 0, 24;
    %load/vec4 v0000026ffd122eb0_0;
    %pad/u 11;
    %ix/vec4 4;
    %load/vec4a v0000026ffd154600, 4;
    %concat/vec4; draw_concat_vec4
    %store/vec4 v0000026ffd1544c0_0, 0, 32;
    %jmp T_0.12;
T_0.11 ;
    %pushi/vec4 0, 0, 24;
    %load/vec4 v0000026ffd122eb0_0;
    %pad/u 11;
    %ix/vec4 4;
    %load/vec4a v0000026ffd154600, 4;
    %concat/vec4; draw_concat_vec4
    %store/vec4 v0000026ffd1544c0_0, 0, 32;
T_0.12 ;
    %jmp T_0.10;
T_0.9 ;
    %pushi/vec4 0, 0, 24;
    %load/vec4 v0000026ffd122eb0_0;
    %pad/u 11;
    %ix/vec4 4;
    %load/vec4a v0000026ffd154600, 4;
    %concat/vec4; draw_concat_vec4
    %store/vec4 v0000026ffd1544c0_0, 0, 32;
T_0.10 ;
    %jmp T_0.8;
T_0.5 ;
    %load/vec4 v0000026ffd154740_0;
    %flag_set/vec4 8;
    %jmp/0xz  T_0.13, 8;
    %load/vec4 v0000026ffd122eb0_0;
    %pad/u 32;
    %addi 1, 0, 32;
    %ix/vec4 4;
    %load/vec4a v0000026ffd154600, 4;
    %parti/s 1, 7, 4;
    %cmpi/e 1, 0, 1;
    %jmp/0xz  T_0.15, 4;
    %pushi/vec4 65535, 0, 16;
    %load/vec4 v0000026ffd122eb0_0;
    %pad/u 32;
    %addi 1, 0, 32;
    %ix/vec4 4;
    %load/vec4a v0000026ffd154600, 4;
    %concat/vec4; draw_concat_vec4
    %load/vec4 v0000026ffd122eb0_0;
    %pad/u 11;
    %ix/vec4 4;
    %load/vec4a v0000026ffd154600, 4;
    %concat/vec4; draw_concat_vec4
    %store/vec4 v0000026ffd1544c0_0, 0, 32;
    %jmp T_0.16;
T_0.15 ;
    %pushi/vec4 0, 0, 16;
    %load/vec4 v0000026ffd122eb0_0;
    %pad/u 32;
    %addi 1, 0, 32;
    %ix/vec4 4;
    %load/vec4a v0000026ffd154600, 4;
    %concat/vec4; draw_concat_vec4
    %load/vec4 v0000026ffd122eb0_0;
    %pad/u 11;
    %ix/vec4 4;
    %load/vec4a v0000026ffd154600, 4;
    %concat/vec4; draw_concat_vec4
    %store/vec4 v0000026ffd1544c0_0, 0, 32;
T_0.16 ;
    %jmp T_0.14;
T_0.13 ;
    %pushi/vec4 0, 0, 16;
    %load/vec4 v0000026ffd122eb0_0;
    %pad/u 32;
    %addi 1, 0, 32;
    %ix/vec4 4;
    %load/vec4a v0000026ffd154600, 4;
    %concat/vec4; draw_concat_vec4
    %load/vec4 v0000026ffd122eb0_0;
    %pad/u 11;
    %ix/vec4 4;
    %load/vec4a v0000026ffd154600, 4;
    %concat/vec4; draw_concat_vec4
    %store/vec4 v0000026ffd1544c0_0, 0, 32;
T_0.14 ;
    %jmp T_0.8;
T_0.6 ;
    %load/vec4 v0000026ffd122eb0_0;
    %pad/u 32;
    %addi 3, 0, 32;
    %ix/vec4 4;
    %load/vec4a v0000026ffd154600, 4;
    %load/vec4 v0000026ffd122eb0_0;
    %pad/u 32;
    %addi 2, 0, 32;
    %ix/vec4 4;
    %load/vec4a v0000026ffd154600, 4;
    %concat/vec4; draw_concat_vec4
    %load/vec4 v0000026ffd122eb0_0;
    %pad/u 32;
    %addi 1, 0, 32;
    %ix/vec4 4;
    %load/vec4a v0000026ffd154600, 4;
    %concat/vec4; draw_concat_vec4
    %load/vec4 v0000026ffd122eb0_0;
    %pad/u 11;
    %ix/vec4 4;
    %load/vec4a v0000026ffd154600, 4;
    %concat/vec4; draw_concat_vec4
    %store/vec4 v0000026ffd1544c0_0, 0, 32;
    %jmp T_0.8;
T_0.7 ;
    %load/vec4 v0000026ffd122eb0_0;
    %pad/u 32;
    %addi 3, 0, 32;
    %ix/vec4 4;
    %load/vec4a v0000026ffd154600, 4;
    %load/vec4 v0000026ffd122eb0_0;
    %pad/u 32;
    %addi 2, 0, 32;
    %ix/vec4 4;
    %load/vec4a v0000026ffd154600, 4;
    %concat/vec4; draw_concat_vec4
    %load/vec4 v0000026ffd122eb0_0;
    %pad/u 32;
    %addi 1, 0, 32;
    %ix/vec4 4;
    %load/vec4a v0000026ffd154600, 4;
    %concat/vec4; draw_concat_vec4
    %load/vec4 v0000026ffd122eb0_0;
    %pad/u 11;
    %ix/vec4 4;
    %load/vec4a v0000026ffd154600, 4;
    %concat/vec4; draw_concat_vec4
    %store/vec4 v0000026ffd1544c0_0, 0, 32;
    %jmp T_0.8;
T_0.8 ;
    %pop/vec4 1;
    %jmp T_0.3;
T_0.2 ;
    %load/vec4 v0000026ffd1226e0_0;
    %dup/vec4;
    %pushi/vec4 0, 0, 2;
    %cmp/u;
    %jmp/1 T_0.17, 6;
    %dup/vec4;
    %pushi/vec4 1, 0, 2;
    %cmp/u;
    %jmp/1 T_0.18, 6;
    %dup/vec4;
    %pushi/vec4 2, 0, 2;
    %cmp/u;
    %jmp/1 T_0.19, 6;
    %dup/vec4;
    %pushi/vec4 3, 0, 2;
    %cmp/u;
    %jmp/1 T_0.20, 6;
    %jmp T_0.21;
T_0.17 ;
    %load/vec4 v0000026ffd154420_0;
    %parti/s 8, 0, 2;
    %load/vec4 v0000026ffd122eb0_0;
    %pad/u 11;
    %ix/vec4 4;
    %store/vec4a v0000026ffd154600, 4, 0;
    %jmp T_0.21;
T_0.18 ;
    %load/vec4 v0000026ffd154420_0;
    %parti/s 8, 0, 2;
    %load/vec4 v0000026ffd122eb0_0;
    %pad/u 11;
    %ix/vec4 4;
    %store/vec4a v0000026ffd154600, 4, 0;
    %load/vec4 v0000026ffd154420_0;
    %parti/s 8, 8, 5;
    %load/vec4 v0000026ffd122eb0_0;
    %pad/u 32;
    %addi 1, 0, 32;
    %ix/vec4 4;
    %store/vec4a v0000026ffd154600, 4, 0;
    %jmp T_0.21;
T_0.19 ;
    %load/vec4 v0000026ffd154420_0;
    %parti/s 8, 0, 2;
    %load/vec4 v0000026ffd122eb0_0;
    %pad/u 11;
    %ix/vec4 4;
    %store/vec4a v0000026ffd154600, 4, 0;
    %load/vec4 v0000026ffd154420_0;
    %parti/s 8, 8, 5;
    %load/vec4 v0000026ffd122eb0_0;
    %pad/u 32;
    %addi 1, 0, 32;
    %ix/vec4 4;
    %store/vec4a v0000026ffd154600, 4, 0;
    %load/vec4 v0000026ffd154420_0;
    %parti/s 8, 16, 6;
    %load/vec4 v0000026ffd122eb0_0;
    %pad/u 32;
    %addi 2, 0, 32;
    %ix/vec4 4;
    %store/vec4a v0000026ffd154600, 4, 0;
    %load/vec4 v0000026ffd154420_0;
    %parti/s 8, 24, 6;
    %load/vec4 v0000026ffd122eb0_0;
    %pad/u 32;
    %addi 3, 0, 32;
    %ix/vec4 4;
    %store/vec4a v0000026ffd154600, 4, 0;
    %jmp T_0.21;
T_0.20 ;
    %load/vec4 v0000026ffd154420_0;
    %parti/s 8, 0, 2;
    %load/vec4 v0000026ffd122eb0_0;
    %pad/u 11;
    %ix/vec4 4;
    %store/vec4a v0000026ffd154600, 4, 0;
    %load/vec4 v0000026ffd154420_0;
    %parti/s 8, 8, 5;
    %load/vec4 v0000026ffd122eb0_0;
    %pad/u 32;
    %addi 1, 0, 32;
    %ix/vec4 4;
    %store/vec4a v0000026ffd154600, 4, 0;
    %load/vec4 v0000026ffd154420_0;
    %parti/s 8, 16, 6;
    %load/vec4 v0000026ffd122eb0_0;
    %pad/u 32;
    %addi 2, 0, 32;
    %ix/vec4 4;
    %store/vec4a v0000026ffd154600, 4, 0;
    %load/vec4 v0000026ffd154420_0;
    %parti/s 8, 24, 6;
    %load/vec4 v0000026ffd122eb0_0;
    %pad/u 32;
    %addi 3, 0, 32;
    %ix/vec4 4;
    %store/vec4a v0000026ffd154600, 4, 0;
    %jmp T_0.21;
T_0.21 ;
    %pop/vec4 1;
T_0.3 ;
T_0.0 ;
    %jmp T_0;
    .thread T_0, $push;
# The file index is used to find the file name in the following table.
:file_names 3;
    "N/A";
    "<interactive>";
    "PF1_Perez_Mendez_Mariana_ram.v";
