#! /c/Source/iverilog-install/bin/vvp
:ivl_version "12.0 (devel)" "(s20150603-1539-g2693dd32b)";
:ivl_delay_selection "TYPICAL";
:vpi_time_precision + 0;
:vpi_module "C:\iverilog\lib\ivl\system.vpi";
:vpi_module "C:\iverilog\lib\ivl\vhdl_sys.vpi";
:vpi_module "C:\iverilog\lib\ivl\vhdl_textio.vpi";
:vpi_module "C:\iverilog\lib\ivl\v2005_math.vpi";
:vpi_module "C:\iverilog\lib\ivl\va_math.vpi";
S_000002d8950c49c0 .scope module, "rom" "rom" 2 5;
 .timescale 0 0;
    .port_info 0 /OUTPUT 32 "I";
    .port_info 1 /INPUT 9 "A";
o000002d895104dd8 .functor BUFZ 9, C4<zzzzzzzzz>; HiZ drive
v000002d8950a2ed0_0 .net "A", 8 0, o000002d895104dd8;  0 drivers
v000002d8950c4b50_0 .var "I", 31 0;
v000002d8950e05b0 .array "Mem", 511 0, 7 0;
v000002d8950e05b0_0 .array/port v000002d8950e05b0, 0;
v000002d8950e05b0_1 .array/port v000002d8950e05b0, 1;
v000002d8950e05b0_2 .array/port v000002d8950e05b0, 2;
E_000002d894f38240/0 .event anyedge, v000002d8950a2ed0_0, v000002d8950e05b0_0, v000002d8950e05b0_1, v000002d8950e05b0_2;
v000002d8950e05b0_3 .array/port v000002d8950e05b0, 3;
v000002d8950e05b0_4 .array/port v000002d8950e05b0, 4;
v000002d8950e05b0_5 .array/port v000002d8950e05b0, 5;
v000002d8950e05b0_6 .array/port v000002d8950e05b0, 6;
E_000002d894f38240/1 .event anyedge, v000002d8950e05b0_3, v000002d8950e05b0_4, v000002d8950e05b0_5, v000002d8950e05b0_6;
v000002d8950e05b0_7 .array/port v000002d8950e05b0, 7;
v000002d8950e05b0_8 .array/port v000002d8950e05b0, 8;
v000002d8950e05b0_9 .array/port v000002d8950e05b0, 9;
v000002d8950e05b0_10 .array/port v000002d8950e05b0, 10;
E_000002d894f38240/2 .event anyedge, v000002d8950e05b0_7, v000002d8950e05b0_8, v000002d8950e05b0_9, v000002d8950e05b0_10;
v000002d8950e05b0_11 .array/port v000002d8950e05b0, 11;
v000002d8950e05b0_12 .array/port v000002d8950e05b0, 12;
v000002d8950e05b0_13 .array/port v000002d8950e05b0, 13;
v000002d8950e05b0_14 .array/port v000002d8950e05b0, 14;
E_000002d894f38240/3 .event anyedge, v000002d8950e05b0_11, v000002d8950e05b0_12, v000002d8950e05b0_13, v000002d8950e05b0_14;
v000002d8950e05b0_15 .array/port v000002d8950e05b0, 15;
v000002d8950e05b0_16 .array/port v000002d8950e05b0, 16;
v000002d8950e05b0_17 .array/port v000002d8950e05b0, 17;
v000002d8950e05b0_18 .array/port v000002d8950e05b0, 18;
E_000002d894f38240/4 .event anyedge, v000002d8950e05b0_15, v000002d8950e05b0_16, v000002d8950e05b0_17, v000002d8950e05b0_18;
v000002d8950e05b0_19 .array/port v000002d8950e05b0, 19;
v000002d8950e05b0_20 .array/port v000002d8950e05b0, 20;
v000002d8950e05b0_21 .array/port v000002d8950e05b0, 21;
v000002d8950e05b0_22 .array/port v000002d8950e05b0, 22;
E_000002d894f38240/5 .event anyedge, v000002d8950e05b0_19, v000002d8950e05b0_20, v000002d8950e05b0_21, v000002d8950e05b0_22;
v000002d8950e05b0_23 .array/port v000002d8950e05b0, 23;
v000002d8950e05b0_24 .array/port v000002d8950e05b0, 24;
v000002d8950e05b0_25 .array/port v000002d8950e05b0, 25;
v000002d8950e05b0_26 .array/port v000002d8950e05b0, 26;
E_000002d894f38240/6 .event anyedge, v000002d8950e05b0_23, v000002d8950e05b0_24, v000002d8950e05b0_25, v000002d8950e05b0_26;
v000002d8950e05b0_27 .array/port v000002d8950e05b0, 27;
v000002d8950e05b0_28 .array/port v000002d8950e05b0, 28;
v000002d8950e05b0_29 .array/port v000002d8950e05b0, 29;
v000002d8950e05b0_30 .array/port v000002d8950e05b0, 30;
E_000002d894f38240/7 .event anyedge, v000002d8950e05b0_27, v000002d8950e05b0_28, v000002d8950e05b0_29, v000002d8950e05b0_30;
v000002d8950e05b0_31 .array/port v000002d8950e05b0, 31;
v000002d8950e05b0_32 .array/port v000002d8950e05b0, 32;
v000002d8950e05b0_33 .array/port v000002d8950e05b0, 33;
v000002d8950e05b0_34 .array/port v000002d8950e05b0, 34;
E_000002d894f38240/8 .event anyedge, v000002d8950e05b0_31, v000002d8950e05b0_32, v000002d8950e05b0_33, v000002d8950e05b0_34;
v000002d8950e05b0_35 .array/port v000002d8950e05b0, 35;
v000002d8950e05b0_36 .array/port v000002d8950e05b0, 36;
v000002d8950e05b0_37 .array/port v000002d8950e05b0, 37;
v000002d8950e05b0_38 .array/port v000002d8950e05b0, 38;
E_000002d894f38240/9 .event anyedge, v000002d8950e05b0_35, v000002d8950e05b0_36, v000002d8950e05b0_37, v000002d8950e05b0_38;
v000002d8950e05b0_39 .array/port v000002d8950e05b0, 39;
v000002d8950e05b0_40 .array/port v000002d8950e05b0, 40;
v000002d8950e05b0_41 .array/port v000002d8950e05b0, 41;
v000002d8950e05b0_42 .array/port v000002d8950e05b0, 42;
E_000002d894f38240/10 .event anyedge, v000002d8950e05b0_39, v000002d8950e05b0_40, v000002d8950e05b0_41, v000002d8950e05b0_42;
v000002d8950e05b0_43 .array/port v000002d8950e05b0, 43;
v000002d8950e05b0_44 .array/port v000002d8950e05b0, 44;
v000002d8950e05b0_45 .array/port v000002d8950e05b0, 45;
v000002d8950e05b0_46 .array/port v000002d8950e05b0, 46;
E_000002d894f38240/11 .event anyedge, v000002d8950e05b0_43, v000002d8950e05b0_44, v000002d8950e05b0_45, v000002d8950e05b0_46;
v000002d8950e05b0_47 .array/port v000002d8950e05b0, 47;
v000002d8950e05b0_48 .array/port v000002d8950e05b0, 48;
v000002d8950e05b0_49 .array/port v000002d8950e05b0, 49;
v000002d8950e05b0_50 .array/port v000002d8950e05b0, 50;
E_000002d894f38240/12 .event anyedge, v000002d8950e05b0_47, v000002d8950e05b0_48, v000002d8950e05b0_49, v000002d8950e05b0_50;
v000002d8950e05b0_51 .array/port v000002d8950e05b0, 51;
v000002d8950e05b0_52 .array/port v000002d8950e05b0, 52;
v000002d8950e05b0_53 .array/port v000002d8950e05b0, 53;
v000002d8950e05b0_54 .array/port v000002d8950e05b0, 54;
E_000002d894f38240/13 .event anyedge, v000002d8950e05b0_51, v000002d8950e05b0_52, v000002d8950e05b0_53, v000002d8950e05b0_54;
v000002d8950e05b0_55 .array/port v000002d8950e05b0, 55;
v000002d8950e05b0_56 .array/port v000002d8950e05b0, 56;
v000002d8950e05b0_57 .array/port v000002d8950e05b0, 57;
v000002d8950e05b0_58 .array/port v000002d8950e05b0, 58;
E_000002d894f38240/14 .event anyedge, v000002d8950e05b0_55, v000002d8950e05b0_56, v000002d8950e05b0_57, v000002d8950e05b0_58;
v000002d8950e05b0_59 .array/port v000002d8950e05b0, 59;
v000002d8950e05b0_60 .array/port v000002d8950e05b0, 60;
v000002d8950e05b0_61 .array/port v000002d8950e05b0, 61;
v000002d8950e05b0_62 .array/port v000002d8950e05b0, 62;
E_000002d894f38240/15 .event anyedge, v000002d8950e05b0_59, v000002d8950e05b0_60, v000002d8950e05b0_61, v000002d8950e05b0_62;
v000002d8950e05b0_63 .array/port v000002d8950e05b0, 63;
v000002d8950e05b0_64 .array/port v000002d8950e05b0, 64;
v000002d8950e05b0_65 .array/port v000002d8950e05b0, 65;
v000002d8950e05b0_66 .array/port v000002d8950e05b0, 66;
E_000002d894f38240/16 .event anyedge, v000002d8950e05b0_63, v000002d8950e05b0_64, v000002d8950e05b0_65, v000002d8950e05b0_66;
v000002d8950e05b0_67 .array/port v000002d8950e05b0, 67;
v000002d8950e05b0_68 .array/port v000002d8950e05b0, 68;
v000002d8950e05b0_69 .array/port v000002d8950e05b0, 69;
v000002d8950e05b0_70 .array/port v000002d8950e05b0, 70;
E_000002d894f38240/17 .event anyedge, v000002d8950e05b0_67, v000002d8950e05b0_68, v000002d8950e05b0_69, v000002d8950e05b0_70;
v000002d8950e05b0_71 .array/port v000002d8950e05b0, 71;
v000002d8950e05b0_72 .array/port v000002d8950e05b0, 72;
v000002d8950e05b0_73 .array/port v000002d8950e05b0, 73;
v000002d8950e05b0_74 .array/port v000002d8950e05b0, 74;
E_000002d894f38240/18 .event anyedge, v000002d8950e05b0_71, v000002d8950e05b0_72, v000002d8950e05b0_73, v000002d8950e05b0_74;
v000002d8950e05b0_75 .array/port v000002d8950e05b0, 75;
v000002d8950e05b0_76 .array/port v000002d8950e05b0, 76;
v000002d8950e05b0_77 .array/port v000002d8950e05b0, 77;
v000002d8950e05b0_78 .array/port v000002d8950e05b0, 78;
E_000002d894f38240/19 .event anyedge, v000002d8950e05b0_75, v000002d8950e05b0_76, v000002d8950e05b0_77, v000002d8950e05b0_78;
v000002d8950e05b0_79 .array/port v000002d8950e05b0, 79;
v000002d8950e05b0_80 .array/port v000002d8950e05b0, 80;
v000002d8950e05b0_81 .array/port v000002d8950e05b0, 81;
v000002d8950e05b0_82 .array/port v000002d8950e05b0, 82;
E_000002d894f38240/20 .event anyedge, v000002d8950e05b0_79, v000002d8950e05b0_80, v000002d8950e05b0_81, v000002d8950e05b0_82;
v000002d8950e05b0_83 .array/port v000002d8950e05b0, 83;
v000002d8950e05b0_84 .array/port v000002d8950e05b0, 84;
v000002d8950e05b0_85 .array/port v000002d8950e05b0, 85;
v000002d8950e05b0_86 .array/port v000002d8950e05b0, 86;
E_000002d894f38240/21 .event anyedge, v000002d8950e05b0_83, v000002d8950e05b0_84, v000002d8950e05b0_85, v000002d8950e05b0_86;
v000002d8950e05b0_87 .array/port v000002d8950e05b0, 87;
v000002d8950e05b0_88 .array/port v000002d8950e05b0, 88;
v000002d8950e05b0_89 .array/port v000002d8950e05b0, 89;
v000002d8950e05b0_90 .array/port v000002d8950e05b0, 90;
E_000002d894f38240/22 .event anyedge, v000002d8950e05b0_87, v000002d8950e05b0_88, v000002d8950e05b0_89, v000002d8950e05b0_90;
v000002d8950e05b0_91 .array/port v000002d8950e05b0, 91;
v000002d8950e05b0_92 .array/port v000002d8950e05b0, 92;
v000002d8950e05b0_93 .array/port v000002d8950e05b0, 93;
v000002d8950e05b0_94 .array/port v000002d8950e05b0, 94;
E_000002d894f38240/23 .event anyedge, v000002d8950e05b0_91, v000002d8950e05b0_92, v000002d8950e05b0_93, v000002d8950e05b0_94;
v000002d8950e05b0_95 .array/port v000002d8950e05b0, 95;
v000002d8950e05b0_96 .array/port v000002d8950e05b0, 96;
v000002d8950e05b0_97 .array/port v000002d8950e05b0, 97;
v000002d8950e05b0_98 .array/port v000002d8950e05b0, 98;
E_000002d894f38240/24 .event anyedge, v000002d8950e05b0_95, v000002d8950e05b0_96, v000002d8950e05b0_97, v000002d8950e05b0_98;
v000002d8950e05b0_99 .array/port v000002d8950e05b0, 99;
v000002d8950e05b0_100 .array/port v000002d8950e05b0, 100;
v000002d8950e05b0_101 .array/port v000002d8950e05b0, 101;
v000002d8950e05b0_102 .array/port v000002d8950e05b0, 102;
E_000002d894f38240/25 .event anyedge, v000002d8950e05b0_99, v000002d8950e05b0_100, v000002d8950e05b0_101, v000002d8950e05b0_102;
v000002d8950e05b0_103 .array/port v000002d8950e05b0, 103;
v000002d8950e05b0_104 .array/port v000002d8950e05b0, 104;
v000002d8950e05b0_105 .array/port v000002d8950e05b0, 105;
v000002d8950e05b0_106 .array/port v000002d8950e05b0, 106;
E_000002d894f38240/26 .event anyedge, v000002d8950e05b0_103, v000002d8950e05b0_104, v000002d8950e05b0_105, v000002d8950e05b0_106;
v000002d8950e05b0_107 .array/port v000002d8950e05b0, 107;
v000002d8950e05b0_108 .array/port v000002d8950e05b0, 108;
v000002d8950e05b0_109 .array/port v000002d8950e05b0, 109;
v000002d8950e05b0_110 .array/port v000002d8950e05b0, 110;
E_000002d894f38240/27 .event anyedge, v000002d8950e05b0_107, v000002d8950e05b0_108, v000002d8950e05b0_109, v000002d8950e05b0_110;
v000002d8950e05b0_111 .array/port v000002d8950e05b0, 111;
v000002d8950e05b0_112 .array/port v000002d8950e05b0, 112;
v000002d8950e05b0_113 .array/port v000002d8950e05b0, 113;
v000002d8950e05b0_114 .array/port v000002d8950e05b0, 114;
E_000002d894f38240/28 .event anyedge, v000002d8950e05b0_111, v000002d8950e05b0_112, v000002d8950e05b0_113, v000002d8950e05b0_114;
v000002d8950e05b0_115 .array/port v000002d8950e05b0, 115;
v000002d8950e05b0_116 .array/port v000002d8950e05b0, 116;
v000002d8950e05b0_117 .array/port v000002d8950e05b0, 117;
v000002d8950e05b0_118 .array/port v000002d8950e05b0, 118;
E_000002d894f38240/29 .event anyedge, v000002d8950e05b0_115, v000002d8950e05b0_116, v000002d8950e05b0_117, v000002d8950e05b0_118;
v000002d8950e05b0_119 .array/port v000002d8950e05b0, 119;
v000002d8950e05b0_120 .array/port v000002d8950e05b0, 120;
v000002d8950e05b0_121 .array/port v000002d8950e05b0, 121;
v000002d8950e05b0_122 .array/port v000002d8950e05b0, 122;
E_000002d894f38240/30 .event anyedge, v000002d8950e05b0_119, v000002d8950e05b0_120, v000002d8950e05b0_121, v000002d8950e05b0_122;
v000002d8950e05b0_123 .array/port v000002d8950e05b0, 123;
v000002d8950e05b0_124 .array/port v000002d8950e05b0, 124;
v000002d8950e05b0_125 .array/port v000002d8950e05b0, 125;
v000002d8950e05b0_126 .array/port v000002d8950e05b0, 126;
E_000002d894f38240/31 .event anyedge, v000002d8950e05b0_123, v000002d8950e05b0_124, v000002d8950e05b0_125, v000002d8950e05b0_126;
v000002d8950e05b0_127 .array/port v000002d8950e05b0, 127;
v000002d8950e05b0_128 .array/port v000002d8950e05b0, 128;
v000002d8950e05b0_129 .array/port v000002d8950e05b0, 129;
v000002d8950e05b0_130 .array/port v000002d8950e05b0, 130;
E_000002d894f38240/32 .event anyedge, v000002d8950e05b0_127, v000002d8950e05b0_128, v000002d8950e05b0_129, v000002d8950e05b0_130;
v000002d8950e05b0_131 .array/port v000002d8950e05b0, 131;
v000002d8950e05b0_132 .array/port v000002d8950e05b0, 132;
v000002d8950e05b0_133 .array/port v000002d8950e05b0, 133;
v000002d8950e05b0_134 .array/port v000002d8950e05b0, 134;
E_000002d894f38240/33 .event anyedge, v000002d8950e05b0_131, v000002d8950e05b0_132, v000002d8950e05b0_133, v000002d8950e05b0_134;
v000002d8950e05b0_135 .array/port v000002d8950e05b0, 135;
v000002d8950e05b0_136 .array/port v000002d8950e05b0, 136;
v000002d8950e05b0_137 .array/port v000002d8950e05b0, 137;
v000002d8950e05b0_138 .array/port v000002d8950e05b0, 138;
E_000002d894f38240/34 .event anyedge, v000002d8950e05b0_135, v000002d8950e05b0_136, v000002d8950e05b0_137, v000002d8950e05b0_138;
v000002d8950e05b0_139 .array/port v000002d8950e05b0, 139;
v000002d8950e05b0_140 .array/port v000002d8950e05b0, 140;
v000002d8950e05b0_141 .array/port v000002d8950e05b0, 141;
v000002d8950e05b0_142 .array/port v000002d8950e05b0, 142;
E_000002d894f38240/35 .event anyedge, v000002d8950e05b0_139, v000002d8950e05b0_140, v000002d8950e05b0_141, v000002d8950e05b0_142;
v000002d8950e05b0_143 .array/port v000002d8950e05b0, 143;
v000002d8950e05b0_144 .array/port v000002d8950e05b0, 144;
v000002d8950e05b0_145 .array/port v000002d8950e05b0, 145;
v000002d8950e05b0_146 .array/port v000002d8950e05b0, 146;
E_000002d894f38240/36 .event anyedge, v000002d8950e05b0_143, v000002d8950e05b0_144, v000002d8950e05b0_145, v000002d8950e05b0_146;
v000002d8950e05b0_147 .array/port v000002d8950e05b0, 147;
v000002d8950e05b0_148 .array/port v000002d8950e05b0, 148;
v000002d8950e05b0_149 .array/port v000002d8950e05b0, 149;
v000002d8950e05b0_150 .array/port v000002d8950e05b0, 150;
E_000002d894f38240/37 .event anyedge, v000002d8950e05b0_147, v000002d8950e05b0_148, v000002d8950e05b0_149, v000002d8950e05b0_150;
v000002d8950e05b0_151 .array/port v000002d8950e05b0, 151;
v000002d8950e05b0_152 .array/port v000002d8950e05b0, 152;
v000002d8950e05b0_153 .array/port v000002d8950e05b0, 153;
v000002d8950e05b0_154 .array/port v000002d8950e05b0, 154;
E_000002d894f38240/38 .event anyedge, v000002d8950e05b0_151, v000002d8950e05b0_152, v000002d8950e05b0_153, v000002d8950e05b0_154;
v000002d8950e05b0_155 .array/port v000002d8950e05b0, 155;
v000002d8950e05b0_156 .array/port v000002d8950e05b0, 156;
v000002d8950e05b0_157 .array/port v000002d8950e05b0, 157;
v000002d8950e05b0_158 .array/port v000002d8950e05b0, 158;
E_000002d894f38240/39 .event anyedge, v000002d8950e05b0_155, v000002d8950e05b0_156, v000002d8950e05b0_157, v000002d8950e05b0_158;
v000002d8950e05b0_159 .array/port v000002d8950e05b0, 159;
v000002d8950e05b0_160 .array/port v000002d8950e05b0, 160;
v000002d8950e05b0_161 .array/port v000002d8950e05b0, 161;
v000002d8950e05b0_162 .array/port v000002d8950e05b0, 162;
E_000002d894f38240/40 .event anyedge, v000002d8950e05b0_159, v000002d8950e05b0_160, v000002d8950e05b0_161, v000002d8950e05b0_162;
v000002d8950e05b0_163 .array/port v000002d8950e05b0, 163;
v000002d8950e05b0_164 .array/port v000002d8950e05b0, 164;
v000002d8950e05b0_165 .array/port v000002d8950e05b0, 165;
v000002d8950e05b0_166 .array/port v000002d8950e05b0, 166;
E_000002d894f38240/41 .event anyedge, v000002d8950e05b0_163, v000002d8950e05b0_164, v000002d8950e05b0_165, v000002d8950e05b0_166;
v000002d8950e05b0_167 .array/port v000002d8950e05b0, 167;
v000002d8950e05b0_168 .array/port v000002d8950e05b0, 168;
v000002d8950e05b0_169 .array/port v000002d8950e05b0, 169;
v000002d8950e05b0_170 .array/port v000002d8950e05b0, 170;
E_000002d894f38240/42 .event anyedge, v000002d8950e05b0_167, v000002d8950e05b0_168, v000002d8950e05b0_169, v000002d8950e05b0_170;
v000002d8950e05b0_171 .array/port v000002d8950e05b0, 171;
v000002d8950e05b0_172 .array/port v000002d8950e05b0, 172;
v000002d8950e05b0_173 .array/port v000002d8950e05b0, 173;
v000002d8950e05b0_174 .array/port v000002d8950e05b0, 174;
E_000002d894f38240/43 .event anyedge, v000002d8950e05b0_171, v000002d8950e05b0_172, v000002d8950e05b0_173, v000002d8950e05b0_174;
v000002d8950e05b0_175 .array/port v000002d8950e05b0, 175;
v000002d8950e05b0_176 .array/port v000002d8950e05b0, 176;
v000002d8950e05b0_177 .array/port v000002d8950e05b0, 177;
v000002d8950e05b0_178 .array/port v000002d8950e05b0, 178;
E_000002d894f38240/44 .event anyedge, v000002d8950e05b0_175, v000002d8950e05b0_176, v000002d8950e05b0_177, v000002d8950e05b0_178;
v000002d8950e05b0_179 .array/port v000002d8950e05b0, 179;
v000002d8950e05b0_180 .array/port v000002d8950e05b0, 180;
v000002d8950e05b0_181 .array/port v000002d8950e05b0, 181;
v000002d8950e05b0_182 .array/port v000002d8950e05b0, 182;
E_000002d894f38240/45 .event anyedge, v000002d8950e05b0_179, v000002d8950e05b0_180, v000002d8950e05b0_181, v000002d8950e05b0_182;
v000002d8950e05b0_183 .array/port v000002d8950e05b0, 183;
v000002d8950e05b0_184 .array/port v000002d8950e05b0, 184;
v000002d8950e05b0_185 .array/port v000002d8950e05b0, 185;
v000002d8950e05b0_186 .array/port v000002d8950e05b0, 186;
E_000002d894f38240/46 .event anyedge, v000002d8950e05b0_183, v000002d8950e05b0_184, v000002d8950e05b0_185, v000002d8950e05b0_186;
v000002d8950e05b0_187 .array/port v000002d8950e05b0, 187;
v000002d8950e05b0_188 .array/port v000002d8950e05b0, 188;
v000002d8950e05b0_189 .array/port v000002d8950e05b0, 189;
v000002d8950e05b0_190 .array/port v000002d8950e05b0, 190;
E_000002d894f38240/47 .event anyedge, v000002d8950e05b0_187, v000002d8950e05b0_188, v000002d8950e05b0_189, v000002d8950e05b0_190;
v000002d8950e05b0_191 .array/port v000002d8950e05b0, 191;
v000002d8950e05b0_192 .array/port v000002d8950e05b0, 192;
v000002d8950e05b0_193 .array/port v000002d8950e05b0, 193;
v000002d8950e05b0_194 .array/port v000002d8950e05b0, 194;
E_000002d894f38240/48 .event anyedge, v000002d8950e05b0_191, v000002d8950e05b0_192, v000002d8950e05b0_193, v000002d8950e05b0_194;
v000002d8950e05b0_195 .array/port v000002d8950e05b0, 195;
v000002d8950e05b0_196 .array/port v000002d8950e05b0, 196;
v000002d8950e05b0_197 .array/port v000002d8950e05b0, 197;
v000002d8950e05b0_198 .array/port v000002d8950e05b0, 198;
E_000002d894f38240/49 .event anyedge, v000002d8950e05b0_195, v000002d8950e05b0_196, v000002d8950e05b0_197, v000002d8950e05b0_198;
v000002d8950e05b0_199 .array/port v000002d8950e05b0, 199;
v000002d8950e05b0_200 .array/port v000002d8950e05b0, 200;
v000002d8950e05b0_201 .array/port v000002d8950e05b0, 201;
v000002d8950e05b0_202 .array/port v000002d8950e05b0, 202;
E_000002d894f38240/50 .event anyedge, v000002d8950e05b0_199, v000002d8950e05b0_200, v000002d8950e05b0_201, v000002d8950e05b0_202;
v000002d8950e05b0_203 .array/port v000002d8950e05b0, 203;
v000002d8950e05b0_204 .array/port v000002d8950e05b0, 204;
v000002d8950e05b0_205 .array/port v000002d8950e05b0, 205;
v000002d8950e05b0_206 .array/port v000002d8950e05b0, 206;
E_000002d894f38240/51 .event anyedge, v000002d8950e05b0_203, v000002d8950e05b0_204, v000002d8950e05b0_205, v000002d8950e05b0_206;
v000002d8950e05b0_207 .array/port v000002d8950e05b0, 207;
v000002d8950e05b0_208 .array/port v000002d8950e05b0, 208;
v000002d8950e05b0_209 .array/port v000002d8950e05b0, 209;
v000002d8950e05b0_210 .array/port v000002d8950e05b0, 210;
E_000002d894f38240/52 .event anyedge, v000002d8950e05b0_207, v000002d8950e05b0_208, v000002d8950e05b0_209, v000002d8950e05b0_210;
v000002d8950e05b0_211 .array/port v000002d8950e05b0, 211;
v000002d8950e05b0_212 .array/port v000002d8950e05b0, 212;
v000002d8950e05b0_213 .array/port v000002d8950e05b0, 213;
v000002d8950e05b0_214 .array/port v000002d8950e05b0, 214;
E_000002d894f38240/53 .event anyedge, v000002d8950e05b0_211, v000002d8950e05b0_212, v000002d8950e05b0_213, v000002d8950e05b0_214;
v000002d8950e05b0_215 .array/port v000002d8950e05b0, 215;
v000002d8950e05b0_216 .array/port v000002d8950e05b0, 216;
v000002d8950e05b0_217 .array/port v000002d8950e05b0, 217;
v000002d8950e05b0_218 .array/port v000002d8950e05b0, 218;
E_000002d894f38240/54 .event anyedge, v000002d8950e05b0_215, v000002d8950e05b0_216, v000002d8950e05b0_217, v000002d8950e05b0_218;
v000002d8950e05b0_219 .array/port v000002d8950e05b0, 219;
v000002d8950e05b0_220 .array/port v000002d8950e05b0, 220;
v000002d8950e05b0_221 .array/port v000002d8950e05b0, 221;
v000002d8950e05b0_222 .array/port v000002d8950e05b0, 222;
E_000002d894f38240/55 .event anyedge, v000002d8950e05b0_219, v000002d8950e05b0_220, v000002d8950e05b0_221, v000002d8950e05b0_222;
v000002d8950e05b0_223 .array/port v000002d8950e05b0, 223;
v000002d8950e05b0_224 .array/port v000002d8950e05b0, 224;
v000002d8950e05b0_225 .array/port v000002d8950e05b0, 225;
v000002d8950e05b0_226 .array/port v000002d8950e05b0, 226;
E_000002d894f38240/56 .event anyedge, v000002d8950e05b0_223, v000002d8950e05b0_224, v000002d8950e05b0_225, v000002d8950e05b0_226;
v000002d8950e05b0_227 .array/port v000002d8950e05b0, 227;
v000002d8950e05b0_228 .array/port v000002d8950e05b0, 228;
v000002d8950e05b0_229 .array/port v000002d8950e05b0, 229;
v000002d8950e05b0_230 .array/port v000002d8950e05b0, 230;
E_000002d894f38240/57 .event anyedge, v000002d8950e05b0_227, v000002d8950e05b0_228, v000002d8950e05b0_229, v000002d8950e05b0_230;
v000002d8950e05b0_231 .array/port v000002d8950e05b0, 231;
v000002d8950e05b0_232 .array/port v000002d8950e05b0, 232;
v000002d8950e05b0_233 .array/port v000002d8950e05b0, 233;
v000002d8950e05b0_234 .array/port v000002d8950e05b0, 234;
E_000002d894f38240/58 .event anyedge, v000002d8950e05b0_231, v000002d8950e05b0_232, v000002d8950e05b0_233, v000002d8950e05b0_234;
v000002d8950e05b0_235 .array/port v000002d8950e05b0, 235;
v000002d8950e05b0_236 .array/port v000002d8950e05b0, 236;
v000002d8950e05b0_237 .array/port v000002d8950e05b0, 237;
v000002d8950e05b0_238 .array/port v000002d8950e05b0, 238;
E_000002d894f38240/59 .event anyedge, v000002d8950e05b0_235, v000002d8950e05b0_236, v000002d8950e05b0_237, v000002d8950e05b0_238;
v000002d8950e05b0_239 .array/port v000002d8950e05b0, 239;
v000002d8950e05b0_240 .array/port v000002d8950e05b0, 240;
v000002d8950e05b0_241 .array/port v000002d8950e05b0, 241;
v000002d8950e05b0_242 .array/port v000002d8950e05b0, 242;
E_000002d894f38240/60 .event anyedge, v000002d8950e05b0_239, v000002d8950e05b0_240, v000002d8950e05b0_241, v000002d8950e05b0_242;
v000002d8950e05b0_243 .array/port v000002d8950e05b0, 243;
v000002d8950e05b0_244 .array/port v000002d8950e05b0, 244;
v000002d8950e05b0_245 .array/port v000002d8950e05b0, 245;
v000002d8950e05b0_246 .array/port v000002d8950e05b0, 246;
E_000002d894f38240/61 .event anyedge, v000002d8950e05b0_243, v000002d8950e05b0_244, v000002d8950e05b0_245, v000002d8950e05b0_246;
v000002d8950e05b0_247 .array/port v000002d8950e05b0, 247;
v000002d8950e05b0_248 .array/port v000002d8950e05b0, 248;
v000002d8950e05b0_249 .array/port v000002d8950e05b0, 249;
v000002d8950e05b0_250 .array/port v000002d8950e05b0, 250;
E_000002d894f38240/62 .event anyedge, v000002d8950e05b0_247, v000002d8950e05b0_248, v000002d8950e05b0_249, v000002d8950e05b0_250;
v000002d8950e05b0_251 .array/port v000002d8950e05b0, 251;
v000002d8950e05b0_252 .array/port v000002d8950e05b0, 252;
v000002d8950e05b0_253 .array/port v000002d8950e05b0, 253;
v000002d8950e05b0_254 .array/port v000002d8950e05b0, 254;
E_000002d894f38240/63 .event anyedge, v000002d8950e05b0_251, v000002d8950e05b0_252, v000002d8950e05b0_253, v000002d8950e05b0_254;
v000002d8950e05b0_255 .array/port v000002d8950e05b0, 255;
v000002d8950e05b0_256 .array/port v000002d8950e05b0, 256;
v000002d8950e05b0_257 .array/port v000002d8950e05b0, 257;
v000002d8950e05b0_258 .array/port v000002d8950e05b0, 258;
E_000002d894f38240/64 .event anyedge, v000002d8950e05b0_255, v000002d8950e05b0_256, v000002d8950e05b0_257, v000002d8950e05b0_258;
v000002d8950e05b0_259 .array/port v000002d8950e05b0, 259;
v000002d8950e05b0_260 .array/port v000002d8950e05b0, 260;
v000002d8950e05b0_261 .array/port v000002d8950e05b0, 261;
v000002d8950e05b0_262 .array/port v000002d8950e05b0, 262;
E_000002d894f38240/65 .event anyedge, v000002d8950e05b0_259, v000002d8950e05b0_260, v000002d8950e05b0_261, v000002d8950e05b0_262;
v000002d8950e05b0_263 .array/port v000002d8950e05b0, 263;
v000002d8950e05b0_264 .array/port v000002d8950e05b0, 264;
v000002d8950e05b0_265 .array/port v000002d8950e05b0, 265;
v000002d8950e05b0_266 .array/port v000002d8950e05b0, 266;
E_000002d894f38240/66 .event anyedge, v000002d8950e05b0_263, v000002d8950e05b0_264, v000002d8950e05b0_265, v000002d8950e05b0_266;
v000002d8950e05b0_267 .array/port v000002d8950e05b0, 267;
v000002d8950e05b0_268 .array/port v000002d8950e05b0, 268;
v000002d8950e05b0_269 .array/port v000002d8950e05b0, 269;
v000002d8950e05b0_270 .array/port v000002d8950e05b0, 270;
E_000002d894f38240/67 .event anyedge, v000002d8950e05b0_267, v000002d8950e05b0_268, v000002d8950e05b0_269, v000002d8950e05b0_270;
v000002d8950e05b0_271 .array/port v000002d8950e05b0, 271;
v000002d8950e05b0_272 .array/port v000002d8950e05b0, 272;
v000002d8950e05b0_273 .array/port v000002d8950e05b0, 273;
v000002d8950e05b0_274 .array/port v000002d8950e05b0, 274;
E_000002d894f38240/68 .event anyedge, v000002d8950e05b0_271, v000002d8950e05b0_272, v000002d8950e05b0_273, v000002d8950e05b0_274;
v000002d8950e05b0_275 .array/port v000002d8950e05b0, 275;
v000002d8950e05b0_276 .array/port v000002d8950e05b0, 276;
v000002d8950e05b0_277 .array/port v000002d8950e05b0, 277;
v000002d8950e05b0_278 .array/port v000002d8950e05b0, 278;
E_000002d894f38240/69 .event anyedge, v000002d8950e05b0_275, v000002d8950e05b0_276, v000002d8950e05b0_277, v000002d8950e05b0_278;
v000002d8950e05b0_279 .array/port v000002d8950e05b0, 279;
v000002d8950e05b0_280 .array/port v000002d8950e05b0, 280;
v000002d8950e05b0_281 .array/port v000002d8950e05b0, 281;
v000002d8950e05b0_282 .array/port v000002d8950e05b0, 282;
E_000002d894f38240/70 .event anyedge, v000002d8950e05b0_279, v000002d8950e05b0_280, v000002d8950e05b0_281, v000002d8950e05b0_282;
v000002d8950e05b0_283 .array/port v000002d8950e05b0, 283;
v000002d8950e05b0_284 .array/port v000002d8950e05b0, 284;
v000002d8950e05b0_285 .array/port v000002d8950e05b0, 285;
v000002d8950e05b0_286 .array/port v000002d8950e05b0, 286;
E_000002d894f38240/71 .event anyedge, v000002d8950e05b0_283, v000002d8950e05b0_284, v000002d8950e05b0_285, v000002d8950e05b0_286;
v000002d8950e05b0_287 .array/port v000002d8950e05b0, 287;
v000002d8950e05b0_288 .array/port v000002d8950e05b0, 288;
v000002d8950e05b0_289 .array/port v000002d8950e05b0, 289;
v000002d8950e05b0_290 .array/port v000002d8950e05b0, 290;
E_000002d894f38240/72 .event anyedge, v000002d8950e05b0_287, v000002d8950e05b0_288, v000002d8950e05b0_289, v000002d8950e05b0_290;
v000002d8950e05b0_291 .array/port v000002d8950e05b0, 291;
v000002d8950e05b0_292 .array/port v000002d8950e05b0, 292;
v000002d8950e05b0_293 .array/port v000002d8950e05b0, 293;
v000002d8950e05b0_294 .array/port v000002d8950e05b0, 294;
E_000002d894f38240/73 .event anyedge, v000002d8950e05b0_291, v000002d8950e05b0_292, v000002d8950e05b0_293, v000002d8950e05b0_294;
v000002d8950e05b0_295 .array/port v000002d8950e05b0, 295;
v000002d8950e05b0_296 .array/port v000002d8950e05b0, 296;
v000002d8950e05b0_297 .array/port v000002d8950e05b0, 297;
v000002d8950e05b0_298 .array/port v000002d8950e05b0, 298;
E_000002d894f38240/74 .event anyedge, v000002d8950e05b0_295, v000002d8950e05b0_296, v000002d8950e05b0_297, v000002d8950e05b0_298;
v000002d8950e05b0_299 .array/port v000002d8950e05b0, 299;
v000002d8950e05b0_300 .array/port v000002d8950e05b0, 300;
v000002d8950e05b0_301 .array/port v000002d8950e05b0, 301;
v000002d8950e05b0_302 .array/port v000002d8950e05b0, 302;
E_000002d894f38240/75 .event anyedge, v000002d8950e05b0_299, v000002d8950e05b0_300, v000002d8950e05b0_301, v000002d8950e05b0_302;
v000002d8950e05b0_303 .array/port v000002d8950e05b0, 303;
v000002d8950e05b0_304 .array/port v000002d8950e05b0, 304;
v000002d8950e05b0_305 .array/port v000002d8950e05b0, 305;
v000002d8950e05b0_306 .array/port v000002d8950e05b0, 306;
E_000002d894f38240/76 .event anyedge, v000002d8950e05b0_303, v000002d8950e05b0_304, v000002d8950e05b0_305, v000002d8950e05b0_306;
v000002d8950e05b0_307 .array/port v000002d8950e05b0, 307;
v000002d8950e05b0_308 .array/port v000002d8950e05b0, 308;
v000002d8950e05b0_309 .array/port v000002d8950e05b0, 309;
v000002d8950e05b0_310 .array/port v000002d8950e05b0, 310;
E_000002d894f38240/77 .event anyedge, v000002d8950e05b0_307, v000002d8950e05b0_308, v000002d8950e05b0_309, v000002d8950e05b0_310;
v000002d8950e05b0_311 .array/port v000002d8950e05b0, 311;
v000002d8950e05b0_312 .array/port v000002d8950e05b0, 312;
v000002d8950e05b0_313 .array/port v000002d8950e05b0, 313;
v000002d8950e05b0_314 .array/port v000002d8950e05b0, 314;
E_000002d894f38240/78 .event anyedge, v000002d8950e05b0_311, v000002d8950e05b0_312, v000002d8950e05b0_313, v000002d8950e05b0_314;
v000002d8950e05b0_315 .array/port v000002d8950e05b0, 315;
v000002d8950e05b0_316 .array/port v000002d8950e05b0, 316;
v000002d8950e05b0_317 .array/port v000002d8950e05b0, 317;
v000002d8950e05b0_318 .array/port v000002d8950e05b0, 318;
E_000002d894f38240/79 .event anyedge, v000002d8950e05b0_315, v000002d8950e05b0_316, v000002d8950e05b0_317, v000002d8950e05b0_318;
v000002d8950e05b0_319 .array/port v000002d8950e05b0, 319;
v000002d8950e05b0_320 .array/port v000002d8950e05b0, 320;
v000002d8950e05b0_321 .array/port v000002d8950e05b0, 321;
v000002d8950e05b0_322 .array/port v000002d8950e05b0, 322;
E_000002d894f38240/80 .event anyedge, v000002d8950e05b0_319, v000002d8950e05b0_320, v000002d8950e05b0_321, v000002d8950e05b0_322;
v000002d8950e05b0_323 .array/port v000002d8950e05b0, 323;
v000002d8950e05b0_324 .array/port v000002d8950e05b0, 324;
v000002d8950e05b0_325 .array/port v000002d8950e05b0, 325;
v000002d8950e05b0_326 .array/port v000002d8950e05b0, 326;
E_000002d894f38240/81 .event anyedge, v000002d8950e05b0_323, v000002d8950e05b0_324, v000002d8950e05b0_325, v000002d8950e05b0_326;
v000002d8950e05b0_327 .array/port v000002d8950e05b0, 327;
v000002d8950e05b0_328 .array/port v000002d8950e05b0, 328;
v000002d8950e05b0_329 .array/port v000002d8950e05b0, 329;
v000002d8950e05b0_330 .array/port v000002d8950e05b0, 330;
E_000002d894f38240/82 .event anyedge, v000002d8950e05b0_327, v000002d8950e05b0_328, v000002d8950e05b0_329, v000002d8950e05b0_330;
v000002d8950e05b0_331 .array/port v000002d8950e05b0, 331;
v000002d8950e05b0_332 .array/port v000002d8950e05b0, 332;
v000002d8950e05b0_333 .array/port v000002d8950e05b0, 333;
v000002d8950e05b0_334 .array/port v000002d8950e05b0, 334;
E_000002d894f38240/83 .event anyedge, v000002d8950e05b0_331, v000002d8950e05b0_332, v000002d8950e05b0_333, v000002d8950e05b0_334;
v000002d8950e05b0_335 .array/port v000002d8950e05b0, 335;
v000002d8950e05b0_336 .array/port v000002d8950e05b0, 336;
v000002d8950e05b0_337 .array/port v000002d8950e05b0, 337;
v000002d8950e05b0_338 .array/port v000002d8950e05b0, 338;
E_000002d894f38240/84 .event anyedge, v000002d8950e05b0_335, v000002d8950e05b0_336, v000002d8950e05b0_337, v000002d8950e05b0_338;
v000002d8950e05b0_339 .array/port v000002d8950e05b0, 339;
v000002d8950e05b0_340 .array/port v000002d8950e05b0, 340;
v000002d8950e05b0_341 .array/port v000002d8950e05b0, 341;
v000002d8950e05b0_342 .array/port v000002d8950e05b0, 342;
E_000002d894f38240/85 .event anyedge, v000002d8950e05b0_339, v000002d8950e05b0_340, v000002d8950e05b0_341, v000002d8950e05b0_342;
v000002d8950e05b0_343 .array/port v000002d8950e05b0, 343;
v000002d8950e05b0_344 .array/port v000002d8950e05b0, 344;
v000002d8950e05b0_345 .array/port v000002d8950e05b0, 345;
v000002d8950e05b0_346 .array/port v000002d8950e05b0, 346;
E_000002d894f38240/86 .event anyedge, v000002d8950e05b0_343, v000002d8950e05b0_344, v000002d8950e05b0_345, v000002d8950e05b0_346;
v000002d8950e05b0_347 .array/port v000002d8950e05b0, 347;
v000002d8950e05b0_348 .array/port v000002d8950e05b0, 348;
v000002d8950e05b0_349 .array/port v000002d8950e05b0, 349;
v000002d8950e05b0_350 .array/port v000002d8950e05b0, 350;
E_000002d894f38240/87 .event anyedge, v000002d8950e05b0_347, v000002d8950e05b0_348, v000002d8950e05b0_349, v000002d8950e05b0_350;
v000002d8950e05b0_351 .array/port v000002d8950e05b0, 351;
v000002d8950e05b0_352 .array/port v000002d8950e05b0, 352;
v000002d8950e05b0_353 .array/port v000002d8950e05b0, 353;
v000002d8950e05b0_354 .array/port v000002d8950e05b0, 354;
E_000002d894f38240/88 .event anyedge, v000002d8950e05b0_351, v000002d8950e05b0_352, v000002d8950e05b0_353, v000002d8950e05b0_354;
v000002d8950e05b0_355 .array/port v000002d8950e05b0, 355;
v000002d8950e05b0_356 .array/port v000002d8950e05b0, 356;
v000002d8950e05b0_357 .array/port v000002d8950e05b0, 357;
v000002d8950e05b0_358 .array/port v000002d8950e05b0, 358;
E_000002d894f38240/89 .event anyedge, v000002d8950e05b0_355, v000002d8950e05b0_356, v000002d8950e05b0_357, v000002d8950e05b0_358;
v000002d8950e05b0_359 .array/port v000002d8950e05b0, 359;
v000002d8950e05b0_360 .array/port v000002d8950e05b0, 360;
v000002d8950e05b0_361 .array/port v000002d8950e05b0, 361;
v000002d8950e05b0_362 .array/port v000002d8950e05b0, 362;
E_000002d894f38240/90 .event anyedge, v000002d8950e05b0_359, v000002d8950e05b0_360, v000002d8950e05b0_361, v000002d8950e05b0_362;
v000002d8950e05b0_363 .array/port v000002d8950e05b0, 363;
v000002d8950e05b0_364 .array/port v000002d8950e05b0, 364;
v000002d8950e05b0_365 .array/port v000002d8950e05b0, 365;
v000002d8950e05b0_366 .array/port v000002d8950e05b0, 366;
E_000002d894f38240/91 .event anyedge, v000002d8950e05b0_363, v000002d8950e05b0_364, v000002d8950e05b0_365, v000002d8950e05b0_366;
v000002d8950e05b0_367 .array/port v000002d8950e05b0, 367;
v000002d8950e05b0_368 .array/port v000002d8950e05b0, 368;
v000002d8950e05b0_369 .array/port v000002d8950e05b0, 369;
v000002d8950e05b0_370 .array/port v000002d8950e05b0, 370;
E_000002d894f38240/92 .event anyedge, v000002d8950e05b0_367, v000002d8950e05b0_368, v000002d8950e05b0_369, v000002d8950e05b0_370;
v000002d8950e05b0_371 .array/port v000002d8950e05b0, 371;
v000002d8950e05b0_372 .array/port v000002d8950e05b0, 372;
v000002d8950e05b0_373 .array/port v000002d8950e05b0, 373;
v000002d8950e05b0_374 .array/port v000002d8950e05b0, 374;
E_000002d894f38240/93 .event anyedge, v000002d8950e05b0_371, v000002d8950e05b0_372, v000002d8950e05b0_373, v000002d8950e05b0_374;
v000002d8950e05b0_375 .array/port v000002d8950e05b0, 375;
v000002d8950e05b0_376 .array/port v000002d8950e05b0, 376;
v000002d8950e05b0_377 .array/port v000002d8950e05b0, 377;
v000002d8950e05b0_378 .array/port v000002d8950e05b0, 378;
E_000002d894f38240/94 .event anyedge, v000002d8950e05b0_375, v000002d8950e05b0_376, v000002d8950e05b0_377, v000002d8950e05b0_378;
v000002d8950e05b0_379 .array/port v000002d8950e05b0, 379;
v000002d8950e05b0_380 .array/port v000002d8950e05b0, 380;
v000002d8950e05b0_381 .array/port v000002d8950e05b0, 381;
v000002d8950e05b0_382 .array/port v000002d8950e05b0, 382;
E_000002d894f38240/95 .event anyedge, v000002d8950e05b0_379, v000002d8950e05b0_380, v000002d8950e05b0_381, v000002d8950e05b0_382;
v000002d8950e05b0_383 .array/port v000002d8950e05b0, 383;
v000002d8950e05b0_384 .array/port v000002d8950e05b0, 384;
v000002d8950e05b0_385 .array/port v000002d8950e05b0, 385;
v000002d8950e05b0_386 .array/port v000002d8950e05b0, 386;
E_000002d894f38240/96 .event anyedge, v000002d8950e05b0_383, v000002d8950e05b0_384, v000002d8950e05b0_385, v000002d8950e05b0_386;
v000002d8950e05b0_387 .array/port v000002d8950e05b0, 387;
v000002d8950e05b0_388 .array/port v000002d8950e05b0, 388;
v000002d8950e05b0_389 .array/port v000002d8950e05b0, 389;
v000002d8950e05b0_390 .array/port v000002d8950e05b0, 390;
E_000002d894f38240/97 .event anyedge, v000002d8950e05b0_387, v000002d8950e05b0_388, v000002d8950e05b0_389, v000002d8950e05b0_390;
v000002d8950e05b0_391 .array/port v000002d8950e05b0, 391;
v000002d8950e05b0_392 .array/port v000002d8950e05b0, 392;
v000002d8950e05b0_393 .array/port v000002d8950e05b0, 393;
v000002d8950e05b0_394 .array/port v000002d8950e05b0, 394;
E_000002d894f38240/98 .event anyedge, v000002d8950e05b0_391, v000002d8950e05b0_392, v000002d8950e05b0_393, v000002d8950e05b0_394;
v000002d8950e05b0_395 .array/port v000002d8950e05b0, 395;
v000002d8950e05b0_396 .array/port v000002d8950e05b0, 396;
v000002d8950e05b0_397 .array/port v000002d8950e05b0, 397;
v000002d8950e05b0_398 .array/port v000002d8950e05b0, 398;
E_000002d894f38240/99 .event anyedge, v000002d8950e05b0_395, v000002d8950e05b0_396, v000002d8950e05b0_397, v000002d8950e05b0_398;
v000002d8950e05b0_399 .array/port v000002d8950e05b0, 399;
v000002d8950e05b0_400 .array/port v000002d8950e05b0, 400;
v000002d8950e05b0_401 .array/port v000002d8950e05b0, 401;
v000002d8950e05b0_402 .array/port v000002d8950e05b0, 402;
E_000002d894f38240/100 .event anyedge, v000002d8950e05b0_399, v000002d8950e05b0_400, v000002d8950e05b0_401, v000002d8950e05b0_402;
v000002d8950e05b0_403 .array/port v000002d8950e05b0, 403;
v000002d8950e05b0_404 .array/port v000002d8950e05b0, 404;
v000002d8950e05b0_405 .array/port v000002d8950e05b0, 405;
v000002d8950e05b0_406 .array/port v000002d8950e05b0, 406;
E_000002d894f38240/101 .event anyedge, v000002d8950e05b0_403, v000002d8950e05b0_404, v000002d8950e05b0_405, v000002d8950e05b0_406;
v000002d8950e05b0_407 .array/port v000002d8950e05b0, 407;
v000002d8950e05b0_408 .array/port v000002d8950e05b0, 408;
v000002d8950e05b0_409 .array/port v000002d8950e05b0, 409;
v000002d8950e05b0_410 .array/port v000002d8950e05b0, 410;
E_000002d894f38240/102 .event anyedge, v000002d8950e05b0_407, v000002d8950e05b0_408, v000002d8950e05b0_409, v000002d8950e05b0_410;
v000002d8950e05b0_411 .array/port v000002d8950e05b0, 411;
v000002d8950e05b0_412 .array/port v000002d8950e05b0, 412;
v000002d8950e05b0_413 .array/port v000002d8950e05b0, 413;
v000002d8950e05b0_414 .array/port v000002d8950e05b0, 414;
E_000002d894f38240/103 .event anyedge, v000002d8950e05b0_411, v000002d8950e05b0_412, v000002d8950e05b0_413, v000002d8950e05b0_414;
v000002d8950e05b0_415 .array/port v000002d8950e05b0, 415;
v000002d8950e05b0_416 .array/port v000002d8950e05b0, 416;
v000002d8950e05b0_417 .array/port v000002d8950e05b0, 417;
v000002d8950e05b0_418 .array/port v000002d8950e05b0, 418;
E_000002d894f38240/104 .event anyedge, v000002d8950e05b0_415, v000002d8950e05b0_416, v000002d8950e05b0_417, v000002d8950e05b0_418;
v000002d8950e05b0_419 .array/port v000002d8950e05b0, 419;
v000002d8950e05b0_420 .array/port v000002d8950e05b0, 420;
v000002d8950e05b0_421 .array/port v000002d8950e05b0, 421;
v000002d8950e05b0_422 .array/port v000002d8950e05b0, 422;
E_000002d894f38240/105 .event anyedge, v000002d8950e05b0_419, v000002d8950e05b0_420, v000002d8950e05b0_421, v000002d8950e05b0_422;
v000002d8950e05b0_423 .array/port v000002d8950e05b0, 423;
v000002d8950e05b0_424 .array/port v000002d8950e05b0, 424;
v000002d8950e05b0_425 .array/port v000002d8950e05b0, 425;
v000002d8950e05b0_426 .array/port v000002d8950e05b0, 426;
E_000002d894f38240/106 .event anyedge, v000002d8950e05b0_423, v000002d8950e05b0_424, v000002d8950e05b0_425, v000002d8950e05b0_426;
v000002d8950e05b0_427 .array/port v000002d8950e05b0, 427;
v000002d8950e05b0_428 .array/port v000002d8950e05b0, 428;
v000002d8950e05b0_429 .array/port v000002d8950e05b0, 429;
v000002d8950e05b0_430 .array/port v000002d8950e05b0, 430;
E_000002d894f38240/107 .event anyedge, v000002d8950e05b0_427, v000002d8950e05b0_428, v000002d8950e05b0_429, v000002d8950e05b0_430;
v000002d8950e05b0_431 .array/port v000002d8950e05b0, 431;
v000002d8950e05b0_432 .array/port v000002d8950e05b0, 432;
v000002d8950e05b0_433 .array/port v000002d8950e05b0, 433;
v000002d8950e05b0_434 .array/port v000002d8950e05b0, 434;
E_000002d894f38240/108 .event anyedge, v000002d8950e05b0_431, v000002d8950e05b0_432, v000002d8950e05b0_433, v000002d8950e05b0_434;
v000002d8950e05b0_435 .array/port v000002d8950e05b0, 435;
v000002d8950e05b0_436 .array/port v000002d8950e05b0, 436;
v000002d8950e05b0_437 .array/port v000002d8950e05b0, 437;
v000002d8950e05b0_438 .array/port v000002d8950e05b0, 438;
E_000002d894f38240/109 .event anyedge, v000002d8950e05b0_435, v000002d8950e05b0_436, v000002d8950e05b0_437, v000002d8950e05b0_438;
v000002d8950e05b0_439 .array/port v000002d8950e05b0, 439;
v000002d8950e05b0_440 .array/port v000002d8950e05b0, 440;
v000002d8950e05b0_441 .array/port v000002d8950e05b0, 441;
v000002d8950e05b0_442 .array/port v000002d8950e05b0, 442;
E_000002d894f38240/110 .event anyedge, v000002d8950e05b0_439, v000002d8950e05b0_440, v000002d8950e05b0_441, v000002d8950e05b0_442;
v000002d8950e05b0_443 .array/port v000002d8950e05b0, 443;
v000002d8950e05b0_444 .array/port v000002d8950e05b0, 444;
v000002d8950e05b0_445 .array/port v000002d8950e05b0, 445;
v000002d8950e05b0_446 .array/port v000002d8950e05b0, 446;
E_000002d894f38240/111 .event anyedge, v000002d8950e05b0_443, v000002d8950e05b0_444, v000002d8950e05b0_445, v000002d8950e05b0_446;
v000002d8950e05b0_447 .array/port v000002d8950e05b0, 447;
v000002d8950e05b0_448 .array/port v000002d8950e05b0, 448;
v000002d8950e05b0_449 .array/port v000002d8950e05b0, 449;
v000002d8950e05b0_450 .array/port v000002d8950e05b0, 450;
E_000002d894f38240/112 .event anyedge, v000002d8950e05b0_447, v000002d8950e05b0_448, v000002d8950e05b0_449, v000002d8950e05b0_450;
v000002d8950e05b0_451 .array/port v000002d8950e05b0, 451;
v000002d8950e05b0_452 .array/port v000002d8950e05b0, 452;
v000002d8950e05b0_453 .array/port v000002d8950e05b0, 453;
v000002d8950e05b0_454 .array/port v000002d8950e05b0, 454;
E_000002d894f38240/113 .event anyedge, v000002d8950e05b0_451, v000002d8950e05b0_452, v000002d8950e05b0_453, v000002d8950e05b0_454;
v000002d8950e05b0_455 .array/port v000002d8950e05b0, 455;
v000002d8950e05b0_456 .array/port v000002d8950e05b0, 456;
v000002d8950e05b0_457 .array/port v000002d8950e05b0, 457;
v000002d8950e05b0_458 .array/port v000002d8950e05b0, 458;
E_000002d894f38240/114 .event anyedge, v000002d8950e05b0_455, v000002d8950e05b0_456, v000002d8950e05b0_457, v000002d8950e05b0_458;
v000002d8950e05b0_459 .array/port v000002d8950e05b0, 459;
v000002d8950e05b0_460 .array/port v000002d8950e05b0, 460;
v000002d8950e05b0_461 .array/port v000002d8950e05b0, 461;
v000002d8950e05b0_462 .array/port v000002d8950e05b0, 462;
E_000002d894f38240/115 .event anyedge, v000002d8950e05b0_459, v000002d8950e05b0_460, v000002d8950e05b0_461, v000002d8950e05b0_462;
v000002d8950e05b0_463 .array/port v000002d8950e05b0, 463;
v000002d8950e05b0_464 .array/port v000002d8950e05b0, 464;
v000002d8950e05b0_465 .array/port v000002d8950e05b0, 465;
v000002d8950e05b0_466 .array/port v000002d8950e05b0, 466;
E_000002d894f38240/116 .event anyedge, v000002d8950e05b0_463, v000002d8950e05b0_464, v000002d8950e05b0_465, v000002d8950e05b0_466;
v000002d8950e05b0_467 .array/port v000002d8950e05b0, 467;
v000002d8950e05b0_468 .array/port v000002d8950e05b0, 468;
v000002d8950e05b0_469 .array/port v000002d8950e05b0, 469;
v000002d8950e05b0_470 .array/port v000002d8950e05b0, 470;
E_000002d894f38240/117 .event anyedge, v000002d8950e05b0_467, v000002d8950e05b0_468, v000002d8950e05b0_469, v000002d8950e05b0_470;
v000002d8950e05b0_471 .array/port v000002d8950e05b0, 471;
v000002d8950e05b0_472 .array/port v000002d8950e05b0, 472;
v000002d8950e05b0_473 .array/port v000002d8950e05b0, 473;
v000002d8950e05b0_474 .array/port v000002d8950e05b0, 474;
E_000002d894f38240/118 .event anyedge, v000002d8950e05b0_471, v000002d8950e05b0_472, v000002d8950e05b0_473, v000002d8950e05b0_474;
v000002d8950e05b0_475 .array/port v000002d8950e05b0, 475;
v000002d8950e05b0_476 .array/port v000002d8950e05b0, 476;
v000002d8950e05b0_477 .array/port v000002d8950e05b0, 477;
v000002d8950e05b0_478 .array/port v000002d8950e05b0, 478;
E_000002d894f38240/119 .event anyedge, v000002d8950e05b0_475, v000002d8950e05b0_476, v000002d8950e05b0_477, v000002d8950e05b0_478;
v000002d8950e05b0_479 .array/port v000002d8950e05b0, 479;
v000002d8950e05b0_480 .array/port v000002d8950e05b0, 480;
v000002d8950e05b0_481 .array/port v000002d8950e05b0, 481;
v000002d8950e05b0_482 .array/port v000002d8950e05b0, 482;
E_000002d894f38240/120 .event anyedge, v000002d8950e05b0_479, v000002d8950e05b0_480, v000002d8950e05b0_481, v000002d8950e05b0_482;
v000002d8950e05b0_483 .array/port v000002d8950e05b0, 483;
v000002d8950e05b0_484 .array/port v000002d8950e05b0, 484;
v000002d8950e05b0_485 .array/port v000002d8950e05b0, 485;
v000002d8950e05b0_486 .array/port v000002d8950e05b0, 486;
E_000002d894f38240/121 .event anyedge, v000002d8950e05b0_483, v000002d8950e05b0_484, v000002d8950e05b0_485, v000002d8950e05b0_486;
v000002d8950e05b0_487 .array/port v000002d8950e05b0, 487;
v000002d8950e05b0_488 .array/port v000002d8950e05b0, 488;
v000002d8950e05b0_489 .array/port v000002d8950e05b0, 489;
v000002d8950e05b0_490 .array/port v000002d8950e05b0, 490;
E_000002d894f38240/122 .event anyedge, v000002d8950e05b0_487, v000002d8950e05b0_488, v000002d8950e05b0_489, v000002d8950e05b0_490;
v000002d8950e05b0_491 .array/port v000002d8950e05b0, 491;
v000002d8950e05b0_492 .array/port v000002d8950e05b0, 492;
v000002d8950e05b0_493 .array/port v000002d8950e05b0, 493;
v000002d8950e05b0_494 .array/port v000002d8950e05b0, 494;
E_000002d894f38240/123 .event anyedge, v000002d8950e05b0_491, v000002d8950e05b0_492, v000002d8950e05b0_493, v000002d8950e05b0_494;
v000002d8950e05b0_495 .array/port v000002d8950e05b0, 495;
v000002d8950e05b0_496 .array/port v000002d8950e05b0, 496;
v000002d8950e05b0_497 .array/port v000002d8950e05b0, 497;
v000002d8950e05b0_498 .array/port v000002d8950e05b0, 498;
E_000002d894f38240/124 .event anyedge, v000002d8950e05b0_495, v000002d8950e05b0_496, v000002d8950e05b0_497, v000002d8950e05b0_498;
v000002d8950e05b0_499 .array/port v000002d8950e05b0, 499;
v000002d8950e05b0_500 .array/port v000002d8950e05b0, 500;
v000002d8950e05b0_501 .array/port v000002d8950e05b0, 501;
v000002d8950e05b0_502 .array/port v000002d8950e05b0, 502;
E_000002d894f38240/125 .event anyedge, v000002d8950e05b0_499, v000002d8950e05b0_500, v000002d8950e05b0_501, v000002d8950e05b0_502;
v000002d8950e05b0_503 .array/port v000002d8950e05b0, 503;
v000002d8950e05b0_504 .array/port v000002d8950e05b0, 504;
v000002d8950e05b0_505 .array/port v000002d8950e05b0, 505;
v000002d8950e05b0_506 .array/port v000002d8950e05b0, 506;
E_000002d894f38240/126 .event anyedge, v000002d8950e05b0_503, v000002d8950e05b0_504, v000002d8950e05b0_505, v000002d8950e05b0_506;
v000002d8950e05b0_507 .array/port v000002d8950e05b0, 507;
v000002d8950e05b0_508 .array/port v000002d8950e05b0, 508;
v000002d8950e05b0_509 .array/port v000002d8950e05b0, 509;
v000002d8950e05b0_510 .array/port v000002d8950e05b0, 510;
E_000002d894f38240/127 .event anyedge, v000002d8950e05b0_507, v000002d8950e05b0_508, v000002d8950e05b0_509, v000002d8950e05b0_510;
v000002d8950e05b0_511 .array/port v000002d8950e05b0, 511;
E_000002d894f38240/128 .event anyedge, v000002d8950e05b0_511;
E_000002d894f38240 .event/or E_000002d894f38240/0, E_000002d894f38240/1, E_000002d894f38240/2, E_000002d894f38240/3, E_000002d894f38240/4, E_000002d894f38240/5, E_000002d894f38240/6, E_000002d894f38240/7, E_000002d894f38240/8, E_000002d894f38240/9, E_000002d894f38240/10, E_000002d894f38240/11, E_000002d894f38240/12, E_000002d894f38240/13, E_000002d894f38240/14, E_000002d894f38240/15, E_000002d894f38240/16, E_000002d894f38240/17, E_000002d894f38240/18, E_000002d894f38240/19, E_000002d894f38240/20, E_000002d894f38240/21, E_000002d894f38240/22, E_000002d894f38240/23, E_000002d894f38240/24, E_000002d894f38240/25, E_000002d894f38240/26, E_000002d894f38240/27, E_000002d894f38240/28, E_000002d894f38240/29, E_000002d894f38240/30, E_000002d894f38240/31, E_000002d894f38240/32, E_000002d894f38240/33, E_000002d894f38240/34, E_000002d894f38240/35, E_000002d894f38240/36, E_000002d894f38240/37, E_000002d894f38240/38, E_000002d894f38240/39, E_000002d894f38240/40, E_000002d894f38240/41, E_000002d894f38240/42, E_000002d894f38240/43, E_000002d894f38240/44, E_000002d894f38240/45, E_000002d894f38240/46, E_000002d894f38240/47, E_000002d894f38240/48, E_000002d894f38240/49, E_000002d894f38240/50, E_000002d894f38240/51, E_000002d894f38240/52, E_000002d894f38240/53, E_000002d894f38240/54, E_000002d894f38240/55, E_000002d894f38240/56, E_000002d894f38240/57, E_000002d894f38240/58, E_000002d894f38240/59, E_000002d894f38240/60, E_000002d894f38240/61, E_000002d894f38240/62, E_000002d894f38240/63, E_000002d894f38240/64, E_000002d894f38240/65, E_000002d894f38240/66, E_000002d894f38240/67, E_000002d894f38240/68, E_000002d894f38240/69, E_000002d894f38240/70, E_000002d894f38240/71, E_000002d894f38240/72, E_000002d894f38240/73, E_000002d894f38240/74, E_000002d894f38240/75, E_000002d894f38240/76, E_000002d894f38240/77, E_000002d894f38240/78, E_000002d894f38240/79, E_000002d894f38240/80, E_000002d894f38240/81, E_000002d894f38240/82, E_000002d894f38240/83, E_000002d894f38240/84, E_000002d894f38240/85, E_000002d894f38240/86, E_000002d894f38240/87, E_000002d894f38240/88, E_000002d894f38240/89, E_000002d894f38240/90, E_000002d894f38240/91, E_000002d894f38240/92, E_000002d894f38240/93, E_000002d894f38240/94, E_000002d894f38240/95, E_000002d894f38240/96, E_000002d894f38240/97, E_000002d894f38240/98, E_000002d894f38240/99, E_000002d894f38240/100, E_000002d894f38240/101, E_000002d894f38240/102, E_000002d894f38240/103, E_000002d894f38240/104, E_000002d894f38240/105, E_000002d894f38240/106, E_000002d894f38240/107, E_000002d894f38240/108, E_000002d894f38240/109, E_000002d894f38240/110, E_000002d894f38240/111, E_000002d894f38240/112, E_000002d894f38240/113, E_000002d894f38240/114, E_000002d894f38240/115, E_000002d894f38240/116, E_000002d894f38240/117, E_000002d894f38240/118, E_000002d894f38240/119, E_000002d894f38240/120, E_000002d894f38240/121, E_000002d894f38240/122, E_000002d894f38240/123, E_000002d894f38240/124, E_000002d894f38240/125, E_000002d894f38240/126, E_000002d894f38240/127, E_000002d894f38240/128;
    .scope S_000002d8950c49c0;
T_0 ;
    %wait E_000002d894f38240;
    %load/vec4 v000002d8950a2ed0_0;
    %pad/u 32;
    %addi 3, 0, 32;
    %ix/vec4 4;
    %load/vec4a v000002d8950e05b0, 4;
    %load/vec4 v000002d8950a2ed0_0;
    %pad/u 32;
    %addi 2, 0, 32;
    %ix/vec4 4;
    %load/vec4a v000002d8950e05b0, 4;
    %concat/vec4; draw_concat_vec4
    %load/vec4 v000002d8950a2ed0_0;
    %pad/u 32;
    %addi 1, 0, 32;
    %ix/vec4 4;
    %load/vec4a v000002d8950e05b0, 4;
    %concat/vec4; draw_concat_vec4
    %load/vec4 v000002d8950a2ed0_0;
    %pad/u 11;
    %ix/vec4 4;
    %load/vec4a v000002d8950e05b0, 4;
    %concat/vec4; draw_concat_vec4
    %assign/vec4 v000002d8950c4b50_0, 0;
    %jmp T_0;
    .thread T_0, $push;
# The file index is used to find the file name in the following table.
:file_names 3;
    "N/A";
    "<interactive>";
    "ROM.v";
